2023-08-11 15:04:08.375 [info] Log level: Info
2023-08-11 15:04:08.375 [info] Validating found git in: "git"
2023-08-11 15:04:08.375 [info] Using git "2.37.2" from "git"
2023-08-11 15:04:18.855 [info] Log level: Info
2023-08-11 15:04:18.855 [info] Validating found git in: "git"
2023-08-11 15:04:18.855 [info] Using git "2.37.2" from "git"
2023-08-11 15:04:18.855 [info] > git rev-parse --show-toplevel [3ms]
2023-08-11 15:04:18.856 [info] > git rev-parse --git-dir --git-common-dir [1ms]
2023-08-11 15:04:18.861 [info] Open repository: /home/limhs/vscode_todo
2023-08-11 15:04:18.868 [info] > git rev-parse --show-toplevel [4ms]
2023-08-11 15:04:18.872 [info] > git rev-parse --show-toplevel [1ms]
2023-08-11 15:04:18.875 [info] > git config --get commit.template [7ms]
2023-08-11 15:04:18.877 [info] > git rev-parse --show-toplevel [2ms]
2023-08-11 15:04:18.883 [info] > git for-each-ref --format=%(refname)%00%(upstream:short)%00%(objectname)%00%(upstream:track)%00%(upstream:remotename)%00%(upstream:remoteref) refs/heads/main refs/remotes/main [1ms]
2023-08-11 15:04:18.886 [info] > git rev-parse --show-toplevel [7ms]
2023-08-11 15:04:18.889 [info] > git rev-parse --show-toplevel [0ms]
2023-08-11 15:04:18.892 [info] > git status -z -uall [6ms]
2023-08-11 15:04:18.900 [info] > git rev-parse --show-toplevel [9ms]
2023-08-11 15:04:18.903 [info] > git config --get commit.template [3ms]
2023-08-11 15:04:18.905 [info] > git rev-parse --show-toplevel [3ms]
2023-08-11 15:04:18.912 [info] > git rev-parse --show-toplevel [4ms]
2023-08-11 15:04:18.915 [info] > git for-each-ref --format=%(refname)%00%(upstream:short)%00%(objectname)%00%(upstream:track)%00%(upstream:remotename)%00%(upstream:remoteref) refs/heads/main refs/remotes/main [3ms]
2023-08-11 15:04:18.918 [info] > git rev-parse --show-toplevel [2ms]
2023-08-11 15:04:18.920 [info] > git status -z -uall [3ms]
2023-08-11 15:04:18.920 [info] > git rev-parse --show-toplevel [0ms]
2023-08-11 15:04:18.925 [info] > git rev-parse --show-toplevel [2ms]
2023-08-11 15:04:18.930 [info] > git rev-parse --show-toplevel [2ms]
2023-08-11 15:04:18.933 [info] > git rev-parse --show-toplevel [0ms]
2023-08-11 15:04:18.936 [info] > git rev-parse --show-toplevel [0ms]
2023-08-11 15:04:18.941 [info] > git rev-parse --show-toplevel [2ms]
2023-08-11 15:04:18.944 [info] > git rev-parse --show-toplevel [1ms]
2023-08-11 15:04:18.947 [info] > git rev-parse --show-toplevel [1ms]
2023-08-11 15:04:18.951 [info] > git rev-parse --show-toplevel [0ms]
2023-08-11 15:04:19.381 [info] > git check-ignore -v -z --stdin [1ms]
2023-08-11 15:04:21.494 [info] > git show --textconv :server.js [6ms]
2023-08-11 15:04:21.496 [info] > git ls-files --stage -- /home/limhs/vscode_todo/server.js [2ms]
2023-08-11 15:04:21.502 [info] > git cat-file -s 0dfbd41a47ad286fbab1c6f27ad883b0f89f104a [1ms]
2023-08-11 15:04:23.017 [info] > git config --get commit.template [29ms]
2023-08-11 15:04:23.018 [info] > git for-each-ref --format=%(refname)%00%(upstream:short)%00%(objectname)%00%(upstream:track)%00%(upstream:remotename)%00%(upstream:remoteref) refs/heads/main refs/remotes/main [11ms]
2023-08-11 15:04:23.046 [info] > git status -z -uall [21ms]
2023-08-11 15:04:24.149 [info] > git check-ignore -v -z --stdin [0ms]
2023-08-11 15:04:36.279 [info] > git config --get commit.template [1ms]
2023-08-11 15:04:36.284 [info] > git for-each-ref --format=%(refname)%00%(upstream:short)%00%(objectname)%00%(upstream:track)%00%(upstream:remotename)%00%(upstream:remoteref) refs/heads/main refs/remotes/main [1ms]
2023-08-11 15:04:36.292 [info] > git status -z -uall [4ms]
