2023-08-11 17:10:51.967 [info] Extension host with pid 27393 started
2023-08-11 17:10:51.967 [info] Skipping acquiring lock for /home/limhs/vscode_todo/User/workspaceStorage/6a01f42f61fba60acdf74638b3df3be2.
2023-08-11 17:10:52.066 [info] ExtensionService#_doActivateExtension vscode.emmet, startup: false, activationEvent: 'onLanguage'
2023-08-11 17:10:52.072 [info] ExtensionService#_doActivateExtension vscode.typescript-language-features, startup: false, activationEvent: 'onLanguage:javascript'
2023-08-11 17:10:52.204 [info] ExtensionService#_doActivateExtension vscode.git-base, startup: true, activationEvent: '*', root cause: vscode.git
2023-08-11 17:10:52.206 [info] ExtensionService#_doActivateExtension vscode.npm, startup: true, activationEvent: 'workspaceContains:package.json'
2023-08-11 17:10:52.426 [info] ExtensionService#_doActivateExtension vscode.git, startup: true, activationEvent: '*'
2023-08-11 17:10:52.441 [info] ExtensionService#_doActivateExtension vscode.github, startup: true, activationEvent: '*'
2023-08-11 17:10:53.224 [warning] [Decorations] CAPPING events from decorations provider vscode.git 1551
2023-08-11 17:10:53.487 [info] Eager extensions activated
2023-08-11 17:10:53.580 [warning] [Decorations] CAPPING events from decorations provider vscode.git 1551
2023-08-11 17:10:53.621 [info] ExtensionService#_doActivateExtension vscode.debug-auto-launch, startup: false, activationEvent: 'onStartupFinished'
2023-08-11 17:10:53.623 [info] ExtensionService#_doActivateExtension vscode.merge-conflict, startup: false, activationEvent: 'onStartupFinished'
2023-08-11 17:10:54.302 [info] ExtensionService#_doActivateExtension vscode.github-authentication, startup: false, activationEvent: 'onAuthenticationRequest:github'
2023-08-11 17:10:54.347 [info] ExtensionService#_doActivateExtension vscode.microsoft-authentication, startup: false, activationEvent: 'onAuthenticationRequest:microsoft'
2023-08-11 17:10:56.193 [warning] [Decorations] CAPPING events from decorations provider vscode.git 1555
2023-08-11 17:10:56.951 [info] ExtensionService#_doActivateExtension vscode.debug-server-ready, startup: false, activationEvent: 'onDebugResolve'
2023-08-11 17:10:56.952 [info] ExtensionService#_doActivateExtension ms-vscode.js-debug, startup: false, activationEvent: 'onDebugResolve:node'
2023-08-11 17:11:01.400 [warning] [Decorations] CAPPING events from decorations provider vscode.git 1556
2023-08-11 17:11:21.533 [warning] [Decorations] CAPPING events from decorations provider vscode.git 1556
2023-08-11 17:11:26.561 [warning] [Decorations] CAPPING events from decorations provider vscode.git 1556
2023-08-11 17:11:34.234 [warning] [Decorations] CAPPING events from decorations provider vscode.git 1556
2023-08-11 17:11:39.261 [warning] [Decorations] CAPPING events from decorations provider vscode.git 1556
2023-08-11 17:11:44.286 [warning] [Decorations] CAPPING events from decorations provider vscode.git 1556
2023-08-11 17:11:49.315 [warning] [Decorations] CAPPING events from decorations provider vscode.git 1556
2023-08-11 17:11:55.580 [warning] [Decorations] CAPPING events from decorations provider vscode.git 1556
2023-08-11 17:12:00.605 [warning] [Decorations] CAPPING events from decorations provider vscode.git 1556
2023-08-11 17:12:05.633 [warning] [Decorations] CAPPING events from decorations provider vscode.git 1557
2023-08-11 17:12:10.662 [warning] [Decorations] CAPPING events from decorations provider vscode.git 1557
2023-08-11 17:12:10.819 [info] Extension host terminating: renderer closed the MessagePort
2023-08-11 17:12:10.827 [error] Canceled: Canceled
	at new h (/usr/share/code/resources/app/out/vs/workbench/api/node/extensionHostProcess.js:99:42413)
	at t.O (/usr/share/code/resources/app/out/vs/workbench/api/node/extensionHostProcess.js:111:11236)
	at U.<computed>.q.charCodeAt.U.<computed> (/usr/share/code/resources/app/out/vs/workbench/api/node/extensionHostProcess.js:111:8675)
	at e.$vL.g (/usr/share/code/resources/app/out/vs/workbench/api/node/extensionHostProcess.js:99:63549)
	at e.$vL.executeCommand (/usr/share/code/resources/app/out/vs/workbench/api/node/extensionHostProcess.js:99:62973)
	at P.registerCommand.description (/usr/share/code/resources/app/out/vs/workbench/api/node/extensionHostProcess.js:99:62280)
	at e.$vL.h (/usr/share/code/resources/app/out/vs/workbench/api/node/extensionHostProcess.js:99:64085)
	at e.$vL.g (/usr/share/code/resources/app/out/vs/workbench/api/node/extensionHostProcess.js:99:63073)
	at e.$vL.executeCommand (/usr/share/code/resources/app/out/vs/workbench/api/node/extensionHostProcess.js:99:62973)
	at Object.executeCommand (/usr/share/code/resources/app/out/vs/workbench/api/node/extensionHostProcess.js:117:20971)
	at i.D [as value] (/usr/share/code/resources/app/extensions/git/dist/main.js:2:1260424)
	at p.w (/usr/share/code/resources/app/out/vs/workbench/api/node/extensionHostProcess.js:60:1902)
	at p.x (/usr/share/code/resources/app/out/vs/workbench/api/node/extensionHostProcess.js:60:1972)
	at p.fire (/usr/share/code/resources/app/out/vs/workbench/api/node/extensionHostProcess.js:60:2188)
	at Object.m [as dispose] (/usr/share/code/resources/app/extensions/git/dist/main.js:2:1275972)
	at /usr/share/code/resources/app/extensions/git/dist/main.js:2:1280539
	at Array.forEach (<anonymous>)
	at g.dispose (/usr/share/code/resources/app/extensions/git/dist/main.js:2:1280525)
	at o.<anonymous> (/usr/share/code/resources/app/out/vs/workbench/api/node/extensionHostProcess.js:95:4162)
	at o.dispose (/usr/share/code/resources/app/out/vs/workbench/api/node/extensionHostProcess.js:95:4297)
	at o.<anonymous> (/usr/share/code/resources/app/extensions/git/dist/main.js:2:1262437)
	at o.dispose (/usr/share/code/resources/app/out/vs/workbench/api/node/extensionHostProcess.js:95:4297)
	at S (/usr/share/code/resources/app/out/vs/workbench/api/node/extensionHostProcess.js:10:11731)
	at i.Z (/usr/share/code/resources/app/out/vs/workbench/api/node/extensionHostProcess.js:113:10370)
	at /usr/share/code/resources/app/out/vs/workbench/api/node/extensionHostProcess.js:113:8332
	at Array.map (<anonymous>)
	at i.S (/usr/share/code/resources/app/out/vs/workbench/api/node/extensionHostProcess.js:113:8319)
	at i.terminate (/usr/share/code/resources/app/out/vs/workbench/api/node/extensionHostProcess.js:113:8591)
	at u.terminate (/usr/share/code/resources/app/out/vs/workbench/api/node/extensionHostProcess.js:117:1532)
	at E (/usr/share/code/resources/app/out/vs/workbench/api/node/extensionHostProcess.js:127:32236)
	at MessagePortMain.<anonymous> (/usr/share/code/resources/app/out/vs/workbench/api/node/extensionHostProcess.js:127:28665)
	at MessagePortMain.emit (node:events:513:28)
	at MessagePortMain._internalPort.emit (node:electron/js2c/utility_init:2:367) setContext undefined
2023-08-11 17:12:10.829 [error] Canceled: Canceled
	at new h (/usr/share/code/resources/app/out/vs/workbench/api/node/extensionHostProcess.js:99:42413)
	at t.O (/usr/share/code/resources/app/out/vs/workbench/api/node/extensionHostProcess.js:111:11236)
	at U.<computed>.q.charCodeAt.U.<computed> (/usr/share/code/resources/app/out/vs/workbench/api/node/extensionHostProcess.js:111:8675)
	at e.$vL.g (/usr/share/code/resources/app/out/vs/workbench/api/node/extensionHostProcess.js:99:63549)
	at e.$vL.executeCommand (/usr/share/code/resources/app/out/vs/workbench/api/node/extensionHostProcess.js:99:62973)
	at P.registerCommand.description (/usr/share/code/resources/app/out/vs/workbench/api/node/extensionHostProcess.js:99:62280)
	at e.$vL.h (/usr/share/code/resources/app/out/vs/workbench/api/node/extensionHostProcess.js:99:64085)
	at e.$vL.g (/usr/share/code/resources/app/out/vs/workbench/api/node/extensionHostProcess.js:99:63073)
	at e.$vL.executeCommand (/usr/share/code/resources/app/out/vs/workbench/api/node/extensionHostProcess.js:99:62973)
	at Object.executeCommand (/usr/share/code/resources/app/out/vs/workbench/api/node/extensionHostProcess.js:117:20971)
	at set b [as b] (/usr/share/code/resources/app/extensions/github/dist/extension.js:2:675669)
	at /usr/share/code/resources/app/extensions/github/dist/extension.js:2:676313
	at i.value (/usr/share/code/resources/app/extensions/git/dist/main.js:2:1347255)
	at p.w (/usr/share/code/resources/app/out/vs/workbench/api/node/extensionHostProcess.js:60:1902)
	at p.x (/usr/share/code/resources/app/out/vs/workbench/api/node/extensionHostProcess.js:60:1972)
	at p.fire (/usr/share/code/resources/app/out/vs/workbench/api/node/extensionHostProcess.js:60:2188)
	at Object.m [as dispose] (/usr/share/code/resources/app/extensions/git/dist/main.js:2:1275972)
	at /usr/share/code/resources/app/extensions/git/dist/main.js:2:1280539
	at Array.forEach (<anonymous>)
	at g.dispose (/usr/share/code/resources/app/extensions/git/dist/main.js:2:1280525)
	at o.<anonymous> (/usr/share/code/resources/app/out/vs/workbench/api/node/extensionHostProcess.js:95:4162)
	at o.dispose (/usr/share/code/resources/app/out/vs/workbench/api/node/extensionHostProcess.js:95:4297)
	at o.<anonymous> (/usr/share/code/resources/app/extensions/git/dist/main.js:2:1262437)
	at o.dispose (/usr/share/code/resources/app/out/vs/workbench/api/node/extensionHostProcess.js:95:4297)
	at S (/usr/share/code/resources/app/out/vs/workbench/api/node/extensionHostProcess.js:10:11731)
	at i.Z (/usr/share/code/resources/app/out/vs/workbench/api/node/extensionHostProcess.js:113:10370)
	at /usr/share/code/resources/app/out/vs/workbench/api/node/extensionHostProcess.js:113:8332
	at Array.map (<anonymous>)
	at i.S (/usr/share/code/resources/app/out/vs/workbench/api/node/extensionHostProcess.js:113:8319)
	at i.terminate (/usr/share/code/resources/app/out/vs/workbench/api/node/extensionHostProcess.js:113:8591)
	at u.terminate (/usr/share/code/resources/app/out/vs/workbench/api/node/extensionHostProcess.js:117:1532)
	at E (/usr/share/code/resources/app/out/vs/workbench/api/node/extensionHostProcess.js:127:32236)
	at MessagePortMain.<anonymous> (/usr/share/code/resources/app/out/vs/workbench/api/node/extensionHostProcess.js:127:28665)
	at MessagePortMain.emit (node:events:513:28)
	at MessagePortMain._internalPort.emit (node:electron/js2c/utility_init:2:367) setContext undefined
2023-08-11 17:12:10.829 [info] Extension host with pid 27393 exiting with code 0
