2023-08-11 15:04:07.802 [info] Added views:workbench.panel.markers.view in workbench.panel.markers
2023-08-11 15:04:07.802 [info] Added views:workbench.panel.output in workbench.panel.output
2023-08-11 15:04:07.802 [info] Added views:terminal in terminal
2023-08-11 15:04:07.802 [info] Added views:outline in workbench.view.explorer
2023-08-11 15:04:07.802 [info] Added views:workbench.scm in workbench.view.scm
2023-08-11 15:04:07.802 [info] Added views:workbench.view.search in workbench.view.search
2023-08-11 15:04:07.802 [info] Added views:timeline in workbench.view.explorer
2023-08-11 15:04:07.803 [info] Added views:workbench.explorer.emptyView in workbench.view.explorer
2023-08-11 15:04:08.171 [info] Added views:workbench.debug.welcome in workbench.view.debug
2023-08-11 15:04:08.217 [info] Added views:workbench.panel.repl.view in workbench.panel.repl
2023-08-11 15:04:15.908 [info] Added views:workbench.panel.markers.view in workbench.panel.markers
2023-08-11 15:04:15.908 [info] Added views:workbench.panel.output in workbench.panel.output
2023-08-11 15:04:15.908 [info] Added views:terminal in terminal
2023-08-11 15:04:15.908 [info] Added views:outline in workbench.view.explorer
2023-08-11 15:04:15.908 [info] Added views:workbench.scm in workbench.view.scm
2023-08-11 15:04:15.908 [info] Added views:workbench.view.search in workbench.view.search
2023-08-11 15:04:15.908 [info] Added views:timeline in workbench.view.explorer
2023-08-11 15:04:15.908 [info] Added views:workbench.explorer.fileView in workbench.view.explorer
2023-08-11 15:04:16.146 [info] Added views:workbench.debug.variablesView,workbench.debug.watchExpressionsView,workbench.debug.callStackView,workbench.debug.breakPointsView in workbench.view.debug
2023-08-11 15:04:16.481 [info] Added views:workbench.panel.repl.view in workbench.panel.repl
2023-08-11 15:04:16.482 [info] Removed views:workbench.debug.breakPointsView,workbench.debug.callStackView,workbench.debug.watchExpressionsView,workbench.debug.variablesView from workbench.view.debug
2023-08-11 15:04:16.482 [info] Added views:workbench.debug.welcome in workbench.view.debug
2023-08-11 15:04:23.098 [info] Added views:workbench.debug.breakPointsView in workbench.view.debug
2023-08-11 15:04:26.603 [info] Removed views:workbench.debug.welcome from workbench.view.debug
2023-08-11 15:04:26.631 [info] Added views:workbench.debug.variablesView,workbench.debug.watchExpressionsView,workbench.debug.callStackView,workbench.debug.loadedScriptsView in workbench.view.debug
2023-08-11 15:04:27.147 [info] Removed views:workbench.debug.loadedScriptsView,workbench.debug.callStackView,workbench.debug.watchExpressionsView,workbench.debug.variablesView from workbench.view.debug
2023-08-11 15:04:27.156 [info] Added views:workbench.debug.welcome in workbench.view.debug
2023-08-11 15:04:27.163 [info] Removed views:workbench.debug.welcome from workbench.view.debug
2023-08-11 15:04:27.191 [info] Added views:workbench.debug.variablesView,workbench.debug.watchExpressionsView,workbench.debug.callStackView,workbench.debug.loadedScriptsView in workbench.view.debug
2023-08-11 15:04:27.248 [info] Removed views:workbench.debug.loadedScriptsView,workbench.debug.callStackView,workbench.debug.watchExpressionsView,workbench.debug.variablesView from workbench.view.debug
2023-08-11 15:04:27.258 [info] Added views:workbench.debug.welcome in workbench.view.debug
