2023-08-11 19:08:51.610 [error] [uncaught exception in sharedProcess]: Cannot read properties of undefined (reading 'then'): TypeError: Cannot read properties of undefined (reading 'then')
    at y.s (/usr/share/code/resources/app/out/vs/code/node/sharedProcess/sharedProcessMain.js:23:4754)
    at y.q (/usr/share/code/resources/app/out/vs/code/node/sharedProcess/sharedProcessMain.js:23:4177)
    at a.value (/usr/share/code/resources/app/out/vs/code/node/sharedProcess/sharedProcessMain.js:23:3577)
    at p.w (/usr/share/code/resources/app/out/vs/code/node/sharedProcess/sharedProcessMain.js:18:1902)
    at p.x (/usr/share/code/resources/app/out/vs/code/node/sharedProcess/sharedProcessMain.js:18:1972)
    at p.fire (/usr/share/code/resources/app/out/vs/code/node/sharedProcess/sharedProcessMain.js:18:2188)
    at MessagePortMain.oe (/usr/share/code/resources/app/out/vs/code/node/sharedProcess/sharedProcessMain.js:16:40476)
    at MessagePortMain.emit (node:events:513:28)
    at MessagePortMain._internalPort.emit (node:electron/js2c/utility_init:2:367)
2023-08-11 19:08:56.597 [error] [uncaught exception in sharedProcess]: Cannot read properties of undefined (reading 'then'): TypeError: Cannot read properties of undefined (reading 'then')
    at y.s (/usr/share/code/resources/app/out/vs/code/node/sharedProcess/sharedProcessMain.js:23:4754)
    at y.q (/usr/share/code/resources/app/out/vs/code/node/sharedProcess/sharedProcessMain.js:23:4177)
    at a.value (/usr/share/code/resources/app/out/vs/code/node/sharedProcess/sharedProcessMain.js:23:3577)
    at p.w (/usr/share/code/resources/app/out/vs/code/node/sharedProcess/sharedProcessMain.js:18:1902)
    at p.x (/usr/share/code/resources/app/out/vs/code/node/sharedProcess/sharedProcessMain.js:18:1972)
    at p.fire (/usr/share/code/resources/app/out/vs/code/node/sharedProcess/sharedProcessMain.js:18:2188)
    at MessagePortMain.oe (/usr/share/code/resources/app/out/vs/code/node/sharedProcess/sharedProcessMain.js:16:40476)
    at MessagePortMain.emit (node:events:513:28)
    at MessagePortMain._internalPort.emit (node:electron/js2c/utility_init:2:367)
2023-08-11 19:08:56.838 [error] [uncaught exception in sharedProcess]: Cannot read properties of undefined (reading 'then'): TypeError: Cannot read properties of undefined (reading 'then')
    at y.s (/usr/share/code/resources/app/out/vs/code/node/sharedProcess/sharedProcessMain.js:23:4754)
    at y.q (/usr/share/code/resources/app/out/vs/code/node/sharedProcess/sharedProcessMain.js:23:4177)
    at a.value (/usr/share/code/resources/app/out/vs/code/node/sharedProcess/sharedProcessMain.js:23:3577)
    at p.w (/usr/share/code/resources/app/out/vs/code/node/sharedProcess/sharedProcessMain.js:18:1902)
    at p.x (/usr/share/code/resources/app/out/vs/code/node/sharedProcess/sharedProcessMain.js:18:1972)
    at p.fire (/usr/share/code/resources/app/out/vs/code/node/sharedProcess/sharedProcessMain.js:18:2188)
    at MessagePortMain.oe (/usr/share/code/resources/app/out/vs/code/node/sharedProcess/sharedProcessMain.js:16:40476)
    at MessagePortMain.emit (node:events:513:28)
    at MessagePortMain._internalPort.emit (node:electron/js2c/utility_init:2:367)
2023-08-11 19:08:56.853 [error] [uncaught exception in sharedProcess]: Cannot read properties of undefined (reading 'then'): TypeError: Cannot read properties of undefined (reading 'then')
    at y.s (/usr/share/code/resources/app/out/vs/code/node/sharedProcess/sharedProcessMain.js:23:4754)
    at y.q (/usr/share/code/resources/app/out/vs/code/node/sharedProcess/sharedProcessMain.js:23:4177)
    at a.value (/usr/share/code/resources/app/out/vs/code/node/sharedProcess/sharedProcessMain.js:23:3577)
    at p.w (/usr/share/code/resources/app/out/vs/code/node/sharedProcess/sharedProcessMain.js:18:1902)
    at p.x (/usr/share/code/resources/app/out/vs/code/node/sharedProcess/sharedProcessMain.js:18:1972)
    at p.fire (/usr/share/code/resources/app/out/vs/code/node/sharedProcess/sharedProcessMain.js:18:2188)
    at MessagePortMain.oe (/usr/share/code/resources/app/out/vs/code/node/sharedProcess/sharedProcessMain.js:16:40476)
    at MessagePortMain.emit (node:events:513:28)
    at MessagePortMain._internalPort.emit (node:electron/js2c/utility_init:2:367)
2023-08-11 19:09:06.783 [error] [uncaught exception in sharedProcess]: Cannot read properties of undefined (reading 'then'): TypeError: Cannot read properties of undefined (reading 'then')
    at y.s (/usr/share/code/resources/app/out/vs/code/node/sharedProcess/sharedProcessMain.js:23:4754)
    at y.q (/usr/share/code/resources/app/out/vs/code/node/sharedProcess/sharedProcessMain.js:23:4177)
    at a.value (/usr/share/code/resources/app/out/vs/code/node/sharedProcess/sharedProcessMain.js:23:3577)
    at p.w (/usr/share/code/resources/app/out/vs/code/node/sharedProcess/sharedProcessMain.js:18:1902)
    at p.x (/usr/share/code/resources/app/out/vs/code/node/sharedProcess/sharedProcessMain.js:18:1972)
    at p.fire (/usr/share/code/resources/app/out/vs/code/node/sharedProcess/sharedProcessMain.js:18:2188)
    at MessagePortMain.oe (/usr/share/code/resources/app/out/vs/code/node/sharedProcess/sharedProcessMain.js:16:40476)
    at MessagePortMain.emit (node:events:513:28)
    at MessagePortMain._internalPort.emit (node:electron/js2c/utility_init:2:367)
2023-08-11 19:09:07.356 [error] [uncaught exception in sharedProcess]: Cannot read properties of undefined (reading 'then'): TypeError: Cannot read properties of undefined (reading 'then')
    at y.s (/usr/share/code/resources/app/out/vs/code/node/sharedProcess/sharedProcessMain.js:23:4754)
    at y.q (/usr/share/code/resources/app/out/vs/code/node/sharedProcess/sharedProcessMain.js:23:4177)
    at a.value (/usr/share/code/resources/app/out/vs/code/node/sharedProcess/sharedProcessMain.js:23:3577)
    at p.w (/usr/share/code/resources/app/out/vs/code/node/sharedProcess/sharedProcessMain.js:18:1902)
    at p.x (/usr/share/code/resources/app/out/vs/code/node/sharedProcess/sharedProcessMain.js:18:1972)
    at p.fire (/usr/share/code/resources/app/out/vs/code/node/sharedProcess/sharedProcessMain.js:18:2188)
    at MessagePortMain.oe (/usr/share/code/resources/app/out/vs/code/node/sharedProcess/sharedProcessMain.js:16:40476)
    at MessagePortMain.emit (node:events:513:28)
    at MessagePortMain._internalPort.emit (node:electron/js2c/utility_init:2:367)
2023-08-11 19:09:13.997 [error] [uncaught exception in sharedProcess]: Cannot read properties of undefined (reading 'then'): TypeError: Cannot read properties of undefined (reading 'then')
    at y.s (/usr/share/code/resources/app/out/vs/code/node/sharedProcess/sharedProcessMain.js:23:4754)
    at y.q (/usr/share/code/resources/app/out/vs/code/node/sharedProcess/sharedProcessMain.js:23:4177)
    at a.value (/usr/share/code/resources/app/out/vs/code/node/sharedProcess/sharedProcessMain.js:23:3577)
    at p.w (/usr/share/code/resources/app/out/vs/code/node/sharedProcess/sharedProcessMain.js:18:1902)
    at p.x (/usr/share/code/resources/app/out/vs/code/node/sharedProcess/sharedProcessMain.js:18:1972)
    at p.fire (/usr/share/code/resources/app/out/vs/code/node/sharedProcess/sharedProcessMain.js:18:2188)
    at MessagePortMain.oe (/usr/share/code/resources/app/out/vs/code/node/sharedProcess/sharedProcessMain.js:16:40476)
    at MessagePortMain.emit (node:events:513:28)
    at MessagePortMain._internalPort.emit (node:electron/js2c/utility_init:2:367)
2023-08-11 19:09:13.999 [error] [uncaught exception in sharedProcess]: Cannot read properties of undefined (reading 'then'): TypeError: Cannot read properties of undefined (reading 'then')
    at y.s (/usr/share/code/resources/app/out/vs/code/node/sharedProcess/sharedProcessMain.js:23:4754)
    at y.q (/usr/share/code/resources/app/out/vs/code/node/sharedProcess/sharedProcessMain.js:23:4177)
    at a.value (/usr/share/code/resources/app/out/vs/code/node/sharedProcess/sharedProcessMain.js:23:3577)
    at p.w (/usr/share/code/resources/app/out/vs/code/node/sharedProcess/sharedProcessMain.js:18:1902)
    at p.x (/usr/share/code/resources/app/out/vs/code/node/sharedProcess/sharedProcessMain.js:18:1972)
    at p.fire (/usr/share/code/resources/app/out/vs/code/node/sharedProcess/sharedProcessMain.js:18:2188)
    at MessagePortMain.oe (/usr/share/code/resources/app/out/vs/code/node/sharedProcess/sharedProcessMain.js:16:40476)
    at MessagePortMain.emit (node:events:513:28)
    at MessagePortMain._internalPort.emit (node:electron/js2c/utility_init:2:367)
2023-08-11 19:09:31.167 [error] [uncaught exception in sharedProcess]: Cannot read properties of undefined (reading 'then'): TypeError: Cannot read properties of undefined (reading 'then')
    at y.s (/usr/share/code/resources/app/out/vs/code/node/sharedProcess/sharedProcessMain.js:23:4754)
    at y.q (/usr/share/code/resources/app/out/vs/code/node/sharedProcess/sharedProcessMain.js:23:4177)
    at a.value (/usr/share/code/resources/app/out/vs/code/node/sharedProcess/sharedProcessMain.js:23:3577)
    at p.w (/usr/share/code/resources/app/out/vs/code/node/sharedProcess/sharedProcessMain.js:18:1902)
    at p.x (/usr/share/code/resources/app/out/vs/code/node/sharedProcess/sharedProcessMain.js:18:1972)
    at p.fire (/usr/share/code/resources/app/out/vs/code/node/sharedProcess/sharedProcessMain.js:18:2188)
    at MessagePortMain.oe (/usr/share/code/resources/app/out/vs/code/node/sharedProcess/sharedProcessMain.js:16:40476)
    at MessagePortMain.emit (node:events:513:28)
    at MessagePortMain._internalPort.emit (node:electron/js2c/utility_init:2:367)
2023-08-11 19:09:31.168 [error] [uncaught exception in sharedProcess]: Cannot read properties of undefined (reading 'then'): TypeError: Cannot read properties of undefined (reading 'then')
    at y.s (/usr/share/code/resources/app/out/vs/code/node/sharedProcess/sharedProcessMain.js:23:4754)
    at y.q (/usr/share/code/resources/app/out/vs/code/node/sharedProcess/sharedProcessMain.js:23:4177)
    at a.value (/usr/share/code/resources/app/out/vs/code/node/sharedProcess/sharedProcessMain.js:23:3577)
    at p.w (/usr/share/code/resources/app/out/vs/code/node/sharedProcess/sharedProcessMain.js:18:1902)
    at p.x (/usr/share/code/resources/app/out/vs/code/node/sharedProcess/sharedProcessMain.js:18:1972)
    at p.fire (/usr/share/code/resources/app/out/vs/code/node/sharedProcess/sharedProcessMain.js:18:2188)
    at MessagePortMain.oe (/usr/share/code/resources/app/out/vs/code/node/sharedProcess/sharedProcessMain.js:16:40476)
    at MessagePortMain.emit (node:events:513:28)
    at MessagePortMain._internalPort.emit (node:electron/js2c/utility_init:2:367)
2023-08-11 19:09:36.254 [error] [uncaught exception in sharedProcess]: Cannot read properties of undefined (reading 'then'): TypeError: Cannot read properties of undefined (reading 'then')
    at y.s (/usr/share/code/resources/app/out/vs/code/node/sharedProcess/sharedProcessMain.js:23:4754)
    at y.q (/usr/share/code/resources/app/out/vs/code/node/sharedProcess/sharedProcessMain.js:23:4177)
    at a.value (/usr/share/code/resources/app/out/vs/code/node/sharedProcess/sharedProcessMain.js:23:3577)
    at p.w (/usr/share/code/resources/app/out/vs/code/node/sharedProcess/sharedProcessMain.js:18:1902)
    at p.x (/usr/share/code/resources/app/out/vs/code/node/sharedProcess/sharedProcessMain.js:18:1972)
    at p.fire (/usr/share/code/resources/app/out/vs/code/node/sharedProcess/sharedProcessMain.js:18:2188)
    at MessagePortMain.oe (/usr/share/code/resources/app/out/vs/code/node/sharedProcess/sharedProcessMain.js:16:40476)
    at MessagePortMain.emit (node:events:513:28)
    at MessagePortMain._internalPort.emit (node:electron/js2c/utility_init:2:367)
2023-08-11 19:09:36.255 [error] [uncaught exception in sharedProcess]: Cannot read properties of undefined (reading 'then'): TypeError: Cannot read properties of undefined (reading 'then')
    at y.s (/usr/share/code/resources/app/out/vs/code/node/sharedProcess/sharedProcessMain.js:23:4754)
    at y.q (/usr/share/code/resources/app/out/vs/code/node/sharedProcess/sharedProcessMain.js:23:4177)
    at a.value (/usr/share/code/resources/app/out/vs/code/node/sharedProcess/sharedProcessMain.js:23:3577)
    at p.w (/usr/share/code/resources/app/out/vs/code/node/sharedProcess/sharedProcessMain.js:18:1902)
    at p.x (/usr/share/code/resources/app/out/vs/code/node/sharedProcess/sharedProcessMain.js:18:1972)
    at p.fire (/usr/share/code/resources/app/out/vs/code/node/sharedProcess/sharedProcessMain.js:18:2188)
    at MessagePortMain.oe (/usr/share/code/resources/app/out/vs/code/node/sharedProcess/sharedProcessMain.js:16:40476)
    at MessagePortMain.emit (node:events:513:28)
    at MessagePortMain._internalPort.emit (node:electron/js2c/utility_init:2:367)
2023-08-11 19:09:41.437 [error] [uncaught exception in sharedProcess]: Cannot read properties of undefined (reading 'then'): TypeError: Cannot read properties of undefined (reading 'then')
    at y.s (/usr/share/code/resources/app/out/vs/code/node/sharedProcess/sharedProcessMain.js:23:4754)
    at y.q (/usr/share/code/resources/app/out/vs/code/node/sharedProcess/sharedProcessMain.js:23:4177)
    at a.value (/usr/share/code/resources/app/out/vs/code/node/sharedProcess/sharedProcessMain.js:23:3577)
    at p.w (/usr/share/code/resources/app/out/vs/code/node/sharedProcess/sharedProcessMain.js:18:1902)
    at p.x (/usr/share/code/resources/app/out/vs/code/node/sharedProcess/sharedProcessMain.js:18:1972)
    at p.fire (/usr/share/code/resources/app/out/vs/code/node/sharedProcess/sharedProcessMain.js:18:2188)
    at MessagePortMain.oe (/usr/share/code/resources/app/out/vs/code/node/sharedProcess/sharedProcessMain.js:16:40476)
    at MessagePortMain.emit (node:events:513:28)
    at MessagePortMain._internalPort.emit (node:electron/js2c/utility_init:2:367)
2023-08-11 19:10:06.760 [error] [uncaught exception in sharedProcess]: Cannot read properties of undefined (reading 'then'): TypeError: Cannot read properties of undefined (reading 'then')
    at y.s (/usr/share/code/resources/app/out/vs/code/node/sharedProcess/sharedProcessMain.js:23:4754)
    at y.q (/usr/share/code/resources/app/out/vs/code/node/sharedProcess/sharedProcessMain.js:23:4177)
    at a.value (/usr/share/code/resources/app/out/vs/code/node/sharedProcess/sharedProcessMain.js:23:3577)
    at p.w (/usr/share/code/resources/app/out/vs/code/node/sharedProcess/sharedProcessMain.js:18:1902)
    at p.x (/usr/share/code/resources/app/out/vs/code/node/sharedProcess/sharedProcessMain.js:18:1972)
    at p.fire (/usr/share/code/resources/app/out/vs/code/node/sharedProcess/sharedProcessMain.js:18:2188)
    at MessagePortMain.oe (/usr/share/code/resources/app/out/vs/code/node/sharedProcess/sharedProcessMain.js:16:40476)
    at MessagePortMain.emit (node:events:513:28)
    at MessagePortMain._internalPort.emit (node:electron/js2c/utility_init:2:367)
2023-08-11 19:10:11.758 [error] [uncaught exception in sharedProcess]: Cannot read properties of undefined (reading 'then'): TypeError: Cannot read properties of undefined (reading 'then')
    at y.s (/usr/share/code/resources/app/out/vs/code/node/sharedProcess/sharedProcessMain.js:23:4754)
    at y.q (/usr/share/code/resources/app/out/vs/code/node/sharedProcess/sharedProcessMain.js:23:4177)
    at a.value (/usr/share/code/resources/app/out/vs/code/node/sharedProcess/sharedProcessMain.js:23:3577)
    at p.w (/usr/share/code/resources/app/out/vs/code/node/sharedProcess/sharedProcessMain.js:18:1902)
    at p.x (/usr/share/code/resources/app/out/vs/code/node/sharedProcess/sharedProcessMain.js:18:1972)
    at p.fire (/usr/share/code/resources/app/out/vs/code/node/sharedProcess/sharedProcessMain.js:18:2188)
    at MessagePortMain.oe (/usr/share/code/resources/app/out/vs/code/node/sharedProcess/sharedProcessMain.js:16:40476)
    at MessagePortMain.emit (node:events:513:28)
    at MessagePortMain._internalPort.emit (node:electron/js2c/utility_init:2:367)
2023-08-11 19:10:11.987 [error] [uncaught exception in sharedProcess]: Cannot read properties of undefined (reading 'then'): TypeError: Cannot read properties of undefined (reading 'then')
    at y.s (/usr/share/code/resources/app/out/vs/code/node/sharedProcess/sharedProcessMain.js:23:4754)
    at y.q (/usr/share/code/resources/app/out/vs/code/node/sharedProcess/sharedProcessMain.js:23:4177)
    at a.value (/usr/share/code/resources/app/out/vs/code/node/sharedProcess/sharedProcessMain.js:23:3577)
    at p.w (/usr/share/code/resources/app/out/vs/code/node/sharedProcess/sharedProcessMain.js:18:1902)
    at p.x (/usr/share/code/resources/app/out/vs/code/node/sharedProcess/sharedProcessMain.js:18:1972)
    at p.fire (/usr/share/code/resources/app/out/vs/code/node/sharedProcess/sharedProcessMain.js:18:2188)
    at MessagePortMain.oe (/usr/share/code/resources/app/out/vs/code/node/sharedProcess/sharedProcessMain.js:16:40476)
    at MessagePortMain.emit (node:events:513:28)
    at MessagePortMain._internalPort.emit (node:electron/js2c/utility_init:2:367)
2023-08-11 19:10:11.997 [error] [uncaught exception in sharedProcess]: Cannot read properties of undefined (reading 'then'): TypeError: Cannot read properties of undefined (reading 'then')
    at y.s (/usr/share/code/resources/app/out/vs/code/node/sharedProcess/sharedProcessMain.js:23:4754)
    at y.q (/usr/share/code/resources/app/out/vs/code/node/sharedProcess/sharedProcessMain.js:23:4177)
    at a.value (/usr/share/code/resources/app/out/vs/code/node/sharedProcess/sharedProcessMain.js:23:3577)
    at p.w (/usr/share/code/resources/app/out/vs/code/node/sharedProcess/sharedProcessMain.js:18:1902)
    at p.x (/usr/share/code/resources/app/out/vs/code/node/sharedProcess/sharedProcessMain.js:18:1972)
    at p.fire (/usr/share/code/resources/app/out/vs/code/node/sharedProcess/sharedProcessMain.js:18:2188)
    at MessagePortMain.oe (/usr/share/code/resources/app/out/vs/code/node/sharedProcess/sharedProcessMain.js:16:40476)
    at MessagePortMain.emit (node:events:513:28)
    at MessagePortMain._internalPort.emit (node:electron/js2c/utility_init:2:367)
2023-08-11 19:10:25.882 [error] [uncaught exception in sharedProcess]: Cannot read properties of undefined (reading 'then'): TypeError: Cannot read properties of undefined (reading 'then')
    at y.s (/usr/share/code/resources/app/out/vs/code/node/sharedProcess/sharedProcessMain.js:23:4754)
    at y.q (/usr/share/code/resources/app/out/vs/code/node/sharedProcess/sharedProcessMain.js:23:4177)
    at a.value (/usr/share/code/resources/app/out/vs/code/node/sharedProcess/sharedProcessMain.js:23:3577)
    at p.w (/usr/share/code/resources/app/out/vs/code/node/sharedProcess/sharedProcessMain.js:18:1902)
    at p.x (/usr/share/code/resources/app/out/vs/code/node/sharedProcess/sharedProcessMain.js:18:1972)
    at p.fire (/usr/share/code/resources/app/out/vs/code/node/sharedProcess/sharedProcessMain.js:18:2188)
    at MessagePortMain.oe (/usr/share/code/resources/app/out/vs/code/node/sharedProcess/sharedProcessMain.js:16:40476)
    at MessagePortMain.emit (node:events:513:28)
    at MessagePortMain._internalPort.emit (node:electron/js2c/utility_init:2:367)
2023-08-11 19:10:30.872 [error] [uncaught exception in sharedProcess]: Cannot read properties of undefined (reading 'then'): TypeError: Cannot read properties of undefined (reading 'then')
    at y.s (/usr/share/code/resources/app/out/vs/code/node/sharedProcess/sharedProcessMain.js:23:4754)
    at y.q (/usr/share/code/resources/app/out/vs/code/node/sharedProcess/sharedProcessMain.js:23:4177)
    at a.value (/usr/share/code/resources/app/out/vs/code/node/sharedProcess/sharedProcessMain.js:23:3577)
    at p.w (/usr/share/code/resources/app/out/vs/code/node/sharedProcess/sharedProcessMain.js:18:1902)
    at p.x (/usr/share/code/resources/app/out/vs/code/node/sharedProcess/sharedProcessMain.js:18:1972)
    at p.fire (/usr/share/code/resources/app/out/vs/code/node/sharedProcess/sharedProcessMain.js:18:2188)
    at MessagePortMain.oe (/usr/share/code/resources/app/out/vs/code/node/sharedProcess/sharedProcessMain.js:16:40476)
    at MessagePortMain.emit (node:events:513:28)
    at MessagePortMain._internalPort.emit (node:electron/js2c/utility_init:2:367)
2023-08-11 19:10:31.131 [error] [uncaught exception in sharedProcess]: Cannot read properties of undefined (reading 'then'): TypeError: Cannot read properties of undefined (reading 'then')
    at y.s (/usr/share/code/resources/app/out/vs/code/node/sharedProcess/sharedProcessMain.js:23:4754)
    at y.q (/usr/share/code/resources/app/out/vs/code/node/sharedProcess/sharedProcessMain.js:23:4177)
    at a.value (/usr/share/code/resources/app/out/vs/code/node/sharedProcess/sharedProcessMain.js:23:3577)
    at p.w (/usr/share/code/resources/app/out/vs/code/node/sharedProcess/sharedProcessMain.js:18:1902)
    at p.x (/usr/share/code/resources/app/out/vs/code/node/sharedProcess/sharedProcessMain.js:18:1972)
    at p.fire (/usr/share/code/resources/app/out/vs/code/node/sharedProcess/sharedProcessMain.js:18:2188)
    at MessagePortMain.oe (/usr/share/code/resources/app/out/vs/code/node/sharedProcess/sharedProcessMain.js:16:40476)
    at MessagePortMain.emit (node:events:513:28)
    at MessagePortMain._internalPort.emit (node:electron/js2c/utility_init:2:367)
2023-08-11 19:10:31.132 [error] [uncaught exception in sharedProcess]: Cannot read properties of undefined (reading 'then'): TypeError: Cannot read properties of undefined (reading 'then')
    at y.s (/usr/share/code/resources/app/out/vs/code/node/sharedProcess/sharedProcessMain.js:23:4754)
    at y.q (/usr/share/code/resources/app/out/vs/code/node/sharedProcess/sharedProcessMain.js:23:4177)
    at a.value (/usr/share/code/resources/app/out/vs/code/node/sharedProcess/sharedProcessMain.js:23:3577)
    at p.w (/usr/share/code/resources/app/out/vs/code/node/sharedProcess/sharedProcessMain.js:18:1902)
    at p.x (/usr/share/code/resources/app/out/vs/code/node/sharedProcess/sharedProcessMain.js:18:1972)
    at p.fire (/usr/share/code/resources/app/out/vs/code/node/sharedProcess/sharedProcessMain.js:18:2188)
    at MessagePortMain.oe (/usr/share/code/resources/app/out/vs/code/node/sharedProcess/sharedProcessMain.js:16:40476)
    at MessagePortMain.emit (node:events:513:28)
    at MessagePortMain._internalPort.emit (node:electron/js2c/utility_init:2:367)
2023-08-11 19:10:36.453 [error] [uncaught exception in sharedProcess]: Cannot read properties of undefined (reading 'then'): TypeError: Cannot read properties of undefined (reading 'then')
    at y.s (/usr/share/code/resources/app/out/vs/code/node/sharedProcess/sharedProcessMain.js:23:4754)
    at y.q (/usr/share/code/resources/app/out/vs/code/node/sharedProcess/sharedProcessMain.js:23:4177)
    at a.value (/usr/share/code/resources/app/out/vs/code/node/sharedProcess/sharedProcessMain.js:23:3577)
    at p.w (/usr/share/code/resources/app/out/vs/code/node/sharedProcess/sharedProcessMain.js:18:1902)
    at p.x (/usr/share/code/resources/app/out/vs/code/node/sharedProcess/sharedProcessMain.js:18:1972)
    at p.fire (/usr/share/code/resources/app/out/vs/code/node/sharedProcess/sharedProcessMain.js:18:2188)
    at MessagePortMain.oe (/usr/share/code/resources/app/out/vs/code/node/sharedProcess/sharedProcessMain.js:16:40476)
    at MessagePortMain.emit (node:events:513:28)
    at MessagePortMain._internalPort.emit (node:electron/js2c/utility_init:2:367)
2023-08-11 19:10:36.466 [error] [uncaught exception in sharedProcess]: Cannot read properties of undefined (reading 'then'): TypeError: Cannot read properties of undefined (reading 'then')
    at y.s (/usr/share/code/resources/app/out/vs/code/node/sharedProcess/sharedProcessMain.js:23:4754)
    at y.q (/usr/share/code/resources/app/out/vs/code/node/sharedProcess/sharedProcessMain.js:23:4177)
    at a.value (/usr/share/code/resources/app/out/vs/code/node/sharedProcess/sharedProcessMain.js:23:3577)
    at p.w (/usr/share/code/resources/app/out/vs/code/node/sharedProcess/sharedProcessMain.js:18:1902)
    at p.x (/usr/share/code/resources/app/out/vs/code/node/sharedProcess/sharedProcessMain.js:18:1972)
    at p.fire (/usr/share/code/resources/app/out/vs/code/node/sharedProcess/sharedProcessMain.js:18:2188)
    at MessagePortMain.oe (/usr/share/code/resources/app/out/vs/code/node/sharedProcess/sharedProcessMain.js:16:40476)
    at MessagePortMain.emit (node:events:513:28)
    at MessagePortMain._internalPort.emit (node:electron/js2c/utility_init:2:367)
2023-08-11 19:10:48.035 [error] [uncaught exception in sharedProcess]: Cannot read properties of undefined (reading 'then'): TypeError: Cannot read properties of undefined (reading 'then')
    at y.s (/usr/share/code/resources/app/out/vs/code/node/sharedProcess/sharedProcessMain.js:23:4754)
    at y.q (/usr/share/code/resources/app/out/vs/code/node/sharedProcess/sharedProcessMain.js:23:4177)
    at a.value (/usr/share/code/resources/app/out/vs/code/node/sharedProcess/sharedProcessMain.js:23:3577)
    at p.w (/usr/share/code/resources/app/out/vs/code/node/sharedProcess/sharedProcessMain.js:18:1902)
    at p.x (/usr/share/code/resources/app/out/vs/code/node/sharedProcess/sharedProcessMain.js:18:1972)
    at p.fire (/usr/share/code/resources/app/out/vs/code/node/sharedProcess/sharedProcessMain.js:18:2188)
    at MessagePortMain.oe (/usr/share/code/resources/app/out/vs/code/node/sharedProcess/sharedProcessMain.js:16:40476)
    at MessagePortMain.emit (node:events:513:28)
    at MessagePortMain._internalPort.emit (node:electron/js2c/utility_init:2:367)
2023-08-11 19:10:48.084 [error] [uncaught exception in sharedProcess]: Cannot read properties of undefined (reading 'then'): TypeError: Cannot read properties of undefined (reading 'then')
    at y.s (/usr/share/code/resources/app/out/vs/code/node/sharedProcess/sharedProcessMain.js:23:4754)
    at y.q (/usr/share/code/resources/app/out/vs/code/node/sharedProcess/sharedProcessMain.js:23:4177)
    at a.value (/usr/share/code/resources/app/out/vs/code/node/sharedProcess/sharedProcessMain.js:23:3577)
    at p.w (/usr/share/code/resources/app/out/vs/code/node/sharedProcess/sharedProcessMain.js:18:1902)
    at p.x (/usr/share/code/resources/app/out/vs/code/node/sharedProcess/sharedProcessMain.js:18:1972)
    at p.fire (/usr/share/code/resources/app/out/vs/code/node/sharedProcess/sharedProcessMain.js:18:2188)
    at MessagePortMain.oe (/usr/share/code/resources/app/out/vs/code/node/sharedProcess/sharedProcessMain.js:16:40476)
    at MessagePortMain.emit (node:events:513:28)
    at MessagePortMain._internalPort.emit (node:electron/js2c/utility_init:2:367)
2023-08-11 19:11:41.175 [error] [uncaught exception in sharedProcess]: Cannot read properties of undefined (reading 'then'): TypeError: Cannot read properties of undefined (reading 'then')
    at y.s (/usr/share/code/resources/app/out/vs/code/node/sharedProcess/sharedProcessMain.js:23:4754)
    at y.q (/usr/share/code/resources/app/out/vs/code/node/sharedProcess/sharedProcessMain.js:23:4177)
    at a.value (/usr/share/code/resources/app/out/vs/code/node/sharedProcess/sharedProcessMain.js:23:3577)
    at p.w (/usr/share/code/resources/app/out/vs/code/node/sharedProcess/sharedProcessMain.js:18:1902)
    at p.x (/usr/share/code/resources/app/out/vs/code/node/sharedProcess/sharedProcessMain.js:18:1972)
    at p.fire (/usr/share/code/resources/app/out/vs/code/node/sharedProcess/sharedProcessMain.js:18:2188)
    at MessagePortMain.oe (/usr/share/code/resources/app/out/vs/code/node/sharedProcess/sharedProcessMain.js:16:40476)
    at MessagePortMain.emit (node:events:513:28)
    at MessagePortMain._internalPort.emit (node:electron/js2c/utility_init:2:367)
2023-08-11 19:11:46.170 [error] [uncaught exception in sharedProcess]: Cannot read properties of undefined (reading 'then'): TypeError: Cannot read properties of undefined (reading 'then')
    at y.s (/usr/share/code/resources/app/out/vs/code/node/sharedProcess/sharedProcessMain.js:23:4754)
    at y.q (/usr/share/code/resources/app/out/vs/code/node/sharedProcess/sharedProcessMain.js:23:4177)
    at a.value (/usr/share/code/resources/app/out/vs/code/node/sharedProcess/sharedProcessMain.js:23:3577)
    at p.w (/usr/share/code/resources/app/out/vs/code/node/sharedProcess/sharedProcessMain.js:18:1902)
    at p.x (/usr/share/code/resources/app/out/vs/code/node/sharedProcess/sharedProcessMain.js:18:1972)
    at p.fire (/usr/share/code/resources/app/out/vs/code/node/sharedProcess/sharedProcessMain.js:18:2188)
    at MessagePortMain.oe (/usr/share/code/resources/app/out/vs/code/node/sharedProcess/sharedProcessMain.js:16:40476)
    at MessagePortMain.emit (node:events:513:28)
    at MessagePortMain._internalPort.emit (node:electron/js2c/utility_init:2:367)
2023-08-11 19:11:46.410 [error] [uncaught exception in sharedProcess]: Cannot read properties of undefined (reading 'then'): TypeError: Cannot read properties of undefined (reading 'then')
    at y.s (/usr/share/code/resources/app/out/vs/code/node/sharedProcess/sharedProcessMain.js:23:4754)
    at y.q (/usr/share/code/resources/app/out/vs/code/node/sharedProcess/sharedProcessMain.js:23:4177)
    at a.value (/usr/share/code/resources/app/out/vs/code/node/sharedProcess/sharedProcessMain.js:23:3577)
    at p.w (/usr/share/code/resources/app/out/vs/code/node/sharedProcess/sharedProcessMain.js:18:1902)
    at p.x (/usr/share/code/resources/app/out/vs/code/node/sharedProcess/sharedProcessMain.js:18:1972)
    at p.fire (/usr/share/code/resources/app/out/vs/code/node/sharedProcess/sharedProcessMain.js:18:2188)
    at MessagePortMain.oe (/usr/share/code/resources/app/out/vs/code/node/sharedProcess/sharedProcessMain.js:16:40476)
    at MessagePortMain.emit (node:events:513:28)
    at MessagePortMain._internalPort.emit (node:electron/js2c/utility_init:2:367)
2023-08-11 19:11:46.437 [error] [uncaught exception in sharedProcess]: Cannot read properties of undefined (reading 'then'): TypeError: Cannot read properties of undefined (reading 'then')
    at y.s (/usr/share/code/resources/app/out/vs/code/node/sharedProcess/sharedProcessMain.js:23:4754)
    at y.q (/usr/share/code/resources/app/out/vs/code/node/sharedProcess/sharedProcessMain.js:23:4177)
    at a.value (/usr/share/code/resources/app/out/vs/code/node/sharedProcess/sharedProcessMain.js:23:3577)
    at p.w (/usr/share/code/resources/app/out/vs/code/node/sharedProcess/sharedProcessMain.js:18:1902)
    at p.x (/usr/share/code/resources/app/out/vs/code/node/sharedProcess/sharedProcessMain.js:18:1972)
    at p.fire (/usr/share/code/resources/app/out/vs/code/node/sharedProcess/sharedProcessMain.js:18:2188)
    at MessagePortMain.oe (/usr/share/code/resources/app/out/vs/code/node/sharedProcess/sharedProcessMain.js:16:40476)
    at MessagePortMain.emit (node:events:513:28)
    at MessagePortMain._internalPort.emit (node:electron/js2c/utility_init:2:367)
2023-08-11 19:11:54.763 [error] [uncaught exception in sharedProcess]: Cannot read properties of undefined (reading 'then'): TypeError: Cannot read properties of undefined (reading 'then')
    at y.s (/usr/share/code/resources/app/out/vs/code/node/sharedProcess/sharedProcessMain.js:23:4754)
    at y.q (/usr/share/code/resources/app/out/vs/code/node/sharedProcess/sharedProcessMain.js:23:4177)
    at a.value (/usr/share/code/resources/app/out/vs/code/node/sharedProcess/sharedProcessMain.js:23:3577)
    at p.w (/usr/share/code/resources/app/out/vs/code/node/sharedProcess/sharedProcessMain.js:18:1902)
    at p.x (/usr/share/code/resources/app/out/vs/code/node/sharedProcess/sharedProcessMain.js:18:1972)
    at p.fire (/usr/share/code/resources/app/out/vs/code/node/sharedProcess/sharedProcessMain.js:18:2188)
    at MessagePortMain.oe (/usr/share/code/resources/app/out/vs/code/node/sharedProcess/sharedProcessMain.js:16:40476)
    at MessagePortMain.emit (node:events:513:28)
    at MessagePortMain._internalPort.emit (node:electron/js2c/utility_init:2:367)
2023-08-11 19:11:54.764 [error] [uncaught exception in sharedProcess]: Cannot read properties of undefined (reading 'then'): TypeError: Cannot read properties of undefined (reading 'then')
    at y.s (/usr/share/code/resources/app/out/vs/code/node/sharedProcess/sharedProcessMain.js:23:4754)
    at y.q (/usr/share/code/resources/app/out/vs/code/node/sharedProcess/sharedProcessMain.js:23:4177)
    at a.value (/usr/share/code/resources/app/out/vs/code/node/sharedProcess/sharedProcessMain.js:23:3577)
    at p.w (/usr/share/code/resources/app/out/vs/code/node/sharedProcess/sharedProcessMain.js:18:1902)
    at p.x (/usr/share/code/resources/app/out/vs/code/node/sharedProcess/sharedProcessMain.js:18:1972)
    at p.fire (/usr/share/code/resources/app/out/vs/code/node/sharedProcess/sharedProcessMain.js:18:2188)
    at MessagePortMain.oe (/usr/share/code/resources/app/out/vs/code/node/sharedProcess/sharedProcessMain.js:16:40476)
    at MessagePortMain.emit (node:events:513:28)
    at MessagePortMain._internalPort.emit (node:electron/js2c/utility_init:2:367)
2023-08-11 19:12:07.201 [error] [uncaught exception in sharedProcess]: Cannot read properties of undefined (reading 'then'): TypeError: Cannot read properties of undefined (reading 'then')
    at y.s (/usr/share/code/resources/app/out/vs/code/node/sharedProcess/sharedProcessMain.js:23:4754)
    at y.q (/usr/share/code/resources/app/out/vs/code/node/sharedProcess/sharedProcessMain.js:23:4177)
    at a.value (/usr/share/code/resources/app/out/vs/code/node/sharedProcess/sharedProcessMain.js:23:3577)
    at p.w (/usr/share/code/resources/app/out/vs/code/node/sharedProcess/sharedProcessMain.js:18:1902)
    at p.x (/usr/share/code/resources/app/out/vs/code/node/sharedProcess/sharedProcessMain.js:18:1972)
    at p.fire (/usr/share/code/resources/app/out/vs/code/node/sharedProcess/sharedProcessMain.js:18:2188)
    at MessagePortMain.oe (/usr/share/code/resources/app/out/vs/code/node/sharedProcess/sharedProcessMain.js:16:40476)
    at MessagePortMain.emit (node:events:513:28)
    at MessagePortMain._internalPort.emit (node:electron/js2c/utility_init:2:367)
2023-08-11 19:12:07.248 [error] [uncaught exception in sharedProcess]: Cannot read properties of undefined (reading 'then'): TypeError: Cannot read properties of undefined (reading 'then')
    at y.s (/usr/share/code/resources/app/out/vs/code/node/sharedProcess/sharedProcessMain.js:23:4754)
    at y.q (/usr/share/code/resources/app/out/vs/code/node/sharedProcess/sharedProcessMain.js:23:4177)
    at a.value (/usr/share/code/resources/app/out/vs/code/node/sharedProcess/sharedProcessMain.js:23:3577)
    at p.w (/usr/share/code/resources/app/out/vs/code/node/sharedProcess/sharedProcessMain.js:18:1902)
    at p.x (/usr/share/code/resources/app/out/vs/code/node/sharedProcess/sharedProcessMain.js:18:1972)
    at p.fire (/usr/share/code/resources/app/out/vs/code/node/sharedProcess/sharedProcessMain.js:18:2188)
    at MessagePortMain.oe (/usr/share/code/resources/app/out/vs/code/node/sharedProcess/sharedProcessMain.js:16:40476)
    at MessagePortMain.emit (node:events:513:28)
    at MessagePortMain._internalPort.emit (node:electron/js2c/utility_init:2:367)
2023-08-11 19:12:14.606 [error] [uncaught exception in sharedProcess]: Cannot read properties of undefined (reading 'then'): TypeError: Cannot read properties of undefined (reading 'then')
    at y.s (/usr/share/code/resources/app/out/vs/code/node/sharedProcess/sharedProcessMain.js:23:4754)
    at y.q (/usr/share/code/resources/app/out/vs/code/node/sharedProcess/sharedProcessMain.js:23:4177)
    at a.value (/usr/share/code/resources/app/out/vs/code/node/sharedProcess/sharedProcessMain.js:23:3577)
    at p.w (/usr/share/code/resources/app/out/vs/code/node/sharedProcess/sharedProcessMain.js:18:1902)
    at p.x (/usr/share/code/resources/app/out/vs/code/node/sharedProcess/sharedProcessMain.js:18:1972)
    at p.fire (/usr/share/code/resources/app/out/vs/code/node/sharedProcess/sharedProcessMain.js:18:2188)
    at MessagePortMain.oe (/usr/share/code/resources/app/out/vs/code/node/sharedProcess/sharedProcessMain.js:16:40476)
    at MessagePortMain.emit (node:events:513:28)
    at MessagePortMain._internalPort.emit (node:electron/js2c/utility_init:2:367)
2023-08-11 19:12:14.606 [error] [uncaught exception in sharedProcess]: Cannot read properties of undefined (reading 'then'): TypeError: Cannot read properties of undefined (reading 'then')
    at y.s (/usr/share/code/resources/app/out/vs/code/node/sharedProcess/sharedProcessMain.js:23:4754)
    at y.q (/usr/share/code/resources/app/out/vs/code/node/sharedProcess/sharedProcessMain.js:23:4177)
    at a.value (/usr/share/code/resources/app/out/vs/code/node/sharedProcess/sharedProcessMain.js:23:3577)
    at p.w (/usr/share/code/resources/app/out/vs/code/node/sharedProcess/sharedProcessMain.js:18:1902)
    at p.x (/usr/share/code/resources/app/out/vs/code/node/sharedProcess/sharedProcessMain.js:18:1972)
    at p.fire (/usr/share/code/resources/app/out/vs/code/node/sharedProcess/sharedProcessMain.js:18:2188)
    at MessagePortMain.oe (/usr/share/code/resources/app/out/vs/code/node/sharedProcess/sharedProcessMain.js:16:40476)
    at MessagePortMain.emit (node:events:513:28)
    at MessagePortMain._internalPort.emit (node:electron/js2c/utility_init:2:367)
2023-08-11 19:12:22.252 [error] [uncaught exception in sharedProcess]: Cannot read properties of undefined (reading 'then'): TypeError: Cannot read properties of undefined (reading 'then')
    at y.s (/usr/share/code/resources/app/out/vs/code/node/sharedProcess/sharedProcessMain.js:23:4754)
    at y.q (/usr/share/code/resources/app/out/vs/code/node/sharedProcess/sharedProcessMain.js:23:4177)
    at a.value (/usr/share/code/resources/app/out/vs/code/node/sharedProcess/sharedProcessMain.js:23:3577)
    at p.w (/usr/share/code/resources/app/out/vs/code/node/sharedProcess/sharedProcessMain.js:18:1902)
    at p.x (/usr/share/code/resources/app/out/vs/code/node/sharedProcess/sharedProcessMain.js:18:1972)
    at p.fire (/usr/share/code/resources/app/out/vs/code/node/sharedProcess/sharedProcessMain.js:18:2188)
    at MessagePortMain.oe (/usr/share/code/resources/app/out/vs/code/node/sharedProcess/sharedProcessMain.js:16:40476)
    at MessagePortMain.emit (node:events:513:28)
    at MessagePortMain._internalPort.emit (node:electron/js2c/utility_init:2:367)
2023-08-11 19:12:22.253 [error] [uncaught exception in sharedProcess]: Cannot read properties of undefined (reading 'then'): TypeError: Cannot read properties of undefined (reading 'then')
    at y.s (/usr/share/code/resources/app/out/vs/code/node/sharedProcess/sharedProcessMain.js:23:4754)
    at y.q (/usr/share/code/resources/app/out/vs/code/node/sharedProcess/sharedProcessMain.js:23:4177)
    at a.value (/usr/share/code/resources/app/out/vs/code/node/sharedProcess/sharedProcessMain.js:23:3577)
    at p.w (/usr/share/code/resources/app/out/vs/code/node/sharedProcess/sharedProcessMain.js:18:1902)
    at p.x (/usr/share/code/resources/app/out/vs/code/node/sharedProcess/sharedProcessMain.js:18:1972)
    at p.fire (/usr/share/code/resources/app/out/vs/code/node/sharedProcess/sharedProcessMain.js:18:2188)
    at MessagePortMain.oe (/usr/share/code/resources/app/out/vs/code/node/sharedProcess/sharedProcessMain.js:16:40476)
    at MessagePortMain.emit (node:events:513:28)
    at MessagePortMain._internalPort.emit (node:electron/js2c/utility_init:2:367)
2023-08-11 19:12:27.280 [error] [uncaught exception in sharedProcess]: Cannot read properties of undefined (reading 'then'): TypeError: Cannot read properties of undefined (reading 'then')
    at y.s (/usr/share/code/resources/app/out/vs/code/node/sharedProcess/sharedProcessMain.js:23:4754)
    at y.q (/usr/share/code/resources/app/out/vs/code/node/sharedProcess/sharedProcessMain.js:23:4177)
    at a.value (/usr/share/code/resources/app/out/vs/code/node/sharedProcess/sharedProcessMain.js:23:3577)
    at p.w (/usr/share/code/resources/app/out/vs/code/node/sharedProcess/sharedProcessMain.js:18:1902)
    at p.x (/usr/share/code/resources/app/out/vs/code/node/sharedProcess/sharedProcessMain.js:18:1972)
    at p.fire (/usr/share/code/resources/app/out/vs/code/node/sharedProcess/sharedProcessMain.js:18:2188)
    at MessagePortMain.oe (/usr/share/code/resources/app/out/vs/code/node/sharedProcess/sharedProcessMain.js:16:40476)
    at MessagePortMain.emit (node:events:513:28)
    at MessagePortMain._internalPort.emit (node:electron/js2c/utility_init:2:367)
2023-08-11 19:12:27.280 [error] [uncaught exception in sharedProcess]: Cannot read properties of undefined (reading 'then'): TypeError: Cannot read properties of undefined (reading 'then')
    at y.s (/usr/share/code/resources/app/out/vs/code/node/sharedProcess/sharedProcessMain.js:23:4754)
    at y.q (/usr/share/code/resources/app/out/vs/code/node/sharedProcess/sharedProcessMain.js:23:4177)
    at a.value (/usr/share/code/resources/app/out/vs/code/node/sharedProcess/sharedProcessMain.js:23:3577)
    at p.w (/usr/share/code/resources/app/out/vs/code/node/sharedProcess/sharedProcessMain.js:18:1902)
    at p.x (/usr/share/code/resources/app/out/vs/code/node/sharedProcess/sharedProcessMain.js:18:1972)
    at p.fire (/usr/share/code/resources/app/out/vs/code/node/sharedProcess/sharedProcessMain.js:18:2188)
    at MessagePortMain.oe (/usr/share/code/resources/app/out/vs/code/node/sharedProcess/sharedProcessMain.js:16:40476)
    at MessagePortMain.emit (node:events:513:28)
    at MessagePortMain._internalPort.emit (node:electron/js2c/utility_init:2:367)
2023-08-11 19:12:32.431 [error] [uncaught exception in sharedProcess]: Cannot read properties of undefined (reading 'then'): TypeError: Cannot read properties of undefined (reading 'then')
    at y.s (/usr/share/code/resources/app/out/vs/code/node/sharedProcess/sharedProcessMain.js:23:4754)
    at y.q (/usr/share/code/resources/app/out/vs/code/node/sharedProcess/sharedProcessMain.js:23:4177)
    at a.value (/usr/share/code/resources/app/out/vs/code/node/sharedProcess/sharedProcessMain.js:23:3577)
    at p.w (/usr/share/code/resources/app/out/vs/code/node/sharedProcess/sharedProcessMain.js:18:1902)
    at p.x (/usr/share/code/resources/app/out/vs/code/node/sharedProcess/sharedProcessMain.js:18:1972)
    at p.fire (/usr/share/code/resources/app/out/vs/code/node/sharedProcess/sharedProcessMain.js:18:2188)
    at MessagePortMain.oe (/usr/share/code/resources/app/out/vs/code/node/sharedProcess/sharedProcessMain.js:16:40476)
    at MessagePortMain.emit (node:events:513:28)
    at MessagePortMain._internalPort.emit (node:electron/js2c/utility_init:2:367)
2023-08-11 19:12:48.015 [error] [uncaught exception in sharedProcess]: Cannot read properties of undefined (reading 'then'): TypeError: Cannot read properties of undefined (reading 'then')
    at y.s (/usr/share/code/resources/app/out/vs/code/node/sharedProcess/sharedProcessMain.js:23:4754)
    at y.q (/usr/share/code/resources/app/out/vs/code/node/sharedProcess/sharedProcessMain.js:23:4177)
    at a.value (/usr/share/code/resources/app/out/vs/code/node/sharedProcess/sharedProcessMain.js:23:3577)
    at p.w (/usr/share/code/resources/app/out/vs/code/node/sharedProcess/sharedProcessMain.js:18:1902)
    at p.x (/usr/share/code/resources/app/out/vs/code/node/sharedProcess/sharedProcessMain.js:18:1972)
    at p.fire (/usr/share/code/resources/app/out/vs/code/node/sharedProcess/sharedProcessMain.js:18:2188)
    at MessagePortMain.oe (/usr/share/code/resources/app/out/vs/code/node/sharedProcess/sharedProcessMain.js:16:40476)
    at MessagePortMain.emit (node:events:513:28)
    at MessagePortMain._internalPort.emit (node:electron/js2c/utility_init:2:367)
2023-08-11 19:12:52.970 [error] [uncaught exception in sharedProcess]: Cannot read properties of undefined (reading 'then'): TypeError: Cannot read properties of undefined (reading 'then')
    at y.s (/usr/share/code/resources/app/out/vs/code/node/sharedProcess/sharedProcessMain.js:23:4754)
    at y.q (/usr/share/code/resources/app/out/vs/code/node/sharedProcess/sharedProcessMain.js:23:4177)
    at a.value (/usr/share/code/resources/app/out/vs/code/node/sharedProcess/sharedProcessMain.js:23:3577)
    at p.w (/usr/share/code/resources/app/out/vs/code/node/sharedProcess/sharedProcessMain.js:18:1902)
    at p.x (/usr/share/code/resources/app/out/vs/code/node/sharedProcess/sharedProcessMain.js:18:1972)
    at p.fire (/usr/share/code/resources/app/out/vs/code/node/sharedProcess/sharedProcessMain.js:18:2188)
    at MessagePortMain.oe (/usr/share/code/resources/app/out/vs/code/node/sharedProcess/sharedProcessMain.js:16:40476)
    at MessagePortMain.emit (node:events:513:28)
    at MessagePortMain._internalPort.emit (node:electron/js2c/utility_init:2:367)
2023-08-11 19:12:53.230 [error] [uncaught exception in sharedProcess]: Cannot read properties of undefined (reading 'then'): TypeError: Cannot read properties of undefined (reading 'then')
    at y.s (/usr/share/code/resources/app/out/vs/code/node/sharedProcess/sharedProcessMain.js:23:4754)
    at y.q (/usr/share/code/resources/app/out/vs/code/node/sharedProcess/sharedProcessMain.js:23:4177)
    at a.value (/usr/share/code/resources/app/out/vs/code/node/sharedProcess/sharedProcessMain.js:23:3577)
    at p.w (/usr/share/code/resources/app/out/vs/code/node/sharedProcess/sharedProcessMain.js:18:1902)
    at p.x (/usr/share/code/resources/app/out/vs/code/node/sharedProcess/sharedProcessMain.js:18:1972)
    at p.fire (/usr/share/code/resources/app/out/vs/code/node/sharedProcess/sharedProcessMain.js:18:2188)
    at MessagePortMain.oe (/usr/share/code/resources/app/out/vs/code/node/sharedProcess/sharedProcessMain.js:16:40476)
    at MessagePortMain.emit (node:events:513:28)
    at MessagePortMain._internalPort.emit (node:electron/js2c/utility_init:2:367)
2023-08-11 19:12:53.240 [error] [uncaught exception in sharedProcess]: Cannot read properties of undefined (reading 'then'): TypeError: Cannot read properties of undefined (reading 'then')
    at y.s (/usr/share/code/resources/app/out/vs/code/node/sharedProcess/sharedProcessMain.js:23:4754)
    at y.q (/usr/share/code/resources/app/out/vs/code/node/sharedProcess/sharedProcessMain.js:23:4177)
    at a.value (/usr/share/code/resources/app/out/vs/code/node/sharedProcess/sharedProcessMain.js:23:3577)
    at p.w (/usr/share/code/resources/app/out/vs/code/node/sharedProcess/sharedProcessMain.js:18:1902)
    at p.x (/usr/share/code/resources/app/out/vs/code/node/sharedProcess/sharedProcessMain.js:18:1972)
    at p.fire (/usr/share/code/resources/app/out/vs/code/node/sharedProcess/sharedProcessMain.js:18:2188)
    at MessagePortMain.oe (/usr/share/code/resources/app/out/vs/code/node/sharedProcess/sharedProcessMain.js:16:40476)
    at MessagePortMain.emit (node:events:513:28)
    at MessagePortMain._internalPort.emit (node:electron/js2c/utility_init:2:367)
2023-08-11 19:12:58.654 [error] [uncaught exception in sharedProcess]: Cannot read properties of undefined (reading 'then'): TypeError: Cannot read properties of undefined (reading 'then')
    at y.s (/usr/share/code/resources/app/out/vs/code/node/sharedProcess/sharedProcessMain.js:23:4754)
    at y.q (/usr/share/code/resources/app/out/vs/code/node/sharedProcess/sharedProcessMain.js:23:4177)
    at a.value (/usr/share/code/resources/app/out/vs/code/node/sharedProcess/sharedProcessMain.js:23:3577)
    at p.w (/usr/share/code/resources/app/out/vs/code/node/sharedProcess/sharedProcessMain.js:18:1902)
    at p.x (/usr/share/code/resources/app/out/vs/code/node/sharedProcess/sharedProcessMain.js:18:1972)
    at p.fire (/usr/share/code/resources/app/out/vs/code/node/sharedProcess/sharedProcessMain.js:18:2188)
    at MessagePortMain.oe (/usr/share/code/resources/app/out/vs/code/node/sharedProcess/sharedProcessMain.js:16:40476)
    at MessagePortMain.emit (node:events:513:28)
    at MessagePortMain._internalPort.emit (node:electron/js2c/utility_init:2:367)
2023-08-11 19:12:58.655 [error] [uncaught exception in sharedProcess]: Cannot read properties of undefined (reading 'then'): TypeError: Cannot read properties of undefined (reading 'then')
    at y.s (/usr/share/code/resources/app/out/vs/code/node/sharedProcess/sharedProcessMain.js:23:4754)
    at y.q (/usr/share/code/resources/app/out/vs/code/node/sharedProcess/sharedProcessMain.js:23:4177)
    at a.value (/usr/share/code/resources/app/out/vs/code/node/sharedProcess/sharedProcessMain.js:23:3577)
    at p.w (/usr/share/code/resources/app/out/vs/code/node/sharedProcess/sharedProcessMain.js:18:1902)
    at p.x (/usr/share/code/resources/app/out/vs/code/node/sharedProcess/sharedProcessMain.js:18:1972)
    at p.fire (/usr/share/code/resources/app/out/vs/code/node/sharedProcess/sharedProcessMain.js:18:2188)
    at MessagePortMain.oe (/usr/share/code/resources/app/out/vs/code/node/sharedProcess/sharedProcessMain.js:16:40476)
    at MessagePortMain.emit (node:events:513:28)
    at MessagePortMain._internalPort.emit (node:electron/js2c/utility_init:2:367)
2023-08-11 19:13:03.785 [error] [uncaught exception in sharedProcess]: Cannot read properties of undefined (reading 'then'): TypeError: Cannot read properties of undefined (reading 'then')
    at y.s (/usr/share/code/resources/app/out/vs/code/node/sharedProcess/sharedProcessMain.js:23:4754)
    at y.q (/usr/share/code/resources/app/out/vs/code/node/sharedProcess/sharedProcessMain.js:23:4177)
    at a.value (/usr/share/code/resources/app/out/vs/code/node/sharedProcess/sharedProcessMain.js:23:3577)
    at p.w (/usr/share/code/resources/app/out/vs/code/node/sharedProcess/sharedProcessMain.js:18:1902)
    at p.x (/usr/share/code/resources/app/out/vs/code/node/sharedProcess/sharedProcessMain.js:18:1972)
    at p.fire (/usr/share/code/resources/app/out/vs/code/node/sharedProcess/sharedProcessMain.js:18:2188)
    at MessagePortMain.oe (/usr/share/code/resources/app/out/vs/code/node/sharedProcess/sharedProcessMain.js:16:40476)
    at MessagePortMain.emit (node:events:513:28)
    at MessagePortMain._internalPort.emit (node:electron/js2c/utility_init:2:367)
2023-08-11 19:13:03.787 [error] [uncaught exception in sharedProcess]: Cannot read properties of undefined (reading 'then'): TypeError: Cannot read properties of undefined (reading 'then')
    at y.s (/usr/share/code/resources/app/out/vs/code/node/sharedProcess/sharedProcessMain.js:23:4754)
    at y.q (/usr/share/code/resources/app/out/vs/code/node/sharedProcess/sharedProcessMain.js:23:4177)
    at a.value (/usr/share/code/resources/app/out/vs/code/node/sharedProcess/sharedProcessMain.js:23:3577)
    at p.w (/usr/share/code/resources/app/out/vs/code/node/sharedProcess/sharedProcessMain.js:18:1902)
    at p.x (/usr/share/code/resources/app/out/vs/code/node/sharedProcess/sharedProcessMain.js:18:1972)
    at p.fire (/usr/share/code/resources/app/out/vs/code/node/sharedProcess/sharedProcessMain.js:18:2188)
    at MessagePortMain.oe (/usr/share/code/resources/app/out/vs/code/node/sharedProcess/sharedProcessMain.js:16:40476)
    at MessagePortMain.emit (node:events:513:28)
    at MessagePortMain._internalPort.emit (node:electron/js2c/utility_init:2:367)
2023-08-11 19:13:55.892 [error] [uncaught exception in sharedProcess]: Cannot read properties of undefined (reading 'then'): TypeError: Cannot read properties of undefined (reading 'then')
    at y.s (/usr/share/code/resources/app/out/vs/code/node/sharedProcess/sharedProcessMain.js:23:4754)
    at y.q (/usr/share/code/resources/app/out/vs/code/node/sharedProcess/sharedProcessMain.js:23:4177)
    at a.value (/usr/share/code/resources/app/out/vs/code/node/sharedProcess/sharedProcessMain.js:23:3577)
    at p.w (/usr/share/code/resources/app/out/vs/code/node/sharedProcess/sharedProcessMain.js:18:1902)
    at p.x (/usr/share/code/resources/app/out/vs/code/node/sharedProcess/sharedProcessMain.js:18:1972)
    at p.fire (/usr/share/code/resources/app/out/vs/code/node/sharedProcess/sharedProcessMain.js:18:2188)
    at MessagePortMain.oe (/usr/share/code/resources/app/out/vs/code/node/sharedProcess/sharedProcessMain.js:16:40476)
    at MessagePortMain.emit (node:events:513:28)
    at MessagePortMain._internalPort.emit (node:electron/js2c/utility_init:2:367)
2023-08-11 19:13:55.892 [error] [uncaught exception in sharedProcess]: Cannot read properties of undefined (reading 'then'): TypeError: Cannot read properties of undefined (reading 'then')
    at y.s (/usr/share/code/resources/app/out/vs/code/node/sharedProcess/sharedProcessMain.js:23:4754)
    at y.q (/usr/share/code/resources/app/out/vs/code/node/sharedProcess/sharedProcessMain.js:23:4177)
    at a.value (/usr/share/code/resources/app/out/vs/code/node/sharedProcess/sharedProcessMain.js:23:3577)
    at p.w (/usr/share/code/resources/app/out/vs/code/node/sharedProcess/sharedProcessMain.js:18:1902)
    at p.x (/usr/share/code/resources/app/out/vs/code/node/sharedProcess/sharedProcessMain.js:18:1972)
    at p.fire (/usr/share/code/resources/app/out/vs/code/node/sharedProcess/sharedProcessMain.js:18:2188)
    at MessagePortMain.oe (/usr/share/code/resources/app/out/vs/code/node/sharedProcess/sharedProcessMain.js:16:40476)
    at MessagePortMain.emit (node:events:513:28)
    at MessagePortMain._internalPort.emit (node:electron/js2c/utility_init:2:367)
2023-08-11 19:14:01.901 [error] [uncaught exception in sharedProcess]: Cannot read properties of undefined (reading 'then'): TypeError: Cannot read properties of undefined (reading 'then')
    at y.s (/usr/share/code/resources/app/out/vs/code/node/sharedProcess/sharedProcessMain.js:23:4754)
    at y.q (/usr/share/code/resources/app/out/vs/code/node/sharedProcess/sharedProcessMain.js:23:4177)
    at a.value (/usr/share/code/resources/app/out/vs/code/node/sharedProcess/sharedProcessMain.js:23:3577)
    at p.w (/usr/share/code/resources/app/out/vs/code/node/sharedProcess/sharedProcessMain.js:18:1902)
    at p.x (/usr/share/code/resources/app/out/vs/code/node/sharedProcess/sharedProcessMain.js:18:1972)
    at p.fire (/usr/share/code/resources/app/out/vs/code/node/sharedProcess/sharedProcessMain.js:18:2188)
    at MessagePortMain.oe (/usr/share/code/resources/app/out/vs/code/node/sharedProcess/sharedProcessMain.js:16:40476)
    at MessagePortMain.emit (node:events:513:28)
    at MessagePortMain._internalPort.emit (node:electron/js2c/utility_init:2:367)
2023-08-11 19:14:01.904 [error] [uncaught exception in sharedProcess]: Cannot read properties of undefined (reading 'then'): TypeError: Cannot read properties of undefined (reading 'then')
    at y.s (/usr/share/code/resources/app/out/vs/code/node/sharedProcess/sharedProcessMain.js:23:4754)
    at y.q (/usr/share/code/resources/app/out/vs/code/node/sharedProcess/sharedProcessMain.js:23:4177)
    at a.value (/usr/share/code/resources/app/out/vs/code/node/sharedProcess/sharedProcessMain.js:23:3577)
    at p.w (/usr/share/code/resources/app/out/vs/code/node/sharedProcess/sharedProcessMain.js:18:1902)
    at p.x (/usr/share/code/resources/app/out/vs/code/node/sharedProcess/sharedProcessMain.js:18:1972)
    at p.fire (/usr/share/code/resources/app/out/vs/code/node/sharedProcess/sharedProcessMain.js:18:2188)
    at MessagePortMain.oe (/usr/share/code/resources/app/out/vs/code/node/sharedProcess/sharedProcessMain.js:16:40476)
    at MessagePortMain.emit (node:events:513:28)
    at MessagePortMain._internalPort.emit (node:electron/js2c/utility_init:2:367)
2023-08-11 19:14:03.257 [error] [uncaught exception in sharedProcess]: Cannot read properties of undefined (reading 'then'): TypeError: Cannot read properties of undefined (reading 'then')
    at y.s (/usr/share/code/resources/app/out/vs/code/node/sharedProcess/sharedProcessMain.js:23:4754)
    at y.q (/usr/share/code/resources/app/out/vs/code/node/sharedProcess/sharedProcessMain.js:23:4177)
    at a.value (/usr/share/code/resources/app/out/vs/code/node/sharedProcess/sharedProcessMain.js:23:3577)
    at p.w (/usr/share/code/resources/app/out/vs/code/node/sharedProcess/sharedProcessMain.js:18:1902)
    at p.x (/usr/share/code/resources/app/out/vs/code/node/sharedProcess/sharedProcessMain.js:18:1972)
    at p.fire (/usr/share/code/resources/app/out/vs/code/node/sharedProcess/sharedProcessMain.js:18:2188)
    at MessagePortMain.oe (/usr/share/code/resources/app/out/vs/code/node/sharedProcess/sharedProcessMain.js:16:40476)
    at MessagePortMain.emit (node:events:513:28)
    at MessagePortMain._internalPort.emit (node:electron/js2c/utility_init:2:367)
2023-08-11 19:14:07.105 [error] [uncaught exception in sharedProcess]: Cannot read properties of undefined (reading 'then'): TypeError: Cannot read properties of undefined (reading 'then')
    at y.s (/usr/share/code/resources/app/out/vs/code/node/sharedProcess/sharedProcessMain.js:23:4754)
    at y.q (/usr/share/code/resources/app/out/vs/code/node/sharedProcess/sharedProcessMain.js:23:4177)
    at a.value (/usr/share/code/resources/app/out/vs/code/node/sharedProcess/sharedProcessMain.js:23:3577)
    at p.w (/usr/share/code/resources/app/out/vs/code/node/sharedProcess/sharedProcessMain.js:18:1902)
    at p.x (/usr/share/code/resources/app/out/vs/code/node/sharedProcess/sharedProcessMain.js:18:1972)
    at p.fire (/usr/share/code/resources/app/out/vs/code/node/sharedProcess/sharedProcessMain.js:18:2188)
    at MessagePortMain.oe (/usr/share/code/resources/app/out/vs/code/node/sharedProcess/sharedProcessMain.js:16:40476)
    at MessagePortMain.emit (node:events:513:28)
    at MessagePortMain._internalPort.emit (node:electron/js2c/utility_init:2:367)
2023-08-11 19:15:42.733 [error] [uncaught exception in sharedProcess]: Cannot read properties of undefined (reading 'then'): TypeError: Cannot read properties of undefined (reading 'then')
    at y.s (/usr/share/code/resources/app/out/vs/code/node/sharedProcess/sharedProcessMain.js:23:4754)
    at y.q (/usr/share/code/resources/app/out/vs/code/node/sharedProcess/sharedProcessMain.js:23:4177)
    at a.value (/usr/share/code/resources/app/out/vs/code/node/sharedProcess/sharedProcessMain.js:23:3577)
    at p.w (/usr/share/code/resources/app/out/vs/code/node/sharedProcess/sharedProcessMain.js:18:1902)
    at p.x (/usr/share/code/resources/app/out/vs/code/node/sharedProcess/sharedProcessMain.js:18:1972)
    at p.fire (/usr/share/code/resources/app/out/vs/code/node/sharedProcess/sharedProcessMain.js:18:2188)
    at MessagePortMain.oe (/usr/share/code/resources/app/out/vs/code/node/sharedProcess/sharedProcessMain.js:16:40476)
    at MessagePortMain.emit (node:events:513:28)
    at MessagePortMain._internalPort.emit (node:electron/js2c/utility_init:2:367)
2023-08-11 19:15:42.733 [error] [uncaught exception in sharedProcess]: Cannot read properties of undefined (reading 'then'): TypeError: Cannot read properties of undefined (reading 'then')
    at y.s (/usr/share/code/resources/app/out/vs/code/node/sharedProcess/sharedProcessMain.js:23:4754)
    at y.q (/usr/share/code/resources/app/out/vs/code/node/sharedProcess/sharedProcessMain.js:23:4177)
    at a.value (/usr/share/code/resources/app/out/vs/code/node/sharedProcess/sharedProcessMain.js:23:3577)
    at p.w (/usr/share/code/resources/app/out/vs/code/node/sharedProcess/sharedProcessMain.js:18:1902)
    at p.x (/usr/share/code/resources/app/out/vs/code/node/sharedProcess/sharedProcessMain.js:18:1972)
    at p.fire (/usr/share/code/resources/app/out/vs/code/node/sharedProcess/sharedProcessMain.js:18:2188)
    at MessagePortMain.oe (/usr/share/code/resources/app/out/vs/code/node/sharedProcess/sharedProcessMain.js:16:40476)
    at MessagePortMain.emit (node:events:513:28)
    at MessagePortMain._internalPort.emit (node:electron/js2c/utility_init:2:367)
2023-08-11 19:15:51.545 [error] [uncaught exception in sharedProcess]: Cannot read properties of undefined (reading 'then'): TypeError: Cannot read properties of undefined (reading 'then')
    at y.s (/usr/share/code/resources/app/out/vs/code/node/sharedProcess/sharedProcessMain.js:23:4754)
    at y.q (/usr/share/code/resources/app/out/vs/code/node/sharedProcess/sharedProcessMain.js:23:4177)
    at a.value (/usr/share/code/resources/app/out/vs/code/node/sharedProcess/sharedProcessMain.js:23:3577)
    at p.w (/usr/share/code/resources/app/out/vs/code/node/sharedProcess/sharedProcessMain.js:18:1902)
    at p.x (/usr/share/code/resources/app/out/vs/code/node/sharedProcess/sharedProcessMain.js:18:1972)
    at p.fire (/usr/share/code/resources/app/out/vs/code/node/sharedProcess/sharedProcessMain.js:18:2188)
    at MessagePortMain.oe (/usr/share/code/resources/app/out/vs/code/node/sharedProcess/sharedProcessMain.js:16:40476)
    at MessagePortMain.emit (node:events:513:28)
    at MessagePortMain._internalPort.emit (node:electron/js2c/utility_init:2:367)
