2023-08-14 18:59:59.303 [info] Log level: Info
2023-08-14 18:59:59.303 [info] Validating found git in: "git"
2023-08-14 18:59:59.303 [info] Using git "2.37.2" from "git"
2023-08-14 18:59:59.303 [info] > git rev-parse --show-toplevel [4ms]
2023-08-14 18:59:59.303 [info] > git rev-parse --git-dir --git-common-dir [1ms]
2023-08-14 18:59:59.303 [info] Open repository: /home/limhs/vscode_todo
2023-08-14 18:59:59.303 [info] > git config --get commit.template [7ms]
2023-08-14 18:59:59.303 [info] > git rev-parse --show-toplevel [17ms]
2023-08-14 18:59:59.303 [info] > git rev-parse --show-toplevel [5ms]
2023-08-14 18:59:59.303 [info] > git rev-parse --show-toplevel [7ms]
2023-08-14 18:59:59.303 [info] > git rev-parse --show-toplevel [24ms]
2023-08-14 18:59:59.303 [info] > git for-each-ref --format=%(refname)%00%(upstream:short)%00%(objectname)%00%(upstream:track)%00%(upstream:remotename)%00%(upstream:remoteref) refs/heads/main refs/remotes/main [61ms]
2023-08-14 18:59:59.303 [info] > git rev-parse --show-toplevel [28ms]
2023-08-14 18:59:59.305 [info] > git status -z -uall [57ms]
2023-08-14 18:59:59.305 [info] > git rev-parse --show-toplevel [21ms]
2023-08-14 18:59:59.424 [info] > git rev-parse --show-toplevel [102ms]
2023-08-14 18:59:59.429 [info] > git config --get commit.template [10ms]
2023-08-14 18:59:59.429 [info] > git rev-parse --show-toplevel [1ms]
2023-08-14 18:59:59.439 [info] > git rev-parse --show-toplevel [5ms]
2023-08-14 18:59:59.444 [info] > git for-each-ref --format=%(refname)%00%(upstream:short)%00%(objectname)%00%(upstream:track)%00%(upstream:remotename)%00%(upstream:remoteref) refs/heads/main refs/remotes/main [6ms]
2023-08-14 18:59:59.452 [info] > git rev-parse --show-toplevel [8ms]
2023-08-14 18:59:59.458 [info] > git rev-parse --show-toplevel [1ms]
2023-08-14 18:59:59.708 [info] > git status -z -uall [257ms]
2023-08-14 18:59:59.708 [info] > git rev-parse --show-toplevel [244ms]
2023-08-14 18:59:59.765 [info] > git rev-parse --show-toplevel [49ms]
2023-08-14 18:59:59.784 [info] > git rev-parse --show-toplevel [11ms]
2023-08-14 18:59:59.796 [info] > git rev-parse --show-toplevel [8ms]
2023-08-14 18:59:59.806 [info] > git rev-parse --show-toplevel [4ms]
2023-08-14 18:59:59.811 [info] > git check-ignore -v -z --stdin [6ms]
2023-08-14 18:59:59.813 [info] > git rev-parse --show-toplevel [2ms]
2023-08-14 18:59:59.819 [info] > git rev-parse --show-toplevel [1ms]
2023-08-14 18:59:59.825 [info] > git rev-parse --show-toplevel [1ms]
2023-08-14 18:59:59.830 [info] > git rev-parse --show-toplevel [0ms]
2023-08-14 18:59:59.835 [info] > git rev-parse --show-toplevel [1ms]
2023-08-14 18:59:59.968 [info] > git rev-parse --show-toplevel [130ms]
2023-08-14 19:00:00.482 [info] > git show --textconv :app/models/account.model.js [8ms]
2023-08-14 19:00:00.486 [info] > git ls-files --stage -- /home/limhs/vscode_todo/app/models/account.model.js [5ms]
2023-08-14 19:00:01.982 [info] > git config --get commit.template [1ms]
2023-08-14 19:00:01.987 [info] > git for-each-ref --format=%(refname)%00%(upstream:short)%00%(objectname)%00%(upstream:track)%00%(upstream:remotename)%00%(upstream:remoteref) refs/heads/main refs/remotes/main [1ms]
2023-08-14 19:00:01.997 [info] > git status -z -uall [6ms]
2023-08-14 19:00:07.018 [info] > git config --get commit.template [1ms]
2023-08-14 19:00:07.022 [info] > git for-each-ref --format=%(refname)%00%(upstream:short)%00%(objectname)%00%(upstream:track)%00%(upstream:remotename)%00%(upstream:remoteref) refs/heads/main refs/remotes/main [1ms]
2023-08-14 19:00:07.030 [info] > git status -z -uall [5ms]
2023-08-14 19:00:13.661 [info] > git config --get commit.template [7ms]
2023-08-14 19:00:13.662 [info] > git for-each-ref --format=%(refname)%00%(upstream:short)%00%(objectname)%00%(upstream:track)%00%(upstream:remotename)%00%(upstream:remoteref) refs/heads/main refs/remotes/main [2ms]
2023-08-14 19:00:13.675 [info] > git status -z -uall [7ms]
2023-08-14 19:00:18.690 [info] > git config --get commit.template [0ms]
2023-08-14 19:00:18.694 [info] > git for-each-ref --format=%(refname)%00%(upstream:short)%00%(objectname)%00%(upstream:track)%00%(upstream:remotename)%00%(upstream:remoteref) refs/heads/main refs/remotes/main [1ms]
2023-08-14 19:00:18.702 [info] > git status -z -uall [4ms]
2023-08-14 19:00:32.660 [info] > git config --get commit.template [4ms]
2023-08-14 19:00:32.661 [info] > git for-each-ref --format=%(refname)%00%(upstream:short)%00%(objectname)%00%(upstream:track)%00%(upstream:remotename)%00%(upstream:remoteref) refs/heads/main refs/remotes/main [1ms]
2023-08-14 19:00:32.670 [info] > git status -z -uall [6ms]
2023-08-14 19:00:38.863 [info] > git config --get commit.template [4ms]
2023-08-14 19:00:38.865 [info] > git for-each-ref --format=%(refname)%00%(upstream:short)%00%(objectname)%00%(upstream:track)%00%(upstream:remotename)%00%(upstream:remoteref) refs/heads/main refs/remotes/main [3ms]
2023-08-14 19:00:38.876 [info] > git status -z -uall [7ms]
2023-08-14 19:00:39.296 [info] > git show --textconv :app/models/kakao_user.js [6ms]
2023-08-14 19:00:39.296 [info] > git ls-files --stage -- /home/limhs/vscode_todo/app/models/kakao_user.js [1ms]
2023-08-14 19:01:24.500 [info] > git config --get commit.template [5ms]
2023-08-14 19:01:24.500 [info] > git for-each-ref --format=%(refname)%00%(upstream:short)%00%(objectname)%00%(upstream:track)%00%(upstream:remotename)%00%(upstream:remoteref) refs/heads/main refs/remotes/main [1ms]
2023-08-14 19:01:24.509 [info] > git status -z -uall [5ms]
