2023-08-11 17:10:52.973 [info] Log level: Info
2023-08-11 17:10:52.973 [info] Validating found git in: "git"
2023-08-11 17:10:52.973 [info] Using git "2.37.2" from "git"
2023-08-11 17:10:52.973 [info] > git rev-parse --show-toplevel [23ms]
2023-08-11 17:10:52.973 [info] > git rev-parse --git-dir --git-common-dir [16ms]
2023-08-11 17:10:52.973 [info] Open repository: /home/limhs/vscode_todo
2023-08-11 17:10:52.973 [info] > git rev-parse --show-toplevel [25ms]
2023-08-11 17:10:52.975 [info] > git rev-parse --show-toplevel [12ms]
2023-08-11 17:10:52.981 [info] > git config --get commit.template [43ms]
2023-08-11 17:10:53.000 [info] > git rev-parse --show-toplevel [20ms]
2023-08-11 17:10:53.042 [info] > git rev-parse --show-toplevel [20ms]
2023-08-11 17:10:53.051 [info] > git for-each-ref --format=%(refname)%00%(upstream:short)%00%(objectname)%00%(upstream:track)%00%(upstream:remotename)%00%(upstream:remoteref) refs/heads/main refs/remotes/main [9ms]
2023-08-11 17:10:53.069 [info] > git rev-parse --show-toplevel [20ms]
2023-08-11 17:10:53.077 [info] > git status -z -uall [9ms]
2023-08-11 17:10:53.481 [info] > git rev-parse --show-toplevel [406ms]
2023-08-11 17:10:53.491 [info] > git rev-parse --show-toplevel [4ms]
2023-08-11 17:10:53.507 [info] > git config --get commit.template [27ms]
2023-08-11 17:10:53.529 [info] > git rev-parse --show-toplevel [22ms]
2023-08-11 17:10:53.539 [info] > git rev-parse --show-toplevel [5ms]
2023-08-11 17:10:53.545 [info] > git rev-parse --show-toplevel [1ms]
2023-08-11 17:10:53.550 [info] > git for-each-ref --format=%(refname)%00%(upstream:short)%00%(objectname)%00%(upstream:track)%00%(upstream:remotename)%00%(upstream:remoteref) refs/heads/main refs/remotes/main [11ms]
2023-08-11 17:10:53.556 [info] > git rev-parse --show-toplevel [6ms]
2023-08-11 17:10:53.562 [info] > git rev-parse --show-toplevel [2ms]
2023-08-11 17:10:53.569 [info] > git status -z -uall [12ms]
2023-08-11 17:10:53.597 [info] > git rev-parse --show-toplevel [29ms]
2023-08-11 17:10:53.604 [info] > git rev-parse --show-toplevel [1ms]
2023-08-11 17:10:53.638 [info] > git rev-parse --show-toplevel [17ms]
2023-08-11 17:10:53.647 [info] > git rev-parse --show-toplevel [1ms]
2023-08-11 17:10:53.674 [info] > git rev-parse --show-toplevel [21ms]
2023-08-11 17:10:53.772 [info] > git rev-parse --show-toplevel [94ms]
2023-08-11 17:10:53.777 [info] > git rev-parse --show-toplevel [1ms]
2023-08-11 17:10:53.809 [info] > git rev-parse --show-toplevel [27ms]
2023-08-11 17:10:53.820 [info] > git rev-parse --show-toplevel [0ms]
2023-08-11 17:10:54.020 [info] > git check-ignore -v -z --stdin [3ms]
2023-08-11 17:10:54.508 [info] > git show --textconv :server.js [6ms]
2023-08-11 17:10:54.509 [info] > git ls-files --stage -- /home/limhs/vscode_todo/server.js [1ms]
2023-08-11 17:10:54.515 [info] > git cat-file -s 0dfbd41a47ad286fbab1c6f27ad883b0f89f104a [1ms]
2023-08-11 17:10:56.174 [info] > git config --get commit.template [2ms]
2023-08-11 17:10:56.179 [info] > git for-each-ref --format=%(refname)%00%(upstream:short)%00%(objectname)%00%(upstream:track)%00%(upstream:remotename)%00%(upstream:remoteref) refs/heads/main refs/remotes/main [0ms]
2023-08-11 17:10:56.188 [info] > git status -z -uall [4ms]
2023-08-11 17:11:01.375 [info] > git config --get commit.template [1ms]
2023-08-11 17:11:01.381 [info] > git for-each-ref --format=%(refname)%00%(upstream:short)%00%(objectname)%00%(upstream:track)%00%(upstream:remotename)%00%(upstream:remoteref) refs/heads/main refs/remotes/main [1ms]
2023-08-11 17:11:01.393 [info] > git status -z -uall [6ms]
2023-08-11 17:11:21.508 [info] > git config --get commit.template [0ms]
2023-08-11 17:11:21.513 [info] > git for-each-ref --format=%(refname)%00%(upstream:short)%00%(objectname)%00%(upstream:track)%00%(upstream:remotename)%00%(upstream:remoteref) refs/heads/main refs/remotes/main [0ms]
2023-08-11 17:11:21.523 [info] > git status -z -uall [5ms]
2023-08-11 17:11:26.544 [info] > git config --get commit.template [0ms]
2023-08-11 17:11:26.548 [info] > git for-each-ref --format=%(refname)%00%(upstream:short)%00%(objectname)%00%(upstream:track)%00%(upstream:remotename)%00%(upstream:remoteref) refs/heads/main refs/remotes/main [1ms]
2023-08-11 17:11:26.556 [info] > git status -z -uall [4ms]
2023-08-11 17:11:34.201 [info] > git config --get commit.template [6ms]
2023-08-11 17:11:34.201 [info] > git for-each-ref --format=%(refname)%00%(upstream:short)%00%(objectname)%00%(upstream:track)%00%(upstream:remotename)%00%(upstream:remoteref) refs/heads/main refs/remotes/main [1ms]
2023-08-11 17:11:34.223 [info] > git status -z -uall [17ms]
2023-08-11 17:11:39.246 [info] > git config --get commit.template [4ms]
2023-08-11 17:11:39.246 [info] > git for-each-ref --format=%(refname)%00%(upstream:short)%00%(objectname)%00%(upstream:track)%00%(upstream:remotename)%00%(upstream:remoteref) refs/heads/main refs/remotes/main [1ms]
2023-08-11 17:11:39.256 [info] > git status -z -uall [5ms]
2023-08-11 17:11:44.273 [info] > git config --get commit.template [3ms]
2023-08-11 17:11:44.273 [info] > git for-each-ref --format=%(refname)%00%(upstream:short)%00%(objectname)%00%(upstream:track)%00%(upstream:remotename)%00%(upstream:remoteref) refs/heads/main refs/remotes/main [1ms]
2023-08-11 17:11:44.280 [info] > git status -z -uall [4ms]
2023-08-11 17:11:45.009 [info] > git check-ignore -v -z --stdin [1ms]
2023-08-11 17:11:49.295 [info] > git config --get commit.template [0ms]
2023-08-11 17:11:49.299 [info] > git for-each-ref --format=%(refname)%00%(upstream:short)%00%(objectname)%00%(upstream:track)%00%(upstream:remotename)%00%(upstream:remoteref) refs/heads/main refs/remotes/main [0ms]
2023-08-11 17:11:49.308 [info] > git status -z -uall [5ms]
2023-08-11 17:11:50.263 [info] > git check-ignore -v -z --stdin [0ms]
2023-08-11 17:11:55.559 [info] > git config --get commit.template [5ms]
2023-08-11 17:11:55.559 [info] > git for-each-ref --format=%(refname)%00%(upstream:short)%00%(objectname)%00%(upstream:track)%00%(upstream:remotename)%00%(upstream:remoteref) refs/heads/main refs/remotes/main [1ms]
2023-08-11 17:11:55.569 [info] > git status -z -uall [5ms]
2023-08-11 17:11:58.383 [info] > git show --textconv :app/routes/google_auth.js [5ms]
2023-08-11 17:11:58.384 [info] > git ls-files --stage -- /home/limhs/vscode_todo/app/routes/google_auth.js [1ms]
2023-08-11 17:11:58.654 [info] > git check-ignore -v -z --stdin [1ms]
2023-08-11 17:12:00.591 [info] > git config --get commit.template [3ms]
2023-08-11 17:12:00.591 [info] > git for-each-ref --format=%(refname)%00%(upstream:short)%00%(objectname)%00%(upstream:track)%00%(upstream:remotename)%00%(upstream:remoteref) refs/heads/main refs/remotes/main [1ms]
2023-08-11 17:12:00.599 [info] > git status -z -uall [4ms]
2023-08-11 17:12:05.617 [info] > git config --get commit.template [5ms]
2023-08-11 17:12:05.617 [info] > git for-each-ref --format=%(refname)%00%(upstream:short)%00%(objectname)%00%(upstream:track)%00%(upstream:remotename)%00%(upstream:remoteref) refs/heads/main refs/remotes/main [1ms]
2023-08-11 17:12:05.627 [info] > git status -z -uall [5ms]
2023-08-11 17:12:10.644 [info] > git config --get commit.template [1ms]
2023-08-11 17:12:10.648 [info] > git for-each-ref --format=%(refname)%00%(upstream:short)%00%(objectname)%00%(upstream:track)%00%(upstream:remotename)%00%(upstream:remoteref) refs/heads/main refs/remotes/main [1ms]
2023-08-11 17:12:10.656 [info] > git status -z -uall [5ms]
