2023-08-11 15:04:53.915 [info] Log level: Info
2023-08-11 15:04:53.915 [info] Validating found git in: "git"
2023-08-11 15:04:53.915 [info] Using git "2.37.2" from "git"
2023-08-11 15:04:53.915 [info] > git rev-parse --show-toplevel [22ms]
2023-08-11 15:04:53.915 [info] > git rev-parse --git-dir --git-common-dir [22ms]
2023-08-11 15:04:53.915 [info] Open repository: /home/limhs/vscode_todo
2023-08-11 15:04:53.915 [info] > git rev-parse --show-toplevel [34ms]
2023-08-11 15:04:53.915 [info] > git config --get commit.template [24ms]
2023-08-11 15:04:53.915 [info] > git rev-parse --show-toplevel [1ms]
2023-08-11 15:04:53.923 [info] > git rev-parse --show-toplevel [4ms]
2023-08-11 15:04:53.943 [info] > git rev-parse --show-toplevel [5ms]
2023-08-11 15:04:53.961 [info] > git for-each-ref --format=%(refname)%00%(upstream:short)%00%(objectname)%00%(upstream:track)%00%(upstream:remotename)%00%(upstream:remoteref) refs/heads/main refs/remotes/main [38ms]
2023-08-11 15:04:53.982 [info] > git rev-parse --show-toplevel [22ms]
2023-08-11 15:04:54.032 [info] > git status -z -uall [55ms]
2023-08-11 15:04:54.033 [info] > git rev-parse --show-toplevel [24ms]
2023-08-11 15:04:54.127 [info] > git rev-parse --show-toplevel [70ms]
2023-08-11 15:04:54.150 [info] > git rev-parse --show-toplevel [6ms]
2023-08-11 15:04:54.163 [info] > git config --get commit.template [39ms]
2023-08-11 15:04:54.164 [info] > git rev-parse --show-toplevel [1ms]
2023-08-11 15:04:54.373 [info] > git rev-parse --show-toplevel [205ms]
2023-08-11 15:04:54.396 [info] > git rev-parse --show-toplevel [5ms]
2023-08-11 15:04:54.414 [info] > git for-each-ref --format=%(refname)%00%(upstream:short)%00%(objectname)%00%(upstream:track)%00%(upstream:remotename)%00%(upstream:remoteref) refs/heads/main refs/remotes/main [54ms]
2023-08-11 15:04:54.547 [info] > git status -z -uall [107ms]
2023-08-11 15:04:54.577 [info] > git rev-parse --show-toplevel [164ms]
2023-08-11 15:04:54.618 [info] > git rev-parse --show-toplevel [16ms]
2023-08-11 15:04:54.627 [info] > git rev-parse --show-toplevel [1ms]
2023-08-11 15:04:54.822 [info] > git rev-parse --show-toplevel [190ms]
2023-08-11 15:04:54.882 [info] > git rev-parse --show-toplevel [37ms]
2023-08-11 15:04:54.911 [info] > git check-ignore -v -z --stdin [36ms]
2023-08-11 15:04:54.912 [info] > git rev-parse --show-toplevel [5ms]
2023-08-11 15:04:54.937 [info] > git rev-parse --show-toplevel [6ms]
2023-08-11 15:04:54.951 [info] > git rev-parse --show-toplevel [1ms]
2023-08-11 15:04:55.477 [info] > git show --textconv :server.js [31ms]
2023-08-11 15:04:55.477 [info] > git ls-files --stage -- /home/limhs/vscode_todo/server.js [21ms]
2023-08-11 15:04:55.482 [info] > git cat-file -s 0dfbd41a47ad286fbab1c6f27ad883b0f89f104a [1ms]
2023-08-11 15:04:57.559 [info] > git config --get commit.template [0ms]
2023-08-11 15:04:57.564 [info] > git for-each-ref --format=%(refname)%00%(upstream:short)%00%(objectname)%00%(upstream:track)%00%(upstream:remotename)%00%(upstream:remoteref) refs/heads/main refs/remotes/main [1ms]
2023-08-11 15:04:57.571 [info] > git status -z -uall [3ms]
2023-08-11 15:05:05.424 [info] > git config --get commit.template [5ms]
2023-08-11 15:05:05.425 [info] > git for-each-ref --format=%(refname)%00%(upstream:short)%00%(objectname)%00%(upstream:track)%00%(upstream:remotename)%00%(upstream:remoteref) refs/heads/main refs/remotes/main [1ms]
2023-08-11 15:05:05.433 [info] > git status -z -uall [4ms]
2023-08-11 15:06:30.679 [info] > git config --get commit.template [4ms]
2023-08-11 15:06:30.680 [info] > git for-each-ref --format=%(refname)%00%(upstream:short)%00%(objectname)%00%(upstream:track)%00%(upstream:remotename)%00%(upstream:remoteref) refs/heads/main refs/remotes/main [1ms]
2023-08-11 15:06:30.687 [info] > git status -z -uall [4ms]
2023-08-11 15:06:35.700 [info] > git config --get commit.template [3ms]
2023-08-11 15:06:35.700 [info] > git for-each-ref --format=%(refname)%00%(upstream:short)%00%(objectname)%00%(upstream:track)%00%(upstream:remotename)%00%(upstream:remoteref) refs/heads/main refs/remotes/main [1ms]
2023-08-11 15:06:35.706 [info] > git status -z -uall [3ms]
2023-08-11 15:06:40.718 [info] > git config --get commit.template [3ms]
2023-08-11 15:06:40.718 [info] > git for-each-ref --format=%(refname)%00%(upstream:short)%00%(objectname)%00%(upstream:track)%00%(upstream:remotename)%00%(upstream:remoteref) refs/heads/main refs/remotes/main [0ms]
2023-08-11 15:06:40.726 [info] > git status -z -uall [3ms]
2023-08-11 15:06:45.737 [info] > git config --get commit.template [3ms]
2023-08-11 15:06:45.737 [info] > git for-each-ref --format=%(refname)%00%(upstream:short)%00%(objectname)%00%(upstream:track)%00%(upstream:remotename)%00%(upstream:remoteref) refs/heads/main refs/remotes/main [0ms]
2023-08-11 15:06:45.743 [info] > git status -z -uall [3ms]
2023-08-11 15:06:50.754 [info] > git config --get commit.template [3ms]
2023-08-11 15:06:50.754 [info] > git for-each-ref --format=%(refname)%00%(upstream:short)%00%(objectname)%00%(upstream:track)%00%(upstream:remotename)%00%(upstream:remoteref) refs/heads/main refs/remotes/main [1ms]
2023-08-11 15:06:50.760 [info] > git status -z -uall [3ms]
2023-08-11 15:06:55.772 [info] > git config --get commit.template [3ms]
2023-08-11 15:06:55.772 [info] > git for-each-ref --format=%(refname)%00%(upstream:short)%00%(objectname)%00%(upstream:track)%00%(upstream:remotename)%00%(upstream:remoteref) refs/heads/main refs/remotes/main [1ms]
2023-08-11 15:06:55.779 [info] > git status -z -uall [3ms]
2023-08-11 15:07:00.789 [info] > git config --get commit.template [1ms]
2023-08-11 15:07:00.793 [info] > git for-each-ref --format=%(refname)%00%(upstream:short)%00%(objectname)%00%(upstream:track)%00%(upstream:remotename)%00%(upstream:remoteref) refs/heads/main refs/remotes/main [1ms]
2023-08-11 15:07:00.799 [info] > git status -z -uall [3ms]
2023-08-11 15:07:05.811 [info] > git config --get commit.template [4ms]
2023-08-11 15:07:05.811 [info] > git for-each-ref --format=%(refname)%00%(upstream:short)%00%(objectname)%00%(upstream:track)%00%(upstream:remotename)%00%(upstream:remoteref) refs/heads/main refs/remotes/main [1ms]
2023-08-11 15:07:05.818 [info] > git status -z -uall [4ms]
2023-08-11 15:07:10.830 [info] > git config --get commit.template [3ms]
2023-08-11 15:07:10.830 [info] > git for-each-ref --format=%(refname)%00%(upstream:short)%00%(objectname)%00%(upstream:track)%00%(upstream:remotename)%00%(upstream:remoteref) refs/heads/main refs/remotes/main [0ms]
2023-08-11 15:07:10.837 [info] > git status -z -uall [4ms]
2023-08-11 15:07:30.140 [info] > git config --get commit.template [4ms]
2023-08-11 15:07:30.140 [info] > git for-each-ref --format=%(refname)%00%(upstream:short)%00%(objectname)%00%(upstream:track)%00%(upstream:remotename)%00%(upstream:remoteref) refs/heads/main refs/remotes/main [1ms]
2023-08-11 15:07:30.148 [info] > git status -z -uall [3ms]
2023-08-11 15:07:35.159 [info] > git config --get commit.template [4ms]
2023-08-11 15:07:35.159 [info] > git for-each-ref --format=%(refname)%00%(upstream:short)%00%(objectname)%00%(upstream:track)%00%(upstream:remotename)%00%(upstream:remoteref) refs/heads/main refs/remotes/main [0ms]
2023-08-11 15:07:35.168 [info] > git status -z -uall [4ms]
2023-08-11 15:07:52.078 [info] > git config --get commit.template [1ms]
2023-08-11 15:07:52.084 [info] > git for-each-ref --format=%(refname)%00%(upstream:short)%00%(objectname)%00%(upstream:track)%00%(upstream:remotename)%00%(upstream:remoteref) refs/heads/main refs/remotes/main [0ms]
2023-08-11 15:07:52.091 [info] > git status -z -uall [3ms]
2023-08-11 15:07:57.102 [info] > git config --get commit.template [3ms]
2023-08-11 15:07:57.102 [info] > git for-each-ref --format=%(refname)%00%(upstream:short)%00%(objectname)%00%(upstream:track)%00%(upstream:remotename)%00%(upstream:remoteref) refs/heads/main refs/remotes/main [0ms]
2023-08-11 15:07:57.108 [info] > git status -z -uall [3ms]
2023-08-11 15:08:08.192 [info] > git config --get commit.template [1ms]
2023-08-11 15:08:08.198 [info] > git for-each-ref --format=%(refname)%00%(upstream:short)%00%(objectname)%00%(upstream:track)%00%(upstream:remotename)%00%(upstream:remoteref) refs/heads/main refs/remotes/main [1ms]
2023-08-11 15:08:08.207 [info] > git status -z -uall [4ms]
2023-08-11 15:08:13.218 [info] > git config --get commit.template [1ms]
2023-08-11 15:08:13.222 [info] > git for-each-ref --format=%(refname)%00%(upstream:short)%00%(objectname)%00%(upstream:track)%00%(upstream:remotename)%00%(upstream:remoteref) refs/heads/main refs/remotes/main [1ms]
2023-08-11 15:08:13.229 [info] > git status -z -uall [4ms]
2023-08-11 15:08:18.242 [info] > git config --get commit.template [5ms]
2023-08-11 15:08:18.242 [info] > git for-each-ref --format=%(refname)%00%(upstream:short)%00%(objectname)%00%(upstream:track)%00%(upstream:remotename)%00%(upstream:remoteref) refs/heads/main refs/remotes/main [0ms]
2023-08-11 15:08:18.249 [info] > git status -z -uall [4ms]
2023-08-11 15:09:02.217 [info] > git config --get commit.template [1ms]
2023-08-11 15:09:02.223 [info] > git for-each-ref --format=%(refname)%00%(upstream:short)%00%(objectname)%00%(upstream:track)%00%(upstream:remotename)%00%(upstream:remoteref) refs/heads/main refs/remotes/main [0ms]
2023-08-11 15:09:02.232 [info] > git status -z -uall [4ms]
2023-08-11 15:09:07.246 [info] > git config --get commit.template [3ms]
2023-08-11 15:09:07.247 [info] > git for-each-ref --format=%(refname)%00%(upstream:short)%00%(objectname)%00%(upstream:track)%00%(upstream:remotename)%00%(upstream:remoteref) refs/heads/main refs/remotes/main [1ms]
2023-08-11 15:09:07.254 [info] > git status -z -uall [4ms]
2023-08-11 15:09:12.263 [info] > git config --get commit.template [1ms]
2023-08-11 15:09:12.267 [info] > git for-each-ref --format=%(refname)%00%(upstream:short)%00%(objectname)%00%(upstream:track)%00%(upstream:remotename)%00%(upstream:remoteref) refs/heads/main refs/remotes/main [1ms]
2023-08-11 15:09:12.273 [info] > git status -z -uall [3ms]
2023-08-11 15:09:17.285 [info] > git config --get commit.template [2ms]
2023-08-11 15:09:17.286 [info] > git for-each-ref --format=%(refname)%00%(upstream:short)%00%(objectname)%00%(upstream:track)%00%(upstream:remotename)%00%(upstream:remoteref) refs/heads/main refs/remotes/main [1ms]
2023-08-11 15:09:17.292 [info] > git status -z -uall [4ms]
2023-08-11 15:09:22.972 [info] > git config --get commit.template [5ms]
2023-08-11 15:09:22.972 [info] > git for-each-ref --format=%(refname)%00%(upstream:short)%00%(objectname)%00%(upstream:track)%00%(upstream:remotename)%00%(upstream:remoteref) refs/heads/main refs/remotes/main [1ms]
2023-08-11 15:09:22.979 [info] > git status -z -uall [4ms]
2023-08-11 15:09:27.988 [info] > git config --get commit.template [3ms]
2023-08-11 15:09:27.989 [info] > git for-each-ref --format=%(refname)%00%(upstream:short)%00%(objectname)%00%(upstream:track)%00%(upstream:remotename)%00%(upstream:remoteref) refs/heads/main refs/remotes/main [1ms]
2023-08-11 15:09:27.995 [info] > git status -z -uall [4ms]
2023-08-11 15:09:34.733 [info] > git config --get commit.template [1ms]
2023-08-11 15:09:34.738 [info] > git for-each-ref --format=%(refname)%00%(upstream:short)%00%(objectname)%00%(upstream:track)%00%(upstream:remotename)%00%(upstream:remoteref) refs/heads/main refs/remotes/main [1ms]
2023-08-11 15:09:34.746 [info] > git status -z -uall [4ms]
2023-08-11 15:09:40.080 [info] > git config --get commit.template [1ms]
2023-08-11 15:09:40.087 [info] > git for-each-ref --format=%(refname)%00%(upstream:short)%00%(objectname)%00%(upstream:track)%00%(upstream:remotename)%00%(upstream:remoteref) refs/heads/main refs/remotes/main [1ms]
2023-08-11 15:09:40.094 [info] > git status -z -uall [4ms]
2023-08-11 15:09:45.103 [info] > git config --get commit.template [0ms]
2023-08-11 15:09:45.107 [info] > git for-each-ref --format=%(refname)%00%(upstream:short)%00%(objectname)%00%(upstream:track)%00%(upstream:remotename)%00%(upstream:remoteref) refs/heads/main refs/remotes/main [1ms]
2023-08-11 15:09:45.114 [info] > git status -z -uall [3ms]
2023-08-11 15:09:50.126 [info] > git config --get commit.template [3ms]
2023-08-11 15:09:50.126 [info] > git for-each-ref --format=%(refname)%00%(upstream:short)%00%(objectname)%00%(upstream:track)%00%(upstream:remotename)%00%(upstream:remoteref) refs/heads/main refs/remotes/main [0ms]
2023-08-11 15:09:50.132 [info] > git status -z -uall [3ms]
2023-08-11 15:09:55.143 [info] > git config --get commit.template [3ms]
2023-08-11 15:09:55.143 [info] > git for-each-ref --format=%(refname)%00%(upstream:short)%00%(objectname)%00%(upstream:track)%00%(upstream:remotename)%00%(upstream:remoteref) refs/heads/main refs/remotes/main [0ms]
2023-08-11 15:09:55.150 [info] > git status -z -uall [3ms]
2023-08-11 15:10:00.162 [info] > git config --get commit.template [2ms]
2023-08-11 15:10:00.162 [info] > git for-each-ref --format=%(refname)%00%(upstream:short)%00%(objectname)%00%(upstream:track)%00%(upstream:remotename)%00%(upstream:remoteref) refs/heads/main refs/remotes/main [1ms]
2023-08-11 15:10:00.168 [info] > git status -z -uall [3ms]
2023-08-11 15:10:29.791 [info] > git config --get commit.template [1ms]
2023-08-11 15:10:29.796 [info] > git for-each-ref --format=%(refname)%00%(upstream:short)%00%(objectname)%00%(upstream:track)%00%(upstream:remotename)%00%(upstream:remoteref) refs/heads/main refs/remotes/main [1ms]
2023-08-11 15:10:29.805 [info] > git status -z -uall [4ms]
2023-08-11 15:10:34.820 [info] > git config --get commit.template [5ms]
2023-08-11 15:10:34.820 [info] > git for-each-ref --format=%(refname)%00%(upstream:short)%00%(objectname)%00%(upstream:track)%00%(upstream:remotename)%00%(upstream:remoteref) refs/heads/main refs/remotes/main [1ms]
2023-08-11 15:10:34.827 [info] > git status -z -uall [4ms]
2023-08-11 15:10:39.839 [info] > git config --get commit.template [3ms]
2023-08-11 15:10:39.839 [info] > git for-each-ref --format=%(refname)%00%(upstream:short)%00%(objectname)%00%(upstream:track)%00%(upstream:remotename)%00%(upstream:remoteref) refs/heads/main refs/remotes/main [0ms]
2023-08-11 15:10:39.846 [info] > git status -z -uall [4ms]
2023-08-11 15:10:44.857 [info] > git config --get commit.template [3ms]
2023-08-11 15:10:44.858 [info] > git for-each-ref --format=%(refname)%00%(upstream:short)%00%(objectname)%00%(upstream:track)%00%(upstream:remotename)%00%(upstream:remoteref) refs/heads/main refs/remotes/main [1ms]
2023-08-11 15:10:44.874 [info] > git status -z -uall [3ms]
2023-08-11 15:10:47.610 [info] > git show --textconv :config.js [4ms]
2023-08-11 15:10:47.611 [info] > git ls-files --stage -- /home/limhs/vscode_todo/config.js [1ms]
2023-08-11 15:10:47.615 [info] > git cat-file -s f131a15b67694a9fa59338bd563727c4a196e605 [1ms]
2023-08-11 15:10:49.890 [info] > git config --get commit.template [5ms]
2023-08-11 15:10:49.890 [info] > git for-each-ref --format=%(refname)%00%(upstream:short)%00%(objectname)%00%(upstream:track)%00%(upstream:remotename)%00%(upstream:remoteref) refs/heads/main refs/remotes/main [1ms]
2023-08-11 15:10:49.899 [info] > git status -z -uall [4ms]
2023-08-11 15:10:54.911 [info] > git config --get commit.template [3ms]
2023-08-11 15:10:54.911 [info] > git for-each-ref --format=%(refname)%00%(upstream:short)%00%(objectname)%00%(upstream:track)%00%(upstream:remotename)%00%(upstream:remoteref) refs/heads/main refs/remotes/main [1ms]
2023-08-11 15:10:54.917 [info] > git status -z -uall [3ms]
2023-08-11 15:12:34.286 [info] > git config --get commit.template [5ms]
2023-08-11 15:12:34.286 [info] > git for-each-ref --format=%(refname)%00%(upstream:short)%00%(objectname)%00%(upstream:track)%00%(upstream:remotename)%00%(upstream:remoteref) refs/heads/main refs/remotes/main [0ms]
2023-08-11 15:12:34.294 [info] > git status -z -uall [4ms]
2023-08-11 15:12:39.305 [info] > git config --get commit.template [3ms]
2023-08-11 15:12:39.305 [info] > git for-each-ref --format=%(refname)%00%(upstream:short)%00%(objectname)%00%(upstream:track)%00%(upstream:remotename)%00%(upstream:remoteref) refs/heads/main refs/remotes/main [1ms]
2023-08-11 15:12:39.311 [info] > git status -z -uall [3ms]
2023-08-11 15:12:44.319 [info] > git config --get commit.template [1ms]
2023-08-11 15:12:44.324 [info] > git for-each-ref --format=%(refname)%00%(upstream:short)%00%(objectname)%00%(upstream:track)%00%(upstream:remotename)%00%(upstream:remoteref) refs/heads/main refs/remotes/main [1ms]
2023-08-11 15:12:44.330 [info] > git status -z -uall [4ms]
2023-08-11 15:12:49.339 [info] > git config --get commit.template [0ms]
2023-08-11 15:12:49.345 [info] > git for-each-ref --format=%(refname)%00%(upstream:short)%00%(objectname)%00%(upstream:track)%00%(upstream:remotename)%00%(upstream:remoteref) refs/heads/main refs/remotes/main [2ms]
2023-08-11 15:12:49.367 [info] > git status -z -uall [18ms]
2023-08-11 15:12:54.375 [info] > git config --get commit.template [0ms]
2023-08-11 15:12:54.380 [info] > git for-each-ref --format=%(refname)%00%(upstream:short)%00%(objectname)%00%(upstream:track)%00%(upstream:remotename)%00%(upstream:remoteref) refs/heads/main refs/remotes/main [1ms]
2023-08-11 15:12:54.387 [info] > git status -z -uall [4ms]
2023-08-11 15:12:59.399 [info] > git config --get commit.template [5ms]
2023-08-11 15:12:59.400 [info] > git for-each-ref --format=%(refname)%00%(upstream:short)%00%(objectname)%00%(upstream:track)%00%(upstream:remotename)%00%(upstream:remoteref) refs/heads/main refs/remotes/main [1ms]
2023-08-11 15:12:59.407 [info] > git status -z -uall [5ms]
2023-08-11 15:13:04.420 [info] > git config --get commit.template [4ms]
2023-08-11 15:13:04.420 [info] > git for-each-ref --format=%(refname)%00%(upstream:short)%00%(objectname)%00%(upstream:track)%00%(upstream:remotename)%00%(upstream:remoteref) refs/heads/main refs/remotes/main [1ms]
2023-08-11 15:13:04.427 [info] > git status -z -uall [4ms]
2023-08-11 15:13:09.438 [info] > git config --get commit.template [4ms]
2023-08-11 15:13:09.438 [info] > git for-each-ref --format=%(refname)%00%(upstream:short)%00%(objectname)%00%(upstream:track)%00%(upstream:remotename)%00%(upstream:remoteref) refs/heads/main refs/remotes/main [0ms]
2023-08-11 15:13:09.445 [info] > git status -z -uall [4ms]
2023-08-11 15:13:14.456 [info] > git config --get commit.template [0ms]
2023-08-11 15:13:14.461 [info] > git for-each-ref --format=%(refname)%00%(upstream:short)%00%(objectname)%00%(upstream:track)%00%(upstream:remotename)%00%(upstream:remoteref) refs/heads/main refs/remotes/main [1ms]
2023-08-11 15:13:14.473 [info] > git status -z -uall [8ms]
2023-08-11 15:13:25.369 [info] > git config --get commit.template [1ms]
2023-08-11 15:13:25.376 [info] > git for-each-ref --format=%(refname)%00%(upstream:short)%00%(objectname)%00%(upstream:track)%00%(upstream:remotename)%00%(upstream:remoteref) refs/heads/main refs/remotes/main [1ms]
2023-08-11 15:13:25.386 [info] > git status -z -uall [4ms]
2023-08-11 15:13:30.397 [info] > git config --get commit.template [3ms]
2023-08-11 15:13:30.397 [info] > git for-each-ref --format=%(refname)%00%(upstream:short)%00%(objectname)%00%(upstream:track)%00%(upstream:remotename)%00%(upstream:remoteref) refs/heads/main refs/remotes/main [0ms]
2023-08-11 15:13:30.403 [info] > git status -z -uall [3ms]
2023-08-11 15:13:45.275 [info] > git config --get commit.template [0ms]
2023-08-11 15:13:45.280 [info] > git for-each-ref --format=%(refname)%00%(upstream:short)%00%(objectname)%00%(upstream:track)%00%(upstream:remotename)%00%(upstream:remoteref) refs/heads/main refs/remotes/main [1ms]
2023-08-11 15:13:45.290 [info] > git status -z -uall [4ms]
2023-08-11 15:13:50.452 [info] > git config --get commit.template [1ms]
2023-08-11 15:13:50.457 [info] > git for-each-ref --format=%(refname)%00%(upstream:short)%00%(objectname)%00%(upstream:track)%00%(upstream:remotename)%00%(upstream:remoteref) refs/heads/main refs/remotes/main [1ms]
2023-08-11 15:13:50.465 [info] > git status -z -uall [4ms]
2023-08-11 15:13:55.475 [info] > git config --get commit.template [1ms]
2023-08-11 15:13:55.479 [info] > git for-each-ref --format=%(refname)%00%(upstream:short)%00%(objectname)%00%(upstream:track)%00%(upstream:remotename)%00%(upstream:remoteref) refs/heads/main refs/remotes/main [1ms]
2023-08-11 15:13:55.485 [info] > git status -z -uall [3ms]
2023-08-11 15:14:00.498 [info] > git config --get commit.template [1ms]
2023-08-11 15:14:00.502 [info] > git for-each-ref --format=%(refname)%00%(upstream:short)%00%(objectname)%00%(upstream:track)%00%(upstream:remotename)%00%(upstream:remoteref) refs/heads/main refs/remotes/main [1ms]
2023-08-11 15:14:00.507 [info] > git status -z -uall [3ms]
2023-08-11 15:14:05.518 [info] > git config --get commit.template [3ms]
2023-08-11 15:14:05.518 [info] > git for-each-ref --format=%(refname)%00%(upstream:short)%00%(objectname)%00%(upstream:track)%00%(upstream:remotename)%00%(upstream:remoteref) refs/heads/main refs/remotes/main [1ms]
2023-08-11 15:14:05.524 [info] > git status -z -uall [3ms]
2023-08-11 15:14:28.245 [info] > git config --get commit.template [5ms]
2023-08-11 15:14:28.245 [info] > git for-each-ref --format=%(refname)%00%(upstream:short)%00%(objectname)%00%(upstream:track)%00%(upstream:remotename)%00%(upstream:remoteref) refs/heads/main refs/remotes/main [1ms]
2023-08-11 15:14:28.254 [info] > git status -z -uall [4ms]
2023-08-11 15:15:33.170 [info] > git config --get commit.template [0ms]
2023-08-11 15:15:33.175 [info] > git for-each-ref --format=%(refname)%00%(upstream:short)%00%(objectname)%00%(upstream:track)%00%(upstream:remotename)%00%(upstream:remoteref) refs/heads/main refs/remotes/main [1ms]
2023-08-11 15:15:33.183 [info] > git status -z -uall [4ms]
2023-08-11 15:15:38.194 [info] > git config --get commit.template [1ms]
2023-08-11 15:15:38.198 [info] > git for-each-ref --format=%(refname)%00%(upstream:short)%00%(objectname)%00%(upstream:track)%00%(upstream:remotename)%00%(upstream:remoteref) refs/heads/main refs/remotes/main [1ms]
2023-08-11 15:15:38.205 [info] > git status -z -uall [4ms]
2023-08-11 15:15:43.220 [info] > git for-each-ref --format=%(refname)%00%(upstream:short)%00%(objectname)%00%(upstream:track)%00%(upstream:remotename)%00%(upstream:remoteref) refs/heads/main refs/remotes/main [4ms]
2023-08-11 15:15:43.220 [info] > git config --get commit.template [6ms]
2023-08-11 15:15:43.223 [info] > git check-ignore -v -z --stdin [3ms]
2023-08-11 15:15:43.226 [info] > git status -z -uall [3ms]
2023-08-11 15:15:45.264 [info] > git check-ignore -v -z --stdin [1ms]
2023-08-11 15:15:46.540 [info] > git check-ignore -v -z --stdin [0ms]
2023-08-11 15:15:47.574 [info] > git check-ignore -v -z --stdin [0ms]
2023-08-11 15:15:48.238 [info] > git config --get commit.template [3ms]
2023-08-11 15:15:48.238 [info] > git for-each-ref --format=%(refname)%00%(upstream:short)%00%(objectname)%00%(upstream:track)%00%(upstream:remotename)%00%(upstream:remoteref) refs/heads/main refs/remotes/main [1ms]
2023-08-11 15:15:48.254 [info] > git status -z -uall [4ms]
2023-08-11 15:15:49.137 [info] > git check-ignore -v -z --stdin [1ms]
2023-08-11 15:15:53.266 [info] > git config --get commit.template [4ms]
2023-08-11 15:15:53.266 [info] > git for-each-ref --format=%(refname)%00%(upstream:short)%00%(objectname)%00%(upstream:track)%00%(upstream:remotename)%00%(upstream:remoteref) refs/heads/main refs/remotes/main [1ms]
2023-08-11 15:15:53.272 [info] > git status -z -uall [3ms]
2023-08-11 15:15:54.080 [info] > git show --textconv :Cookies-journal [8ms]
2023-08-11 15:15:54.081 [info] > git ls-files --stage -- /home/limhs/vscode_todo/Cookies-journal [6ms]
2023-08-11 15:15:54.984 [info] > git show --textconv :index.html [4ms]
2023-08-11 15:15:54.984 [info] > git ls-files --stage -- /home/limhs/vscode_todo/index.html [1ms]
2023-08-11 15:15:54.988 [info] > git cat-file -s 00bfc72233b8927595387231d0aefff77119046c [0ms]
2023-08-11 15:15:58.283 [info] > git config --get commit.template [0ms]
2023-08-11 15:15:58.287 [info] > git for-each-ref --format=%(refname)%00%(upstream:short)%00%(objectname)%00%(upstream:track)%00%(upstream:remotename)%00%(upstream:remoteref) refs/heads/main refs/remotes/main [0ms]
2023-08-11 15:15:58.293 [info] > git status -z -uall [3ms]
2023-08-11 15:16:03.309 [info] > git config --get commit.template [4ms]
2023-08-11 15:16:03.309 [info] > git for-each-ref --format=%(refname)%00%(upstream:short)%00%(objectname)%00%(upstream:track)%00%(upstream:remotename)%00%(upstream:remoteref) refs/heads/main refs/remotes/main [1ms]
2023-08-11 15:16:03.317 [info] > git status -z -uall [4ms]
2023-08-11 15:16:08.291 [info] > git show --textconv :machineid [3ms]
2023-08-11 15:16:08.292 [info] > git ls-files --stage -- /home/limhs/vscode_todo/machineid [1ms]
2023-08-11 15:16:08.328 [info] > git config --get commit.template [3ms]
2023-08-11 15:16:08.328 [info] > git for-each-ref --format=%(refname)%00%(upstream:short)%00%(objectname)%00%(upstream:track)%00%(upstream:remotename)%00%(upstream:remoteref) refs/heads/main refs/remotes/main [1ms]
2023-08-11 15:16:08.336 [info] > git status -z -uall [5ms]
2023-08-11 15:16:09.226 [info] > git show --textconv :Network Persistent State [4ms]
2023-08-11 15:16:09.226 [info] > git ls-files --stage -- /home/limhs/vscode_todo/Network Persistent State [0ms]
2023-08-11 15:16:09.649 [info] > git show --textconv :package-lock.json [9ms]
2023-08-11 15:16:09.655 [info] > git ls-files --stage -- /home/limhs/vscode_todo/package-lock.json [8ms]
2023-08-11 15:16:09.661 [info] > git cat-file -s 8a7c270d58d6f4991c603447eee28bb323343783 [0ms]
2023-08-11 15:16:10.843 [info] > git show --textconv :README.md [22ms]
2023-08-11 15:16:10.843 [info] > git ls-files --stage -- /home/limhs/vscode_todo/README.md [16ms]
2023-08-11 15:16:10.848 [info] > git cat-file -s 03e6a0034b00674abe1bbaf9f306b05d695ac862 [1ms]
2023-08-11 15:16:11.226 [info] > git show --textconv :TransportSecurity [4ms]
2023-08-11 15:16:11.227 [info] > git ls-files --stage -- /home/limhs/vscode_todo/TransportSecurity [1ms]
2023-08-11 15:16:13.347 [info] > git config --get commit.template [4ms]
2023-08-11 15:16:13.347 [info] > git for-each-ref --format=%(refname)%00%(upstream:short)%00%(objectname)%00%(upstream:track)%00%(upstream:remotename)%00%(upstream:remoteref) refs/heads/main refs/remotes/main [1ms]
2023-08-11 15:16:13.353 [info] > git status -z -uall [3ms]
2023-08-11 15:16:15.373 [info] > git check-ignore -v -z --stdin [1ms]
2023-08-11 15:16:15.877 [info] > git ls-files --stage -- /home/limhs/vscode_todo/test2/test1.js [1ms]
2023-08-11 15:16:15.882 [info] > git cat-file -s 6f5ab5470a4b9badda7c1197787e4f5643cc5b39 [0ms]
2023-08-11 15:16:15.883 [info] > git show --textconv :test2/test1.js [10ms]
2023-08-11 15:16:16.629 [info] > git ls-files --stage -- /home/limhs/vscode_todo/test2/test2.js [1ms]
2023-08-11 15:16:16.634 [info] > git cat-file -s f776b145b49fefe920cbb78f2ed8309af7761daa [1ms]
2023-08-11 15:16:16.634 [info] > git show --textconv :test2/test2.js [10ms]
2023-08-11 15:16:18.108 [info] > git show --textconv :test2/test1.js [5ms]
2023-08-11 15:16:18.108 [info] > git ls-files --stage -- /home/limhs/vscode_todo/test2/test1.js [1ms]
2023-08-11 15:16:18.113 [info] > git cat-file -s 6f5ab5470a4b9badda7c1197787e4f5643cc5b39 [1ms]
2023-08-11 15:16:18.363 [info] > git config --get commit.template [1ms]
2023-08-11 15:16:18.367 [info] > git for-each-ref --format=%(refname)%00%(upstream:short)%00%(objectname)%00%(upstream:track)%00%(upstream:remotename)%00%(upstream:remoteref) refs/heads/main refs/remotes/main [1ms]
2023-08-11 15:16:18.375 [info] > git status -z -uall [4ms]
2023-08-11 15:16:21.635 [info] > git ls-files --stage -- /home/limhs/vscode_todo/test2/google_test.js [1ms]
2023-08-11 15:16:21.640 [info] > git show --textconv :test2/google_test.js [10ms]
2023-08-11 15:16:21.640 [info] > git cat-file -s a68ba5fe5e5522ad3d67fe06f44ba052f5b5a41f [1ms]
2023-08-11 15:16:23.385 [info] > git config --get commit.template [3ms]
2023-08-11 15:16:23.385 [info] > git for-each-ref --format=%(refname)%00%(upstream:short)%00%(objectname)%00%(upstream:track)%00%(upstream:remotename)%00%(upstream:remoteref) refs/heads/main refs/remotes/main [0ms]
2023-08-11 15:16:23.391 [info] > git status -z -uall [3ms]
2023-08-11 15:16:25.910 [info] > git show --textconv :test2/jwt_test.js [4ms]
2023-08-11 15:16:25.911 [info] > git ls-files --stage -- /home/limhs/vscode_todo/test2/jwt_test.js [1ms]
2023-08-11 15:16:26.183 [info] > git check-ignore -v -z --stdin [1ms]
2023-08-11 15:16:28.419 [info] > git config --get commit.template [1ms]
2023-08-11 15:16:28.423 [info] > git for-each-ref --format=%(refname)%00%(upstream:short)%00%(objectname)%00%(upstream:track)%00%(upstream:remotename)%00%(upstream:remoteref) refs/heads/main refs/remotes/main [1ms]
2023-08-11 15:16:28.429 [info] > git status -z -uall [3ms]
2023-08-11 15:16:38.661 [info] > git config --get commit.template [6ms]
2023-08-11 15:16:38.661 [info] > git for-each-ref --format=%(refname)%00%(upstream:short)%00%(objectname)%00%(upstream:track)%00%(upstream:remotename)%00%(upstream:remoteref) refs/heads/main refs/remotes/main [1ms]
2023-08-11 15:16:38.669 [info] > git status -z -uall [4ms]
2023-08-11 15:33:09.994 [info] > git config --get commit.template [1ms]
2023-08-11 15:33:09.999 [info] > git for-each-ref --format=%(refname)%00%(upstream:short)%00%(objectname)%00%(upstream:track)%00%(upstream:remotename)%00%(upstream:remoteref) refs/heads/main refs/remotes/main [0ms]
2023-08-11 15:33:10.008 [info] > git status -z -uall [2ms]
2023-08-11 15:33:15.021 [info] > git config --get commit.template [3ms]
2023-08-11 15:33:15.022 [info] > git for-each-ref --format=%(refname)%00%(upstream:short)%00%(objectname)%00%(upstream:track)%00%(upstream:remotename)%00%(upstream:remoteref) refs/heads/main refs/remotes/main [1ms]
2023-08-11 15:33:15.028 [info] > git status -z -uall [3ms]
2023-08-11 15:33:20.041 [info] > git config --get commit.template [4ms]
2023-08-11 15:33:20.041 [info] > git for-each-ref --format=%(refname)%00%(upstream:short)%00%(objectname)%00%(upstream:track)%00%(upstream:remotename)%00%(upstream:remoteref) refs/heads/main refs/remotes/main [1ms]
2023-08-11 15:33:20.047 [info] > git status -z -uall [3ms]
2023-08-11 15:33:25.059 [info] > git config --get commit.template [4ms]
2023-08-11 15:33:25.059 [info] > git for-each-ref --format=%(refname)%00%(upstream:short)%00%(objectname)%00%(upstream:track)%00%(upstream:remotename)%00%(upstream:remoteref) refs/heads/main refs/remotes/main [1ms]
2023-08-11 15:33:25.075 [info] > git status -z -uall [3ms]
2023-08-11 15:33:30.794 [info] > git config --get commit.template [1ms]
2023-08-11 15:33:30.799 [info] > git for-each-ref --format=%(refname)%00%(upstream:short)%00%(objectname)%00%(upstream:track)%00%(upstream:remotename)%00%(upstream:remoteref) refs/heads/main refs/remotes/main [1ms]
2023-08-11 15:33:30.807 [info] > git status -z -uall [3ms]
2023-08-11 15:33:35.817 [info] > git config --get commit.template [1ms]
2023-08-11 15:33:35.820 [info] > git for-each-ref --format=%(refname)%00%(upstream:short)%00%(objectname)%00%(upstream:track)%00%(upstream:remotename)%00%(upstream:remoteref) refs/heads/main refs/remotes/main [0ms]
2023-08-11 15:33:35.827 [info] > git status -z -uall [4ms]
2023-08-11 15:33:40.838 [info] > git config --get commit.template [1ms]
2023-08-11 15:33:40.843 [info] > git for-each-ref --format=%(refname)%00%(upstream:short)%00%(objectname)%00%(upstream:track)%00%(upstream:remotename)%00%(upstream:remoteref) refs/heads/main refs/remotes/main [1ms]
2023-08-11 15:33:40.850 [info] > git status -z -uall [3ms]
2023-08-11 15:33:47.074 [info] > git config --get commit.template [2ms]
2023-08-11 15:33:47.080 [info] > git for-each-ref --format=%(refname)%00%(upstream:short)%00%(objectname)%00%(upstream:track)%00%(upstream:remotename)%00%(upstream:remoteref) refs/heads/main refs/remotes/main [1ms]
2023-08-11 15:33:47.088 [info] > git status -z -uall [3ms]
2023-08-11 15:33:52.803 [info] > git config --get commit.template [1ms]
2023-08-11 15:33:52.811 [info] > git for-each-ref --format=%(refname)%00%(upstream:short)%00%(objectname)%00%(upstream:track)%00%(upstream:remotename)%00%(upstream:remoteref) refs/heads/main refs/remotes/main [2ms]
2023-08-11 15:33:52.830 [info] > git status -z -uall [13ms]
2023-08-11 15:33:58.543 [info] > git config --get commit.template [5ms]
2023-08-11 15:33:58.543 [info] > git for-each-ref --format=%(refname)%00%(upstream:short)%00%(objectname)%00%(upstream:track)%00%(upstream:remotename)%00%(upstream:remoteref) refs/heads/main refs/remotes/main [0ms]
2023-08-11 15:33:58.553 [info] > git status -z -uall [4ms]
2023-08-11 15:34:58.480 [info] > git config --get commit.template [7ms]
2023-08-11 15:34:58.481 [info] > git for-each-ref --format=%(refname)%00%(upstream:short)%00%(objectname)%00%(upstream:track)%00%(upstream:remotename)%00%(upstream:remoteref) refs/heads/main refs/remotes/main [1ms]
2023-08-11 15:34:58.490 [info] > git status -z -uall [5ms]
2023-08-11 15:35:03.507 [info] > git config --get commit.template [3ms]
2023-08-11 15:35:03.508 [info] > git for-each-ref --format=%(refname)%00%(upstream:short)%00%(objectname)%00%(upstream:track)%00%(upstream:remotename)%00%(upstream:remoteref) refs/heads/main refs/remotes/main [1ms]
2023-08-11 15:35:03.515 [info] > git status -z -uall [4ms]
2023-08-11 15:35:08.529 [info] > git config --get commit.template [0ms]
2023-08-11 15:35:08.534 [info] > git for-each-ref --format=%(refname)%00%(upstream:short)%00%(objectname)%00%(upstream:track)%00%(upstream:remotename)%00%(upstream:remoteref) refs/heads/main refs/remotes/main [1ms]
2023-08-11 15:35:08.542 [info] > git status -z -uall [4ms]
2023-08-11 15:35:16.118 [info] > git config --get commit.template [1ms]
2023-08-11 15:35:16.125 [info] > git for-each-ref --format=%(refname)%00%(upstream:short)%00%(objectname)%00%(upstream:track)%00%(upstream:remotename)%00%(upstream:remoteref) refs/heads/main refs/remotes/main [0ms]
2023-08-11 15:35:16.136 [info] > git status -z -uall [4ms]
2023-08-11 15:35:21.161 [info] > git config --get commit.template [5ms]
2023-08-11 15:35:21.161 [info] > git for-each-ref --format=%(refname)%00%(upstream:short)%00%(objectname)%00%(upstream:track)%00%(upstream:remotename)%00%(upstream:remoteref) refs/heads/main refs/remotes/main [0ms]
2023-08-11 15:35:21.170 [info] > git status -z -uall [5ms]
2023-08-11 15:35:26.184 [info] > git config --get commit.template [0ms]
2023-08-11 15:35:26.187 [info] > git for-each-ref --format=%(refname)%00%(upstream:short)%00%(objectname)%00%(upstream:track)%00%(upstream:remotename)%00%(upstream:remoteref) refs/heads/main refs/remotes/main [0ms]
2023-08-11 15:35:26.194 [info] > git status -z -uall [4ms]
2023-08-11 15:35:31.211 [info] > git config --get commit.template [4ms]
2023-08-11 15:35:31.211 [info] > git for-each-ref --format=%(refname)%00%(upstream:short)%00%(objectname)%00%(upstream:track)%00%(upstream:remotename)%00%(upstream:remoteref) refs/heads/main refs/remotes/main [0ms]
2023-08-11 15:35:31.219 [info] > git status -z -uall [4ms]
2023-08-11 15:35:36.234 [info] > git config --get commit.template [4ms]
2023-08-11 15:35:36.234 [info] > git for-each-ref --format=%(refname)%00%(upstream:short)%00%(objectname)%00%(upstream:track)%00%(upstream:remotename)%00%(upstream:remoteref) refs/heads/main refs/remotes/main [0ms]
2023-08-11 15:35:36.242 [info] > git status -z -uall [4ms]
2023-08-11 15:36:10.243 [info] > git config --get commit.template [6ms]
2023-08-11 15:36:10.243 [info] > git for-each-ref --format=%(refname)%00%(upstream:short)%00%(objectname)%00%(upstream:track)%00%(upstream:remotename)%00%(upstream:remoteref) refs/heads/main refs/remotes/main [1ms]
2023-08-11 15:36:10.255 [info] > git status -z -uall [4ms]
2023-08-11 15:36:16.800 [info] > git config --get commit.template [0ms]
2023-08-11 15:36:16.806 [info] > git for-each-ref --format=%(refname)%00%(upstream:short)%00%(objectname)%00%(upstream:track)%00%(upstream:remotename)%00%(upstream:remoteref) refs/heads/main refs/remotes/main [1ms]
2023-08-11 15:36:16.815 [info] > git status -z -uall [5ms]
2023-08-11 15:36:21.843 [info] > git config --get commit.template [4ms]
2023-08-11 15:36:21.843 [info] > git for-each-ref --format=%(refname)%00%(upstream:short)%00%(objectname)%00%(upstream:track)%00%(upstream:remotename)%00%(upstream:remoteref) refs/heads/main refs/remotes/main [0ms]
2023-08-11 15:36:21.851 [info] > git status -z -uall [4ms]
2023-08-11 15:36:26.867 [info] > git config --get commit.template [4ms]
2023-08-11 15:36:26.868 [info] > git for-each-ref --format=%(refname)%00%(upstream:short)%00%(objectname)%00%(upstream:track)%00%(upstream:remotename)%00%(upstream:remoteref) refs/heads/main refs/remotes/main [0ms]
2023-08-11 15:36:26.875 [info] > git status -z -uall [4ms]
2023-08-11 15:36:31.891 [info] > git config --get commit.template [1ms]
2023-08-11 15:36:31.895 [info] > git for-each-ref --format=%(refname)%00%(upstream:short)%00%(objectname)%00%(upstream:track)%00%(upstream:remotename)%00%(upstream:remoteref) refs/heads/main refs/remotes/main [1ms]
2023-08-11 15:36:31.902 [info] > git status -z -uall [4ms]
2023-08-11 15:36:36.917 [info] > git config --get commit.template [1ms]
2023-08-11 15:36:36.922 [info] > git for-each-ref --format=%(refname)%00%(upstream:short)%00%(objectname)%00%(upstream:track)%00%(upstream:remotename)%00%(upstream:remoteref) refs/heads/main refs/remotes/main [0ms]
2023-08-11 15:36:36.930 [info] > git status -z -uall [4ms]
2023-08-11 15:36:41.944 [info] > git config --get commit.template [1ms]
2023-08-11 15:36:41.949 [info] > git for-each-ref --format=%(refname)%00%(upstream:short)%00%(objectname)%00%(upstream:track)%00%(upstream:remotename)%00%(upstream:remoteref) refs/heads/main refs/remotes/main [1ms]
2023-08-11 15:36:41.961 [info] > git status -z -uall [5ms]
2023-08-11 15:36:46.976 [info] > git config --get commit.template [1ms]
2023-08-11 15:36:46.979 [info] > git for-each-ref --format=%(refname)%00%(upstream:short)%00%(objectname)%00%(upstream:track)%00%(upstream:remotename)%00%(upstream:remoteref) refs/heads/main refs/remotes/main [0ms]
2023-08-11 15:36:46.986 [info] > git status -z -uall [4ms]
2023-08-11 15:36:56.282 [info] > git config --get commit.template [6ms]
2023-08-11 15:36:56.282 [info] > git for-each-ref --format=%(refname)%00%(upstream:short)%00%(objectname)%00%(upstream:track)%00%(upstream:remotename)%00%(upstream:remoteref) refs/heads/main refs/remotes/main [0ms]
2023-08-11 15:36:56.292 [info] > git status -z -uall [5ms]
2023-08-11 15:37:01.309 [info] > git config --get commit.template [4ms]
2023-08-11 15:37:01.309 [info] > git for-each-ref --format=%(refname)%00%(upstream:short)%00%(objectname)%00%(upstream:track)%00%(upstream:remotename)%00%(upstream:remoteref) refs/heads/main refs/remotes/main [1ms]
2023-08-11 15:37:01.316 [info] > git status -z -uall [4ms]
2023-08-11 15:37:06.334 [info] > git config --get commit.template [4ms]
2023-08-11 15:37:06.334 [info] > git for-each-ref --format=%(refname)%00%(upstream:short)%00%(objectname)%00%(upstream:track)%00%(upstream:remotename)%00%(upstream:remoteref) refs/heads/main refs/remotes/main [0ms]
2023-08-11 15:37:06.343 [info] > git status -z -uall [5ms]
2023-08-11 15:37:12.480 [info] > git for-each-ref --format=%(refname)%00%(upstream:short)%00%(objectname)%00%(upstream:track)%00%(upstream:remotename)%00%(upstream:remoteref) refs/heads/main refs/remotes/main [1ms]
2023-08-11 15:37:12.480 [info] > git config --get commit.template [8ms]
2023-08-11 15:37:12.490 [info] > git status -z -uall [5ms]
2023-08-11 15:37:17.509 [info] > git config --get commit.template [3ms]
2023-08-11 15:37:17.510 [info] > git for-each-ref --format=%(refname)%00%(upstream:short)%00%(objectname)%00%(upstream:track)%00%(upstream:remotename)%00%(upstream:remoteref) refs/heads/main refs/remotes/main [1ms]
2023-08-11 15:37:17.517 [info] > git status -z -uall [4ms]
2023-08-11 15:37:27.379 [info] > git config --get commit.template [6ms]
2023-08-11 15:37:27.379 [info] > git for-each-ref --format=%(refname)%00%(upstream:short)%00%(objectname)%00%(upstream:track)%00%(upstream:remotename)%00%(upstream:remoteref) refs/heads/main refs/remotes/main [1ms]
2023-08-11 15:37:27.389 [info] > git status -z -uall [5ms]
2023-08-11 15:37:32.408 [info] > git config --get commit.template [4ms]
2023-08-11 15:37:32.408 [info] > git for-each-ref --format=%(refname)%00%(upstream:short)%00%(objectname)%00%(upstream:track)%00%(upstream:remotename)%00%(upstream:remoteref) refs/heads/main refs/remotes/main [1ms]
2023-08-11 15:37:32.423 [info] > git status -z -uall [12ms]
2023-08-11 15:37:37.444 [info] > git config --get commit.template [4ms]
2023-08-11 15:37:37.444 [info] > git for-each-ref --format=%(refname)%00%(upstream:short)%00%(objectname)%00%(upstream:track)%00%(upstream:remotename)%00%(upstream:remoteref) refs/heads/main refs/remotes/main [1ms]
2023-08-11 15:37:37.451 [info] > git status -z -uall [4ms]
2023-08-11 15:37:42.465 [info] > git config --get commit.template [1ms]
2023-08-11 15:37:42.471 [info] > git for-each-ref --format=%(refname)%00%(upstream:short)%00%(objectname)%00%(upstream:track)%00%(upstream:remotename)%00%(upstream:remoteref) refs/heads/main refs/remotes/main [1ms]
2023-08-11 15:37:42.483 [info] > git status -z -uall [7ms]
2023-08-11 15:37:47.499 [info] > git config --get commit.template [4ms]
2023-08-11 15:37:47.499 [info] > git for-each-ref --format=%(refname)%00%(upstream:short)%00%(objectname)%00%(upstream:track)%00%(upstream:remotename)%00%(upstream:remoteref) refs/heads/main refs/remotes/main [0ms]
2023-08-11 15:37:47.507 [info] > git status -z -uall [4ms]
2023-08-11 15:37:52.532 [info] > git config --get commit.template [12ms]
2023-08-11 15:37:52.538 [info] > git for-each-ref --format=%(refname)%00%(upstream:short)%00%(objectname)%00%(upstream:track)%00%(upstream:remotename)%00%(upstream:remoteref) refs/heads/main refs/remotes/main [1ms]
2023-08-11 15:37:52.548 [info] > git status -z -uall [5ms]
2023-08-11 15:37:57.571 [info] > git config --get commit.template [4ms]
2023-08-11 15:37:57.571 [info] > git for-each-ref --format=%(refname)%00%(upstream:short)%00%(objectname)%00%(upstream:track)%00%(upstream:remotename)%00%(upstream:remoteref) refs/heads/main refs/remotes/main [0ms]
2023-08-11 15:37:57.579 [info] > git status -z -uall [4ms]
2023-08-11 15:38:02.593 [info] > git config --get commit.template [1ms]
2023-08-11 15:38:02.598 [info] > git for-each-ref --format=%(refname)%00%(upstream:short)%00%(objectname)%00%(upstream:track)%00%(upstream:remotename)%00%(upstream:remoteref) refs/heads/main refs/remotes/main [0ms]
2023-08-11 15:38:02.607 [info] > git status -z -uall [4ms]
2023-08-11 15:38:07.625 [info] > git config --get commit.template [5ms]
2023-08-11 15:38:07.625 [info] > git for-each-ref --format=%(refname)%00%(upstream:short)%00%(objectname)%00%(upstream:track)%00%(upstream:remotename)%00%(upstream:remoteref) refs/heads/main refs/remotes/main [0ms]
2023-08-11 15:38:07.635 [info] > git status -z -uall [4ms]
2023-08-11 15:38:12.655 [info] > git config --get commit.template [6ms]
2023-08-11 15:38:12.655 [info] > git for-each-ref --format=%(refname)%00%(upstream:short)%00%(objectname)%00%(upstream:track)%00%(upstream:remotename)%00%(upstream:remoteref) refs/heads/main refs/remotes/main [1ms]
2023-08-11 15:38:12.664 [info] > git status -z -uall [4ms]
2023-08-11 15:38:17.680 [info] > git config --get commit.template [4ms]
2023-08-11 15:38:17.680 [info] > git for-each-ref --format=%(refname)%00%(upstream:short)%00%(objectname)%00%(upstream:track)%00%(upstream:remotename)%00%(upstream:remoteref) refs/heads/main refs/remotes/main [0ms]
2023-08-11 15:38:17.688 [info] > git status -z -uall [4ms]
2023-08-11 15:38:22.708 [info] > git config --get commit.template [4ms]
2023-08-11 15:38:22.708 [info] > git for-each-ref --format=%(refname)%00%(upstream:short)%00%(objectname)%00%(upstream:track)%00%(upstream:remotename)%00%(upstream:remoteref) refs/heads/main refs/remotes/main [0ms]
2023-08-11 15:38:22.716 [info] > git status -z -uall [4ms]
2023-08-11 15:38:31.561 [info] > git config --get commit.template [0ms]
2023-08-11 15:38:31.567 [info] > git for-each-ref --format=%(refname)%00%(upstream:short)%00%(objectname)%00%(upstream:track)%00%(upstream:remotename)%00%(upstream:remoteref) refs/heads/main refs/remotes/main [1ms]
2023-08-11 15:38:31.575 [info] > git status -z -uall [5ms]
2023-08-11 15:38:36.594 [info] > git config --get commit.template [4ms]
2023-08-11 15:38:36.594 [info] > git for-each-ref --format=%(refname)%00%(upstream:short)%00%(objectname)%00%(upstream:track)%00%(upstream:remotename)%00%(upstream:remoteref) refs/heads/main refs/remotes/main [0ms]
2023-08-11 15:38:36.602 [info] > git status -z -uall [5ms]
2023-08-11 15:38:43.496 [info] > git config --get commit.template [0ms]
2023-08-11 15:38:43.502 [info] > git for-each-ref --format=%(refname)%00%(upstream:short)%00%(objectname)%00%(upstream:track)%00%(upstream:remotename)%00%(upstream:remoteref) refs/heads/main refs/remotes/main [1ms]
2023-08-11 15:38:43.512 [info] > git status -z -uall [4ms]
2023-08-11 15:38:48.532 [info] > git config --get commit.template [5ms]
2023-08-11 15:38:48.532 [info] > git for-each-ref --format=%(refname)%00%(upstream:short)%00%(objectname)%00%(upstream:track)%00%(upstream:remotename)%00%(upstream:remoteref) refs/heads/main refs/remotes/main [1ms]
2023-08-11 15:38:48.540 [info] > git status -z -uall [5ms]
2023-08-11 15:38:53.553 [info] > git config --get commit.template [1ms]
2023-08-11 15:38:53.559 [info] > git for-each-ref --format=%(refname)%00%(upstream:short)%00%(objectname)%00%(upstream:track)%00%(upstream:remotename)%00%(upstream:remoteref) refs/heads/main refs/remotes/main [0ms]
2023-08-11 15:38:53.568 [info] > git status -z -uall [5ms]
2023-08-11 15:38:58.586 [info] > git config --get commit.template [4ms]
2023-08-11 15:38:58.586 [info] > git for-each-ref --format=%(refname)%00%(upstream:short)%00%(objectname)%00%(upstream:track)%00%(upstream:remotename)%00%(upstream:remoteref) refs/heads/main refs/remotes/main [0ms]
2023-08-11 15:38:58.594 [info] > git status -z -uall [4ms]
2023-08-11 15:39:03.608 [info] > git config --get commit.template [1ms]
2023-08-11 15:39:03.612 [info] > git for-each-ref --format=%(refname)%00%(upstream:short)%00%(objectname)%00%(upstream:track)%00%(upstream:remotename)%00%(upstream:remoteref) refs/heads/main refs/remotes/main [1ms]
2023-08-11 15:39:03.619 [info] > git status -z -uall [4ms]
2023-08-11 15:39:08.872 [info] > git config --get commit.template [1ms]
2023-08-11 15:39:08.879 [info] > git for-each-ref --format=%(refname)%00%(upstream:short)%00%(objectname)%00%(upstream:track)%00%(upstream:remotename)%00%(upstream:remoteref) refs/heads/main refs/remotes/main [1ms]
2023-08-11 15:39:08.887 [info] > git status -z -uall [4ms]
2023-08-11 15:39:18.291 [info] > git config --get commit.template [0ms]
2023-08-11 15:39:18.297 [info] > git for-each-ref --format=%(refname)%00%(upstream:short)%00%(objectname)%00%(upstream:track)%00%(upstream:remotename)%00%(upstream:remoteref) refs/heads/main refs/remotes/main [0ms]
2023-08-11 15:39:18.306 [info] > git status -z -uall [5ms]
2023-08-11 15:39:23.322 [info] > git config --get commit.template [4ms]
2023-08-11 15:39:23.322 [info] > git for-each-ref --format=%(refname)%00%(upstream:short)%00%(objectname)%00%(upstream:track)%00%(upstream:remotename)%00%(upstream:remoteref) refs/heads/main refs/remotes/main [0ms]
2023-08-11 15:39:23.329 [info] > git status -z -uall [4ms]
2023-08-11 15:39:28.345 [info] > git config --get commit.template [4ms]
2023-08-11 15:39:28.345 [info] > git for-each-ref --format=%(refname)%00%(upstream:short)%00%(objectname)%00%(upstream:track)%00%(upstream:remotename)%00%(upstream:remoteref) refs/heads/main refs/remotes/main [0ms]
2023-08-11 15:39:28.353 [info] > git status -z -uall [4ms]
2023-08-11 15:40:02.400 [info] > git config --get commit.template [0ms]
2023-08-11 15:40:02.407 [info] > git for-each-ref --format=%(refname)%00%(upstream:short)%00%(objectname)%00%(upstream:track)%00%(upstream:remotename)%00%(upstream:remoteref) refs/heads/main refs/remotes/main [1ms]
2023-08-11 15:40:02.427 [info] > git status -z -uall [15ms]
2023-08-11 15:40:07.459 [info] > git config --get commit.template [13ms]
2023-08-11 15:40:07.464 [info] > git for-each-ref --format=%(refname)%00%(upstream:short)%00%(objectname)%00%(upstream:track)%00%(upstream:remotename)%00%(upstream:remoteref) refs/heads/main refs/remotes/main [1ms]
2023-08-11 15:40:07.473 [info] > git status -z -uall [5ms]
2023-08-11 15:40:12.492 [info] > git config --get commit.template [4ms]
2023-08-11 15:40:12.492 [info] > git for-each-ref --format=%(refname)%00%(upstream:short)%00%(objectname)%00%(upstream:track)%00%(upstream:remotename)%00%(upstream:remoteref) refs/heads/main refs/remotes/main [0ms]
2023-08-11 15:40:12.500 [info] > git status -z -uall [4ms]
2023-08-11 15:40:17.842 [info] > git config --get commit.template [6ms]
2023-08-11 15:40:17.843 [info] > git for-each-ref --format=%(refname)%00%(upstream:short)%00%(objectname)%00%(upstream:track)%00%(upstream:remotename)%00%(upstream:remoteref) refs/heads/main refs/remotes/main [0ms]
2023-08-11 15:40:17.852 [info] > git status -z -uall [5ms]
2023-08-11 15:40:32.336 [info] > git config --get commit.template [1ms]
2023-08-11 15:40:32.342 [info] > git for-each-ref --format=%(refname)%00%(upstream:short)%00%(objectname)%00%(upstream:track)%00%(upstream:remotename)%00%(upstream:remoteref) refs/heads/main refs/remotes/main [1ms]
2023-08-11 15:40:32.353 [info] > git status -z -uall [5ms]
2023-08-11 15:40:42.000 [info] > git config --get commit.template [1ms]
2023-08-11 15:40:42.006 [info] > git for-each-ref --format=%(refname)%00%(upstream:short)%00%(objectname)%00%(upstream:track)%00%(upstream:remotename)%00%(upstream:remoteref) refs/heads/main refs/remotes/main [1ms]
2023-08-11 15:40:42.016 [info] > git status -z -uall [5ms]
2023-08-11 15:40:47.032 [info] > git config --get commit.template [4ms]
2023-08-11 15:40:47.032 [info] > git for-each-ref --format=%(refname)%00%(upstream:short)%00%(objectname)%00%(upstream:track)%00%(upstream:remotename)%00%(upstream:remoteref) refs/heads/main refs/remotes/main [1ms]
2023-08-11 15:40:47.040 [info] > git status -z -uall [4ms]
2023-08-11 15:40:52.054 [info] > git config --get commit.template [0ms]
2023-08-11 15:40:52.058 [info] > git for-each-ref --format=%(refname)%00%(upstream:short)%00%(objectname)%00%(upstream:track)%00%(upstream:remotename)%00%(upstream:remoteref) refs/heads/main refs/remotes/main [0ms]
2023-08-11 15:40:52.066 [info] > git status -z -uall [5ms]
2023-08-11 15:40:57.084 [info] > git config --get commit.template [4ms]
2023-08-11 15:40:57.084 [info] > git for-each-ref --format=%(refname)%00%(upstream:short)%00%(objectname)%00%(upstream:track)%00%(upstream:remotename)%00%(upstream:remoteref) refs/heads/main refs/remotes/main [0ms]
2023-08-11 15:40:57.092 [info] > git status -z -uall [4ms]
2023-08-11 15:41:02.110 [info] > git config --get commit.template [3ms]
2023-08-11 15:41:02.110 [info] > git for-each-ref --format=%(refname)%00%(upstream:short)%00%(objectname)%00%(upstream:track)%00%(upstream:remotename)%00%(upstream:remoteref) refs/heads/main refs/remotes/main [1ms]
2023-08-11 15:41:02.118 [info] > git status -z -uall [5ms]
2023-08-11 15:41:07.134 [info] > git config --get commit.template [4ms]
2023-08-11 15:41:07.134 [info] > git for-each-ref --format=%(refname)%00%(upstream:short)%00%(objectname)%00%(upstream:track)%00%(upstream:remotename)%00%(upstream:remoteref) refs/heads/main refs/remotes/main [1ms]
2023-08-11 15:41:07.142 [info] > git status -z -uall [4ms]
2023-08-11 15:41:18.005 [info] > git config --get commit.template [1ms]
2023-08-11 15:41:18.016 [info] > git for-each-ref --format=%(refname)%00%(upstream:short)%00%(objectname)%00%(upstream:track)%00%(upstream:remotename)%00%(upstream:remoteref) refs/heads/main refs/remotes/main [1ms]
2023-08-11 15:41:18.028 [info] > git status -z -uall [5ms]
2023-08-11 15:41:27.086 [info] > git config --get commit.template [5ms]
2023-08-11 15:41:27.086 [info] > git for-each-ref --format=%(refname)%00%(upstream:short)%00%(objectname)%00%(upstream:track)%00%(upstream:remotename)%00%(upstream:remoteref) refs/heads/main refs/remotes/main [0ms]
2023-08-11 15:41:27.095 [info] > git status -z -uall [4ms]
2023-08-11 15:41:40.296 [info] > git config --get commit.template [1ms]
2023-08-11 15:41:40.305 [info] > git for-each-ref --format=%(refname)%00%(upstream:short)%00%(objectname)%00%(upstream:track)%00%(upstream:remotename)%00%(upstream:remoteref) refs/heads/main refs/remotes/main [0ms]
2023-08-11 15:41:40.315 [info] > git status -z -uall [5ms]
2023-08-11 15:41:45.337 [info] > git config --get commit.template [4ms]
2023-08-11 15:41:45.337 [info] > git for-each-ref --format=%(refname)%00%(upstream:short)%00%(objectname)%00%(upstream:track)%00%(upstream:remotename)%00%(upstream:remoteref) refs/heads/main refs/remotes/main [1ms]
2023-08-11 15:41:45.346 [info] > git status -z -uall [4ms]
2023-08-11 15:41:50.366 [info] > git config --get commit.template [6ms]
2023-08-11 15:41:50.366 [info] > git for-each-ref --format=%(refname)%00%(upstream:short)%00%(objectname)%00%(upstream:track)%00%(upstream:remotename)%00%(upstream:remoteref) refs/heads/main refs/remotes/main [0ms]
2023-08-11 15:41:50.376 [info] > git status -z -uall [4ms]
2023-08-11 15:41:55.390 [info] > git config --get commit.template [0ms]
2023-08-11 15:41:55.396 [info] > git for-each-ref --format=%(refname)%00%(upstream:short)%00%(objectname)%00%(upstream:track)%00%(upstream:remotename)%00%(upstream:remoteref) refs/heads/main refs/remotes/main [0ms]
2023-08-11 15:41:55.405 [info] > git status -z -uall [5ms]
2023-08-11 15:42:00.424 [info] > git config --get commit.template [5ms]
2023-08-11 15:42:00.424 [info] > git for-each-ref --format=%(refname)%00%(upstream:short)%00%(objectname)%00%(upstream:track)%00%(upstream:remotename)%00%(upstream:remoteref) refs/heads/main refs/remotes/main [1ms]
2023-08-11 15:42:00.435 [info] > git status -z -uall [6ms]
2023-08-11 15:42:05.450 [info] > git config --get commit.template [4ms]
2023-08-11 15:42:05.451 [info] > git for-each-ref --format=%(refname)%00%(upstream:short)%00%(objectname)%00%(upstream:track)%00%(upstream:remotename)%00%(upstream:remoteref) refs/heads/main refs/remotes/main [1ms]
2023-08-11 15:42:05.461 [info] > git status -z -uall [7ms]
2023-08-11 15:42:17.525 [info] > git config --get commit.template [1ms]
2023-08-11 15:42:17.531 [info] > git for-each-ref --format=%(refname)%00%(upstream:short)%00%(objectname)%00%(upstream:track)%00%(upstream:remotename)%00%(upstream:remoteref) refs/heads/main refs/remotes/main [1ms]
2023-08-11 15:42:17.540 [info] > git status -z -uall [4ms]
2023-08-11 15:42:22.674 [info] > git config --get commit.template [0ms]
2023-08-11 15:42:22.680 [info] > git for-each-ref --format=%(refname)%00%(upstream:short)%00%(objectname)%00%(upstream:track)%00%(upstream:remotename)%00%(upstream:remoteref) refs/heads/main refs/remotes/main [1ms]
2023-08-11 15:42:22.689 [info] > git status -z -uall [4ms]
2023-08-11 15:42:27.706 [info] > git config --get commit.template [3ms]
2023-08-11 15:42:27.707 [info] > git for-each-ref --format=%(refname)%00%(upstream:short)%00%(objectname)%00%(upstream:track)%00%(upstream:remotename)%00%(upstream:remoteref) refs/heads/main refs/remotes/main [1ms]
2023-08-11 15:42:27.714 [info] > git status -z -uall [4ms]
2023-08-11 15:42:35.573 [info] > git config --get commit.template [1ms]
2023-08-11 15:42:35.581 [info] > git for-each-ref --format=%(refname)%00%(upstream:short)%00%(objectname)%00%(upstream:track)%00%(upstream:remotename)%00%(upstream:remoteref) refs/heads/main refs/remotes/main [0ms]
2023-08-11 15:42:35.590 [info] > git status -z -uall [4ms]
2023-08-11 15:42:40.609 [info] > git config --get commit.template [6ms]
2023-08-11 15:42:40.609 [info] > git for-each-ref --format=%(refname)%00%(upstream:short)%00%(objectname)%00%(upstream:track)%00%(upstream:remotename)%00%(upstream:remoteref) refs/heads/main refs/remotes/main [1ms]
2023-08-11 15:42:40.618 [info] > git status -z -uall [4ms]
2023-08-11 15:42:45.635 [info] > git config --get commit.template [4ms]
2023-08-11 15:42:45.635 [info] > git for-each-ref --format=%(refname)%00%(upstream:short)%00%(objectname)%00%(upstream:track)%00%(upstream:remotename)%00%(upstream:remoteref) refs/heads/main refs/remotes/main [0ms]
2023-08-11 15:42:45.643 [info] > git status -z -uall [5ms]
2023-08-11 15:42:53.166 [info] > git config --get commit.template [7ms]
2023-08-11 15:42:53.166 [info] > git for-each-ref --format=%(refname)%00%(upstream:short)%00%(objectname)%00%(upstream:track)%00%(upstream:remotename)%00%(upstream:remoteref) refs/heads/main refs/remotes/main [1ms]
2023-08-11 15:42:53.179 [info] > git status -z -uall [5ms]
2023-08-11 15:42:58.202 [info] > git config --get commit.template [4ms]
2023-08-11 15:42:58.202 [info] > git for-each-ref --format=%(refname)%00%(upstream:short)%00%(objectname)%00%(upstream:track)%00%(upstream:remotename)%00%(upstream:remoteref) refs/heads/main refs/remotes/main [1ms]
2023-08-11 15:42:58.210 [info] > git status -z -uall [5ms]
2023-08-11 15:43:03.226 [info] > git config --get commit.template [5ms]
2023-08-11 15:43:03.226 [info] > git for-each-ref --format=%(refname)%00%(upstream:short)%00%(objectname)%00%(upstream:track)%00%(upstream:remotename)%00%(upstream:remoteref) refs/heads/main refs/remotes/main [1ms]
2023-08-11 15:43:03.234 [info] > git status -z -uall [4ms]
2023-08-11 15:43:11.089 [info] > git config --get commit.template [1ms]
2023-08-11 15:43:11.095 [info] > git for-each-ref --format=%(refname)%00%(upstream:short)%00%(objectname)%00%(upstream:track)%00%(upstream:remotename)%00%(upstream:remoteref) refs/heads/main refs/remotes/main [1ms]
2023-08-11 15:43:11.104 [info] > git status -z -uall [5ms]
2023-08-11 15:43:23.453 [info] > git config --get commit.template [6ms]
2023-08-11 15:43:23.453 [info] > git for-each-ref --format=%(refname)%00%(upstream:short)%00%(objectname)%00%(upstream:track)%00%(upstream:remotename)%00%(upstream:remoteref) refs/heads/main refs/remotes/main [1ms]
2023-08-11 15:43:23.463 [info] > git status -z -uall [5ms]
2023-08-11 15:43:28.476 [info] > git config --get commit.template [1ms]
2023-08-11 15:43:28.481 [info] > git for-each-ref --format=%(refname)%00%(upstream:short)%00%(objectname)%00%(upstream:track)%00%(upstream:remotename)%00%(upstream:remoteref) refs/heads/main refs/remotes/main [1ms]
2023-08-11 15:43:28.491 [info] > git status -z -uall [5ms]
2023-08-11 15:43:33.510 [info] > git config --get commit.template [6ms]
2023-08-11 15:43:33.510 [info] > git for-each-ref --format=%(refname)%00%(upstream:short)%00%(objectname)%00%(upstream:track)%00%(upstream:remotename)%00%(upstream:remoteref) refs/heads/main refs/remotes/main [0ms]
2023-08-11 15:43:33.520 [info] > git status -z -uall [5ms]
2023-08-11 15:43:38.617 [info] > git config --get commit.template [0ms]
2023-08-11 15:43:38.623 [info] > git for-each-ref --format=%(refname)%00%(upstream:short)%00%(objectname)%00%(upstream:track)%00%(upstream:remotename)%00%(upstream:remoteref) refs/heads/main refs/remotes/main [0ms]
2023-08-11 15:43:38.632 [info] > git status -z -uall [4ms]
2023-08-11 15:43:43.650 [info] > git config --get commit.template [3ms]
2023-08-11 15:43:43.650 [info] > git for-each-ref --format=%(refname)%00%(upstream:short)%00%(objectname)%00%(upstream:track)%00%(upstream:remotename)%00%(upstream:remoteref) refs/heads/main refs/remotes/main [0ms]
2023-08-11 15:43:43.658 [info] > git status -z -uall [4ms]
2023-08-11 15:43:59.708 [info] > git config --get commit.template [0ms]
2023-08-11 15:43:59.714 [info] > git for-each-ref --format=%(refname)%00%(upstream:short)%00%(objectname)%00%(upstream:track)%00%(upstream:remotename)%00%(upstream:remoteref) refs/heads/main refs/remotes/main [1ms]
2023-08-11 15:43:59.725 [info] > git status -z -uall [6ms]
2023-08-11 15:44:04.743 [info] > git config --get commit.template [4ms]
2023-08-11 15:44:04.743 [info] > git for-each-ref --format=%(refname)%00%(upstream:short)%00%(objectname)%00%(upstream:track)%00%(upstream:remotename)%00%(upstream:remoteref) refs/heads/main refs/remotes/main [1ms]
2023-08-11 15:44:04.760 [info] > git status -z -uall [14ms]
2023-08-11 15:44:09.778 [info] > git config --get commit.template [1ms]
2023-08-11 15:44:09.784 [info] > git for-each-ref --format=%(refname)%00%(upstream:short)%00%(objectname)%00%(upstream:track)%00%(upstream:remotename)%00%(upstream:remoteref) refs/heads/main refs/remotes/main [1ms]
2023-08-11 15:44:09.794 [info] > git status -z -uall [6ms]
2023-08-11 15:44:14.810 [info] > git config --get commit.template [4ms]
2023-08-11 15:44:14.810 [info] > git for-each-ref --format=%(refname)%00%(upstream:short)%00%(objectname)%00%(upstream:track)%00%(upstream:remotename)%00%(upstream:remoteref) refs/heads/main refs/remotes/main [1ms]
2023-08-11 15:44:14.818 [info] > git status -z -uall [5ms]
2023-08-11 15:44:22.159 [info] > git config --get commit.template [6ms]
2023-08-11 15:44:22.160 [info] > git for-each-ref --format=%(refname)%00%(upstream:short)%00%(objectname)%00%(upstream:track)%00%(upstream:remotename)%00%(upstream:remoteref) refs/heads/main refs/remotes/main [1ms]
2023-08-11 15:44:22.169 [info] > git status -z -uall [5ms]
2023-08-11 15:44:27.187 [info] > git config --get commit.template [4ms]
2023-08-11 15:44:27.187 [info] > git for-each-ref --format=%(refname)%00%(upstream:short)%00%(objectname)%00%(upstream:track)%00%(upstream:remotename)%00%(upstream:remoteref) refs/heads/main refs/remotes/main [1ms]
2023-08-11 15:44:27.195 [info] > git status -z -uall [4ms]
2023-08-11 15:44:32.212 [info] > git config --get commit.template [4ms]
2023-08-11 15:44:32.213 [info] > git for-each-ref --format=%(refname)%00%(upstream:short)%00%(objectname)%00%(upstream:track)%00%(upstream:remotename)%00%(upstream:remoteref) refs/heads/main refs/remotes/main [1ms]
2023-08-11 15:44:32.222 [info] > git status -z -uall [5ms]
2023-08-11 15:44:37.237 [info] > git config --get commit.template [1ms]
2023-08-11 15:44:37.244 [info] > git for-each-ref --format=%(refname)%00%(upstream:short)%00%(objectname)%00%(upstream:track)%00%(upstream:remotename)%00%(upstream:remoteref) refs/heads/main refs/remotes/main [0ms]
2023-08-11 15:44:37.253 [info] > git status -z -uall [4ms]
2023-08-11 15:44:42.267 [info] > git config --get commit.template [1ms]
2023-08-11 15:44:42.272 [info] > git for-each-ref --format=%(refname)%00%(upstream:short)%00%(objectname)%00%(upstream:track)%00%(upstream:remotename)%00%(upstream:remoteref) refs/heads/main refs/remotes/main [0ms]
2023-08-11 15:44:42.280 [info] > git status -z -uall [4ms]
2023-08-11 15:44:47.298 [info] > git config --get commit.template [3ms]
2023-08-11 15:44:47.298 [info] > git for-each-ref --format=%(refname)%00%(upstream:short)%00%(objectname)%00%(upstream:track)%00%(upstream:remotename)%00%(upstream:remoteref) refs/heads/main refs/remotes/main [1ms]
2023-08-11 15:44:47.305 [info] > git status -z -uall [4ms]
2023-08-11 15:44:52.323 [info] > git config --get commit.template [4ms]
2023-08-11 15:44:52.323 [info] > git for-each-ref --format=%(refname)%00%(upstream:short)%00%(objectname)%00%(upstream:track)%00%(upstream:remotename)%00%(upstream:remoteref) refs/heads/main refs/remotes/main [1ms]
2023-08-11 15:44:52.331 [info] > git status -z -uall [4ms]
2023-08-11 15:44:57.359 [info] > git config --get commit.template [15ms]
2023-08-11 15:44:57.380 [info] > git for-each-ref --format=%(refname)%00%(upstream:short)%00%(objectname)%00%(upstream:track)%00%(upstream:remotename)%00%(upstream:remoteref) refs/heads/main refs/remotes/main [1ms]
2023-08-11 15:44:57.393 [info] > git status -z -uall [6ms]
2023-08-11 15:44:57.622 [info] > git show --textconv :.vscode/launch.json [9ms]
2023-08-11 15:44:57.624 [info] > git ls-files --stage -- /home/limhs/vscode_todo/.vscode/launch.json [3ms]
2023-08-11 15:44:57.771 [info] > git check-ignore -v -z --stdin [1ms]
2023-08-11 15:45:16.366 [info] > git config --get commit.template [5ms]
2023-08-11 15:45:16.366 [info] > git for-each-ref --format=%(refname)%00%(upstream:short)%00%(objectname)%00%(upstream:track)%00%(upstream:remotename)%00%(upstream:remoteref) refs/heads/main refs/remotes/main [1ms]
2023-08-11 15:45:16.375 [info] > git status -z -uall [5ms]
2023-08-11 15:45:20.282 [info] > git show --textconv :.vscode/launch.json [6ms]
2023-08-11 15:45:20.282 [info] > git ls-files --stage -- /home/limhs/vscode_todo/.vscode/launch.json [1ms]
2023-08-11 15:45:21.395 [info] > git config --get commit.template [4ms]
2023-08-11 15:45:21.396 [info] > git for-each-ref --format=%(refname)%00%(upstream:short)%00%(objectname)%00%(upstream:track)%00%(upstream:remotename)%00%(upstream:remoteref) refs/heads/main refs/remotes/main [1ms]
2023-08-11 15:45:21.403 [info] > git status -z -uall [4ms]
2023-08-11 15:45:26.418 [info] > git config --get commit.template [1ms]
2023-08-11 15:45:26.423 [info] > git for-each-ref --format=%(refname)%00%(upstream:short)%00%(objectname)%00%(upstream:track)%00%(upstream:remotename)%00%(upstream:remoteref) refs/heads/main refs/remotes/main [1ms]
2023-08-11 15:45:26.431 [info] > git status -z -uall [4ms]
2023-08-11 15:45:29.128 [info] > git check-ignore -v -z --stdin [0ms]
2023-08-11 15:45:36.146 [info] > git config --get commit.template [1ms]
2023-08-11 15:45:36.153 [info] > git for-each-ref --format=%(refname)%00%(upstream:short)%00%(objectname)%00%(upstream:track)%00%(upstream:remotename)%00%(upstream:remoteref) refs/heads/main refs/remotes/main [1ms]
2023-08-11 15:45:36.164 [info] > git status -z -uall [4ms]
2023-08-11 15:45:41.183 [info] > git config --get commit.template [7ms]
2023-08-11 15:45:41.184 [info] > git for-each-ref --format=%(refname)%00%(upstream:short)%00%(objectname)%00%(upstream:track)%00%(upstream:remotename)%00%(upstream:remoteref) refs/heads/main refs/remotes/main [0ms]
2023-08-11 15:45:41.192 [info] > git status -z -uall [4ms]
2023-08-11 15:45:46.206 [info] > git config --get commit.template [0ms]
2023-08-11 15:45:46.213 [info] > git for-each-ref --format=%(refname)%00%(upstream:short)%00%(objectname)%00%(upstream:track)%00%(upstream:remotename)%00%(upstream:remoteref) refs/heads/main refs/remotes/main [0ms]
2023-08-11 15:45:46.222 [info] > git status -z -uall [5ms]
2023-08-11 15:45:51.236 [info] > git config --get commit.template [0ms]
2023-08-11 15:45:51.242 [info] > git for-each-ref --format=%(refname)%00%(upstream:short)%00%(objectname)%00%(upstream:track)%00%(upstream:remotename)%00%(upstream:remoteref) refs/heads/main refs/remotes/main [1ms]
2023-08-11 15:45:51.253 [info] > git status -z -uall [6ms]
2023-08-11 15:45:56.270 [info] > git config --get commit.template [5ms]
2023-08-11 15:45:56.270 [info] > git for-each-ref --format=%(refname)%00%(upstream:short)%00%(objectname)%00%(upstream:track)%00%(upstream:remotename)%00%(upstream:remoteref) refs/heads/main refs/remotes/main [1ms]
2023-08-11 15:45:56.278 [info] > git status -z -uall [4ms]
2023-08-11 15:47:02.157 [info] > git config --get commit.template [1ms]
2023-08-11 15:47:02.165 [info] > git for-each-ref --format=%(refname)%00%(upstream:short)%00%(objectname)%00%(upstream:track)%00%(upstream:remotename)%00%(upstream:remoteref) refs/heads/main refs/remotes/main [1ms]
2023-08-11 15:47:02.175 [info] > git status -z -uall [4ms]
2023-08-11 15:47:07.191 [info] > git config --get commit.template [1ms]
2023-08-11 15:47:07.196 [info] > git for-each-ref --format=%(refname)%00%(upstream:short)%00%(objectname)%00%(upstream:track)%00%(upstream:remotename)%00%(upstream:remoteref) refs/heads/main refs/remotes/main [1ms]
2023-08-11 15:47:07.206 [info] > git status -z -uall [5ms]
2023-08-11 15:47:12.233 [info] > git config --get commit.template [1ms]
2023-08-11 15:47:12.238 [info] > git for-each-ref --format=%(refname)%00%(upstream:short)%00%(objectname)%00%(upstream:track)%00%(upstream:remotename)%00%(upstream:remoteref) refs/heads/main refs/remotes/main [1ms]
2023-08-11 15:47:12.246 [info] > git status -z -uall [5ms]
2023-08-11 15:47:17.266 [info] > git config --get commit.template [4ms]
2023-08-11 15:47:17.266 [info] > git for-each-ref --format=%(refname)%00%(upstream:short)%00%(objectname)%00%(upstream:track)%00%(upstream:remotename)%00%(upstream:remoteref) refs/heads/main refs/remotes/main [1ms]
2023-08-11 15:47:17.284 [info] > git status -z -uall [4ms]
2023-08-11 15:47:22.699 [info] > git config --get commit.template [6ms]
2023-08-11 15:47:22.699 [info] > git for-each-ref --format=%(refname)%00%(upstream:short)%00%(objectname)%00%(upstream:track)%00%(upstream:remotename)%00%(upstream:remoteref) refs/heads/main refs/remotes/main [0ms]
2023-08-11 15:47:22.709 [info] > git status -z -uall [4ms]
2023-08-11 15:47:27.725 [info] > git config --get commit.template [0ms]
2023-08-11 15:47:27.729 [info] > git for-each-ref --format=%(refname)%00%(upstream:short)%00%(objectname)%00%(upstream:track)%00%(upstream:remotename)%00%(upstream:remoteref) refs/heads/main refs/remotes/main [1ms]
2023-08-11 15:47:27.738 [info] > git status -z -uall [5ms]
2023-08-11 15:47:55.454 [info] > git config --get commit.template [1ms]
2023-08-11 15:47:55.461 [info] > git for-each-ref --format=%(refname)%00%(upstream:short)%00%(objectname)%00%(upstream:track)%00%(upstream:remotename)%00%(upstream:remoteref) refs/heads/main refs/remotes/main [0ms]
2023-08-11 15:47:55.471 [info] > git status -z -uall [5ms]
2023-08-11 15:48:08.287 [info] > git config --get commit.template [6ms]
2023-08-11 15:48:08.287 [info] > git for-each-ref --format=%(refname)%00%(upstream:short)%00%(objectname)%00%(upstream:track)%00%(upstream:remotename)%00%(upstream:remoteref) refs/heads/main refs/remotes/main [0ms]
2023-08-11 15:48:08.299 [info] > git status -z -uall [6ms]
2023-08-11 15:48:13.312 [info] > git config --get commit.template [1ms]
2023-08-11 15:48:13.317 [info] > git for-each-ref --format=%(refname)%00%(upstream:short)%00%(objectname)%00%(upstream:track)%00%(upstream:remotename)%00%(upstream:remoteref) refs/heads/main refs/remotes/main [1ms]
2023-08-11 15:48:13.325 [info] > git status -z -uall [5ms]
2023-08-11 15:48:18.342 [info] > git config --get commit.template [4ms]
2023-08-11 15:48:18.342 [info] > git for-each-ref --format=%(refname)%00%(upstream:short)%00%(objectname)%00%(upstream:track)%00%(upstream:remotename)%00%(upstream:remoteref) refs/heads/main refs/remotes/main [1ms]
2023-08-11 15:48:18.351 [info] > git status -z -uall [5ms]
2023-08-11 15:48:23.368 [info] > git config --get commit.template [4ms]
2023-08-11 15:48:23.368 [info] > git for-each-ref --format=%(refname)%00%(upstream:short)%00%(objectname)%00%(upstream:track)%00%(upstream:remotename)%00%(upstream:remoteref) refs/heads/main refs/remotes/main [0ms]
2023-08-11 15:48:23.376 [info] > git status -z -uall [4ms]
2023-08-11 15:48:28.394 [info] > git config --get commit.template [4ms]
2023-08-11 15:48:28.394 [info] > git for-each-ref --format=%(refname)%00%(upstream:short)%00%(objectname)%00%(upstream:track)%00%(upstream:remotename)%00%(upstream:remoteref) refs/heads/main refs/remotes/main [1ms]
2023-08-11 15:48:28.402 [info] > git status -z -uall [4ms]
2023-08-11 15:48:34.234 [info] > git config --get commit.template [1ms]
2023-08-11 15:48:34.240 [info] > git for-each-ref --format=%(refname)%00%(upstream:short)%00%(objectname)%00%(upstream:track)%00%(upstream:remotename)%00%(upstream:remoteref) refs/heads/main refs/remotes/main [1ms]
2023-08-11 15:48:34.250 [info] > git status -z -uall [4ms]
2023-08-11 15:48:39.265 [info] > git config --get commit.template [1ms]
2023-08-11 15:48:39.272 [info] > git for-each-ref --format=%(refname)%00%(upstream:short)%00%(objectname)%00%(upstream:track)%00%(upstream:remotename)%00%(upstream:remoteref) refs/heads/main refs/remotes/main [0ms]
2023-08-11 15:48:39.280 [info] > git status -z -uall [4ms]
2023-08-11 15:48:44.297 [info] > git config --get commit.template [3ms]
2023-08-11 15:48:44.297 [info] > git for-each-ref --format=%(refname)%00%(upstream:short)%00%(objectname)%00%(upstream:track)%00%(upstream:remotename)%00%(upstream:remoteref) refs/heads/main refs/remotes/main [1ms]
2023-08-11 15:48:44.305 [info] > git status -z -uall [5ms]
2023-08-11 15:48:49.318 [info] > git config --get commit.template [1ms]
2023-08-11 15:48:49.322 [info] > git for-each-ref --format=%(refname)%00%(upstream:short)%00%(objectname)%00%(upstream:track)%00%(upstream:remotename)%00%(upstream:remoteref) refs/heads/main refs/remotes/main [1ms]
2023-08-11 15:48:49.330 [info] > git status -z -uall [4ms]
2023-08-11 15:48:54.344 [info] > git config --get commit.template [1ms]
2023-08-11 15:48:54.349 [info] > git for-each-ref --format=%(refname)%00%(upstream:short)%00%(objectname)%00%(upstream:track)%00%(upstream:remotename)%00%(upstream:remoteref) refs/heads/main refs/remotes/main [2ms]
2023-08-11 15:48:54.358 [info] > git status -z -uall [5ms]
2023-08-11 15:48:59.374 [info] > git config --get commit.template [3ms]
2023-08-11 15:48:59.374 [info] > git for-each-ref --format=%(refname)%00%(upstream:short)%00%(objectname)%00%(upstream:track)%00%(upstream:remotename)%00%(upstream:remoteref) refs/heads/main refs/remotes/main [1ms]
2023-08-11 15:48:59.382 [info] > git status -z -uall [5ms]
2023-08-11 15:49:04.399 [info] > git config --get commit.template [4ms]
2023-08-11 15:49:04.399 [info] > git for-each-ref --format=%(refname)%00%(upstream:short)%00%(objectname)%00%(upstream:track)%00%(upstream:remotename)%00%(upstream:remoteref) refs/heads/main refs/remotes/main [0ms]
2023-08-11 15:49:04.407 [info] > git status -z -uall [4ms]
2023-08-11 15:49:09.421 [info] > git config --get commit.template [1ms]
2023-08-11 15:49:09.427 [info] > git for-each-ref --format=%(refname)%00%(upstream:short)%00%(objectname)%00%(upstream:track)%00%(upstream:remotename)%00%(upstream:remoteref) refs/heads/main refs/remotes/main [1ms]
2023-08-11 15:49:09.437 [info] > git status -z -uall [4ms]
2023-08-11 15:49:14.453 [info] > git config --get commit.template [4ms]
2023-08-11 15:49:14.454 [info] > git for-each-ref --format=%(refname)%00%(upstream:short)%00%(objectname)%00%(upstream:track)%00%(upstream:remotename)%00%(upstream:remoteref) refs/heads/main refs/remotes/main [1ms]
2023-08-11 15:49:14.462 [info] > git status -z -uall [5ms]
2023-08-11 15:49:19.479 [info] > git config --get commit.template [4ms]
2023-08-11 15:49:19.480 [info] > git for-each-ref --format=%(refname)%00%(upstream:short)%00%(objectname)%00%(upstream:track)%00%(upstream:remotename)%00%(upstream:remoteref) refs/heads/main refs/remotes/main [1ms]
2023-08-11 15:49:19.488 [info] > git status -z -uall [4ms]
2023-08-11 15:49:24.505 [info] > git config --get commit.template [4ms]
2023-08-11 15:49:24.505 [info] > git for-each-ref --format=%(refname)%00%(upstream:short)%00%(objectname)%00%(upstream:track)%00%(upstream:remotename)%00%(upstream:remoteref) refs/heads/main refs/remotes/main [0ms]
2023-08-11 15:49:24.520 [info] > git status -z -uall [10ms]
2023-08-11 15:49:29.545 [info] > git config --get commit.template [4ms]
2023-08-11 15:49:29.545 [info] > git for-each-ref --format=%(refname)%00%(upstream:short)%00%(objectname)%00%(upstream:track)%00%(upstream:remotename)%00%(upstream:remoteref) refs/heads/main refs/remotes/main [1ms]
2023-08-11 15:49:29.553 [info] > git status -z -uall [4ms]
2023-08-11 15:49:49.031 [info] > git config --get commit.template [8ms]
2023-08-11 15:49:49.031 [info] > git for-each-ref --format=%(refname)%00%(upstream:short)%00%(objectname)%00%(upstream:track)%00%(upstream:remotename)%00%(upstream:remoteref) refs/heads/main refs/remotes/main [1ms]
2023-08-11 15:49:49.042 [info] > git status -z -uall [4ms]
2023-08-11 15:49:54.061 [info] > git config --get commit.template [4ms]
2023-08-11 15:49:54.061 [info] > git for-each-ref --format=%(refname)%00%(upstream:short)%00%(objectname)%00%(upstream:track)%00%(upstream:remotename)%00%(upstream:remoteref) refs/heads/main refs/remotes/main [0ms]
2023-08-11 15:49:54.069 [info] > git status -z -uall [4ms]
2023-08-11 15:49:59.100 [info] > git config --get commit.template [6ms]
2023-08-11 15:49:59.101 [info] > git for-each-ref --format=%(refname)%00%(upstream:short)%00%(objectname)%00%(upstream:track)%00%(upstream:remotename)%00%(upstream:remoteref) refs/heads/main refs/remotes/main [1ms]
2023-08-11 15:49:59.111 [info] > git status -z -uall [5ms]
2023-08-11 15:50:04.130 [info] > git config --get commit.template [4ms]
2023-08-11 15:50:04.130 [info] > git for-each-ref --format=%(refname)%00%(upstream:short)%00%(objectname)%00%(upstream:track)%00%(upstream:remotename)%00%(upstream:remoteref) refs/heads/main refs/remotes/main [0ms]
2023-08-11 15:50:04.138 [info] > git status -z -uall [4ms]
2023-08-11 15:50:09.154 [info] > git config --get commit.template [4ms]
2023-08-11 15:50:09.155 [info] > git for-each-ref --format=%(refname)%00%(upstream:short)%00%(objectname)%00%(upstream:track)%00%(upstream:remotename)%00%(upstream:remoteref) refs/heads/main refs/remotes/main [0ms]
2023-08-11 15:50:09.162 [info] > git status -z -uall [4ms]
2023-08-11 15:50:14.180 [info] > git config --get commit.template [6ms]
2023-08-11 15:50:14.180 [info] > git for-each-ref --format=%(refname)%00%(upstream:short)%00%(objectname)%00%(upstream:track)%00%(upstream:remotename)%00%(upstream:remoteref) refs/heads/main refs/remotes/main [0ms]
2023-08-11 15:50:14.189 [info] > git status -z -uall [5ms]
2023-08-11 15:50:19.205 [info] > git config --get commit.template [1ms]
2023-08-11 15:50:19.210 [info] > git for-each-ref --format=%(refname)%00%(upstream:short)%00%(objectname)%00%(upstream:track)%00%(upstream:remotename)%00%(upstream:remoteref) refs/heads/main refs/remotes/main [0ms]
2023-08-11 15:50:19.218 [info] > git status -z -uall [4ms]
2023-08-11 15:50:24.235 [info] > git config --get commit.template [4ms]
2023-08-11 15:50:24.235 [info] > git for-each-ref --format=%(refname)%00%(upstream:short)%00%(objectname)%00%(upstream:track)%00%(upstream:remotename)%00%(upstream:remoteref) refs/heads/main refs/remotes/main [1ms]
2023-08-11 15:50:24.243 [info] > git status -z -uall [5ms]
2023-08-11 15:50:29.262 [info] > git config --get commit.template [5ms]
2023-08-11 15:50:29.262 [info] > git for-each-ref --format=%(refname)%00%(upstream:short)%00%(objectname)%00%(upstream:track)%00%(upstream:remotename)%00%(upstream:remoteref) refs/heads/main refs/remotes/main [1ms]
2023-08-11 15:50:29.280 [info] > git status -z -uall [4ms]
2023-08-11 15:50:34.298 [info] > git config --get commit.template [5ms]
2023-08-11 15:50:34.298 [info] > git for-each-ref --format=%(refname)%00%(upstream:short)%00%(objectname)%00%(upstream:track)%00%(upstream:remotename)%00%(upstream:remoteref) refs/heads/main refs/remotes/main [1ms]
2023-08-11 15:50:34.307 [info] > git status -z -uall [5ms]
2023-08-11 15:50:39.329 [info] > git config --get commit.template [4ms]
2023-08-11 15:50:39.330 [info] > git for-each-ref --format=%(refname)%00%(upstream:short)%00%(objectname)%00%(upstream:track)%00%(upstream:remotename)%00%(upstream:remoteref) refs/heads/main refs/remotes/main [1ms]
2023-08-11 15:50:39.337 [info] > git status -z -uall [4ms]
2023-08-11 15:50:44.354 [info] > git config --get commit.template [4ms]
2023-08-11 15:50:44.354 [info] > git for-each-ref --format=%(refname)%00%(upstream:short)%00%(objectname)%00%(upstream:track)%00%(upstream:remotename)%00%(upstream:remoteref) refs/heads/main refs/remotes/main [0ms]
2023-08-11 15:50:44.373 [info] > git status -z -uall [15ms]
2023-08-11 15:50:49.394 [info] > git config --get commit.template [4ms]
2023-08-11 15:50:49.394 [info] > git for-each-ref --format=%(refname)%00%(upstream:short)%00%(objectname)%00%(upstream:track)%00%(upstream:remotename)%00%(upstream:remoteref) refs/heads/main refs/remotes/main [1ms]
2023-08-11 15:50:49.402 [info] > git status -z -uall [5ms]
2023-08-11 15:50:54.424 [info] > git config --get commit.template [3ms]
2023-08-11 15:50:54.424 [info] > git for-each-ref --format=%(refname)%00%(upstream:short)%00%(objectname)%00%(upstream:track)%00%(upstream:remotename)%00%(upstream:remoteref) refs/heads/main refs/remotes/main [1ms]
2023-08-11 15:50:54.432 [info] > git status -z -uall [5ms]
2023-08-11 15:50:59.453 [info] > git config --get commit.template [5ms]
2023-08-11 15:50:59.453 [info] > git for-each-ref --format=%(refname)%00%(upstream:short)%00%(objectname)%00%(upstream:track)%00%(upstream:remotename)%00%(upstream:remoteref) refs/heads/main refs/remotes/main [0ms]
2023-08-11 15:50:59.462 [info] > git status -z -uall [5ms]
2023-08-11 15:51:04.479 [info] > git config --get commit.template [4ms]
2023-08-11 15:51:04.479 [info] > git for-each-ref --format=%(refname)%00%(upstream:short)%00%(objectname)%00%(upstream:track)%00%(upstream:remotename)%00%(upstream:remoteref) refs/heads/main refs/remotes/main [0ms]
2023-08-11 15:51:04.488 [info] > git status -z -uall [5ms]
2023-08-11 15:51:09.503 [info] > git config --get commit.template [0ms]
2023-08-11 15:51:09.509 [info] > git for-each-ref --format=%(refname)%00%(upstream:short)%00%(objectname)%00%(upstream:track)%00%(upstream:remotename)%00%(upstream:remoteref) refs/heads/main refs/remotes/main [1ms]
2023-08-11 15:51:09.520 [info] > git status -z -uall [4ms]
2023-08-11 15:51:14.537 [info] > git config --get commit.template [4ms]
2023-08-11 15:51:14.537 [info] > git for-each-ref --format=%(refname)%00%(upstream:short)%00%(objectname)%00%(upstream:track)%00%(upstream:remotename)%00%(upstream:remoteref) refs/heads/main refs/remotes/main [1ms]
2023-08-11 15:51:14.545 [info] > git status -z -uall [4ms]
2023-08-11 15:51:21.430 [info] > git config --get commit.template [1ms]
2023-08-11 15:51:21.437 [info] > git for-each-ref --format=%(refname)%00%(upstream:short)%00%(objectname)%00%(upstream:track)%00%(upstream:remotename)%00%(upstream:remoteref) refs/heads/main refs/remotes/main [1ms]
2023-08-11 15:51:21.454 [info] > git status -z -uall [11ms]
2023-08-11 15:51:42.983 [info] > git config --get commit.template [0ms]
2023-08-11 15:51:42.989 [info] > git for-each-ref --format=%(refname)%00%(upstream:short)%00%(objectname)%00%(upstream:track)%00%(upstream:remotename)%00%(upstream:remoteref) refs/heads/main refs/remotes/main [1ms]
2023-08-11 15:51:42.998 [info] > git status -z -uall [4ms]
2023-08-11 15:51:48.019 [info] > git config --get commit.template [3ms]
2023-08-11 15:51:48.020 [info] > git for-each-ref --format=%(refname)%00%(upstream:short)%00%(objectname)%00%(upstream:track)%00%(upstream:remotename)%00%(upstream:remoteref) refs/heads/main refs/remotes/main [1ms]
2023-08-11 15:51:48.028 [info] > git status -z -uall [5ms]
2023-08-11 15:51:49.389 [info] > git show --textconv :config.js [7ms]
2023-08-11 15:51:49.390 [info] > git ls-files --stage -- /home/limhs/vscode_todo/config.js [2ms]
2023-08-11 15:51:49.396 [info] > git cat-file -s f131a15b67694a9fa59338bd563727c4a196e605 [1ms]
2023-08-11 15:51:53.041 [info] > git config --get commit.template [1ms]
2023-08-11 15:51:53.047 [info] > git for-each-ref --format=%(refname)%00%(upstream:short)%00%(objectname)%00%(upstream:track)%00%(upstream:remotename)%00%(upstream:remoteref) refs/heads/main refs/remotes/main [1ms]
2023-08-11 15:51:53.056 [info] > git status -z -uall [4ms]
2023-08-11 15:51:55.091 [info] > git show --textconv :.env [6ms]
2023-08-11 15:51:55.091 [info] > git ls-files --stage -- /home/limhs/vscode_todo/.env [1ms]
2023-08-11 15:51:55.097 [info] > git cat-file -s ea399c87519fb26f83827e8b8826125e1346b374 [0ms]
2023-08-11 15:51:58.073 [info] > git config --get commit.template [4ms]
2023-08-11 15:51:58.074 [info] > git for-each-ref --format=%(refname)%00%(upstream:short)%00%(objectname)%00%(upstream:track)%00%(upstream:remotename)%00%(upstream:remoteref) refs/heads/main refs/remotes/main [1ms]
2023-08-11 15:51:58.082 [info] > git status -z -uall [5ms]
2023-08-11 15:52:03.099 [info] > git config --get commit.template [4ms]
2023-08-11 15:52:03.099 [info] > git for-each-ref --format=%(refname)%00%(upstream:short)%00%(objectname)%00%(upstream:track)%00%(upstream:remotename)%00%(upstream:remoteref) refs/heads/main refs/remotes/main [0ms]
2023-08-11 15:52:03.108 [info] > git status -z -uall [5ms]
2023-08-11 15:52:08.122 [info] > git config --get commit.template [1ms]
2023-08-11 15:52:08.127 [info] > git for-each-ref --format=%(refname)%00%(upstream:short)%00%(objectname)%00%(upstream:track)%00%(upstream:remotename)%00%(upstream:remoteref) refs/heads/main refs/remotes/main [1ms]
2023-08-11 15:52:08.135 [info] > git status -z -uall [4ms]
2023-08-11 15:52:13.152 [info] > git config --get commit.template [4ms]
2023-08-11 15:52:13.153 [info] > git for-each-ref --format=%(refname)%00%(upstream:short)%00%(objectname)%00%(upstream:track)%00%(upstream:remotename)%00%(upstream:remoteref) refs/heads/main refs/remotes/main [1ms]
2023-08-11 15:52:13.161 [info] > git status -z -uall [5ms]
2023-08-11 15:52:18.177 [info] > git config --get commit.template [4ms]
2023-08-11 15:52:18.178 [info] > git for-each-ref --format=%(refname)%00%(upstream:short)%00%(objectname)%00%(upstream:track)%00%(upstream:remotename)%00%(upstream:remoteref) refs/heads/main refs/remotes/main [1ms]
2023-08-11 15:52:18.186 [info] > git status -z -uall [5ms]
2023-08-11 15:52:23.200 [info] > git config --get commit.template [1ms]
2023-08-11 15:52:23.204 [info] > git for-each-ref --format=%(refname)%00%(upstream:short)%00%(objectname)%00%(upstream:track)%00%(upstream:remotename)%00%(upstream:remoteref) refs/heads/main refs/remotes/main [0ms]
2023-08-11 15:52:23.211 [info] > git status -z -uall [4ms]
2023-08-11 15:52:28.228 [info] > git config --get commit.template [4ms]
2023-08-11 15:52:28.228 [info] > git for-each-ref --format=%(refname)%00%(upstream:short)%00%(objectname)%00%(upstream:track)%00%(upstream:remotename)%00%(upstream:remoteref) refs/heads/main refs/remotes/main [1ms]
2023-08-11 15:52:28.236 [info] > git status -z -uall [4ms]
2023-08-11 15:52:37.082 [info] > git for-each-ref --format=%(refname)%00%(upstream:short)%00%(objectname)%00%(upstream:track)%00%(upstream:remotename)%00%(upstream:remoteref) refs/heads/main refs/remotes/main [3ms]
2023-08-11 15:52:37.082 [info] > git config --get commit.template [8ms]
2023-08-11 15:52:37.091 [info] > git status -z -uall [4ms]
2023-08-11 15:52:42.111 [info] > git config --get commit.template [5ms]
2023-08-11 15:52:42.111 [info] > git for-each-ref --format=%(refname)%00%(upstream:short)%00%(objectname)%00%(upstream:track)%00%(upstream:remotename)%00%(upstream:remoteref) refs/heads/main refs/remotes/main [1ms]
2023-08-11 15:52:42.119 [info] > git status -z -uall [5ms]
2023-08-11 15:52:47.136 [info] > git config --get commit.template [4ms]
2023-08-11 15:52:47.136 [info] > git for-each-ref --format=%(refname)%00%(upstream:short)%00%(objectname)%00%(upstream:track)%00%(upstream:remotename)%00%(upstream:remoteref) refs/heads/main refs/remotes/main [1ms]
2023-08-11 15:52:47.155 [info] > git status -z -uall [15ms]
2023-08-11 15:52:52.175 [info] > git config --get commit.template [4ms]
2023-08-11 15:52:52.175 [info] > git for-each-ref --format=%(refname)%00%(upstream:short)%00%(objectname)%00%(upstream:track)%00%(upstream:remotename)%00%(upstream:remoteref) refs/heads/main refs/remotes/main [1ms]
2023-08-11 15:52:52.184 [info] > git status -z -uall [5ms]
2023-08-11 15:53:12.137 [info] > git config --get commit.template [0ms]
2023-08-11 15:53:12.144 [info] > git for-each-ref --format=%(refname)%00%(upstream:short)%00%(objectname)%00%(upstream:track)%00%(upstream:remotename)%00%(upstream:remoteref) refs/heads/main refs/remotes/main [1ms]
2023-08-11 15:53:12.154 [info] > git status -z -uall [5ms]
2023-08-11 15:53:17.168 [info] > git config --get commit.template [0ms]
2023-08-11 15:53:17.174 [info] > git for-each-ref --format=%(refname)%00%(upstream:short)%00%(objectname)%00%(upstream:track)%00%(upstream:remotename)%00%(upstream:remoteref) refs/heads/main refs/remotes/main [1ms]
2023-08-11 15:53:17.183 [info] > git status -z -uall [4ms]
2023-08-11 15:53:22.213 [info] > git config --get commit.template [4ms]
2023-08-11 15:53:22.213 [info] > git for-each-ref --format=%(refname)%00%(upstream:short)%00%(objectname)%00%(upstream:track)%00%(upstream:remotename)%00%(upstream:remoteref) refs/heads/main refs/remotes/main [1ms]
2023-08-11 15:53:22.221 [info] > git status -z -uall [5ms]
2023-08-11 15:53:27.240 [info] > git config --get commit.template [4ms]
2023-08-11 15:53:27.241 [info] > git for-each-ref --format=%(refname)%00%(upstream:short)%00%(objectname)%00%(upstream:track)%00%(upstream:remotename)%00%(upstream:remoteref) refs/heads/main refs/remotes/main [1ms]
2023-08-11 15:53:27.248 [info] > git status -z -uall [4ms]
2023-08-11 16:16:49.788 [info] > git config --get commit.template [0ms]
2023-08-11 16:16:49.793 [info] > git for-each-ref --format=%(refname)%00%(upstream:short)%00%(objectname)%00%(upstream:track)%00%(upstream:remotename)%00%(upstream:remoteref) refs/heads/main refs/remotes/main [0ms]
2023-08-11 16:16:49.803 [info] > git status -z -uall [5ms]
2023-08-11 16:16:54.827 [info] > git config --get commit.template [3ms]
2023-08-11 16:16:54.827 [info] > git for-each-ref --format=%(refname)%00%(upstream:short)%00%(objectname)%00%(upstream:track)%00%(upstream:remotename)%00%(upstream:remoteref) refs/heads/main refs/remotes/main [1ms]
2023-08-11 16:16:54.834 [info] > git status -z -uall [4ms]
2023-08-11 16:16:59.852 [info] > git config --get commit.template [3ms]
2023-08-11 16:16:59.853 [info] > git for-each-ref --format=%(refname)%00%(upstream:short)%00%(objectname)%00%(upstream:track)%00%(upstream:remotename)%00%(upstream:remoteref) refs/heads/main refs/remotes/main [1ms]
2023-08-11 16:16:59.861 [info] > git status -z -uall [5ms]
2023-08-11 16:17:04.876 [info] > git config --get commit.template [3ms]
2023-08-11 16:17:04.877 [info] > git for-each-ref --format=%(refname)%00%(upstream:short)%00%(objectname)%00%(upstream:track)%00%(upstream:remotename)%00%(upstream:remoteref) refs/heads/main refs/remotes/main [1ms]
2023-08-11 16:17:04.884 [info] > git status -z -uall [4ms]
2023-08-11 16:17:39.854 [info] > git for-each-ref --format=%(refname)%00%(upstream:short)%00%(objectname)%00%(upstream:track)%00%(upstream:remotename)%00%(upstream:remoteref) refs/heads/main refs/remotes/main [3ms]
2023-08-11 16:17:39.854 [info] > git config --get commit.template [9ms]
2023-08-11 16:17:39.864 [info] > git status -z -uall [5ms]
2023-08-11 16:17:44.884 [info] > git config --get commit.template [6ms]
2023-08-11 16:17:44.884 [info] > git for-each-ref --format=%(refname)%00%(upstream:short)%00%(objectname)%00%(upstream:track)%00%(upstream:remotename)%00%(upstream:remoteref) refs/heads/main refs/remotes/main [1ms]
2023-08-11 16:17:44.905 [info] > git status -z -uall [16ms]
2023-08-11 16:19:43.810 [info] > git config --get commit.template [1ms]
2023-08-11 16:19:43.817 [info] > git for-each-ref --format=%(refname)%00%(upstream:short)%00%(objectname)%00%(upstream:track)%00%(upstream:remotename)%00%(upstream:remoteref) refs/heads/main refs/remotes/main [1ms]
2023-08-11 16:19:43.829 [info] > git status -z -uall [5ms]
2023-08-11 16:19:48.846 [info] > git config --get commit.template [4ms]
2023-08-11 16:19:48.846 [info] > git for-each-ref --format=%(refname)%00%(upstream:short)%00%(objectname)%00%(upstream:track)%00%(upstream:remotename)%00%(upstream:remoteref) refs/heads/main refs/remotes/main [1ms]
2023-08-11 16:19:48.863 [info] > git status -z -uall [14ms]
2023-08-11 16:19:53.885 [info] > git config --get commit.template [4ms]
2023-08-11 16:19:53.885 [info] > git for-each-ref --format=%(refname)%00%(upstream:short)%00%(objectname)%00%(upstream:track)%00%(upstream:remotename)%00%(upstream:remoteref) refs/heads/main refs/remotes/main [0ms]
2023-08-11 16:19:53.893 [info] > git status -z -uall [4ms]
2023-08-11 16:25:41.928 [info] > git config --get commit.template [6ms]
2023-08-11 16:25:41.928 [info] > git for-each-ref --format=%(refname)%00%(upstream:short)%00%(objectname)%00%(upstream:track)%00%(upstream:remotename)%00%(upstream:remoteref) refs/heads/main refs/remotes/main [0ms]
2023-08-11 16:25:41.938 [info] > git status -z -uall [5ms]
2023-08-11 16:25:53.265 [info] > git config --get commit.template [7ms]
2023-08-11 16:25:53.265 [info] > git for-each-ref --format=%(refname)%00%(upstream:short)%00%(objectname)%00%(upstream:track)%00%(upstream:remotename)%00%(upstream:remoteref) refs/heads/main refs/remotes/main [1ms]
2023-08-11 16:25:53.276 [info] > git status -z -uall [4ms]
2023-08-11 16:25:58.310 [info] > git config --get commit.template [4ms]
2023-08-11 16:25:58.310 [info] > git for-each-ref --format=%(refname)%00%(upstream:short)%00%(objectname)%00%(upstream:track)%00%(upstream:remotename)%00%(upstream:remoteref) refs/heads/main refs/remotes/main [1ms]
2023-08-11 16:25:58.318 [info] > git status -z -uall [4ms]
2023-08-11 16:26:03.337 [info] > git config --get commit.template [6ms]
2023-08-11 16:26:03.337 [info] > git for-each-ref --format=%(refname)%00%(upstream:short)%00%(objectname)%00%(upstream:track)%00%(upstream:remotename)%00%(upstream:remoteref) refs/heads/main refs/remotes/main [0ms]
2023-08-11 16:26:03.347 [info] > git status -z -uall [5ms]
2023-08-11 16:26:08.368 [info] > git config --get commit.template [4ms]
2023-08-11 16:26:08.369 [info] > git for-each-ref --format=%(refname)%00%(upstream:short)%00%(objectname)%00%(upstream:track)%00%(upstream:remotename)%00%(upstream:remoteref) refs/heads/main refs/remotes/main [1ms]
2023-08-11 16:26:08.377 [info] > git status -z -uall [5ms]
