2023-08-11 19:08:47.345 [info] Log level: Info
2023-08-11 19:08:47.345 [info] Validating found git in: "git"
2023-08-11 19:08:47.345 [info] Using git "2.37.2" from "git"
2023-08-11 19:08:47.345 [info] > git rev-parse --show-toplevel [3ms]
2023-08-11 19:08:47.345 [info] > git rev-parse --git-dir --git-common-dir [1ms]
2023-08-11 19:08:47.345 [info] Open repository: /home/limhs/vscode_todo
2023-08-11 19:08:47.345 [info] > git rev-parse --show-toplevel [7ms]
2023-08-11 19:08:47.345 [info] > git rev-parse --show-toplevel [1ms]
2023-08-11 19:08:47.345 [info] > git config --get commit.template [13ms]
2023-08-11 19:08:47.345 [info] > git rev-parse --show-toplevel [8ms]
2023-08-11 19:08:47.345 [info] > git for-each-ref --format=%(refname)%00%(upstream:short)%00%(objectname)%00%(upstream:track)%00%(upstream:remotename)%00%(upstream:remoteref) refs/heads/main refs/remotes/main [2ms]
2023-08-11 19:08:47.345 [info] > git rev-parse --show-toplevel [13ms]
2023-08-11 19:08:47.345 [info] > git status -z -uall [10ms]
2023-08-11 19:08:47.345 [info] > git rev-parse --show-toplevel [32ms]
2023-08-11 19:08:47.346 [info] > git rev-parse --show-toplevel [119ms]
2023-08-11 19:08:47.358 [info] > git rev-parse --show-toplevel [7ms]
2023-08-11 19:08:47.375 [info] > git rev-parse --show-toplevel [10ms]
2023-08-11 19:08:47.381 [info] > git rev-parse --show-toplevel [2ms]
2023-08-11 19:08:47.386 [info] > git rev-parse --show-toplevel [1ms]
2023-08-11 19:08:47.394 [info] > git rev-parse --show-toplevel [3ms]
2023-08-11 19:08:47.401 [info] > git rev-parse --show-toplevel [1ms]
2023-08-11 19:08:47.409 [info] > git rev-parse --show-toplevel [1ms]
2023-08-11 19:08:47.415 [info] > git rev-parse --show-toplevel [0ms]
2023-08-11 19:08:47.421 [info] > git rev-parse --show-toplevel [0ms]
2023-08-11 19:08:47.427 [info] > git rev-parse --show-toplevel [1ms]
2023-08-11 19:08:47.442 [info] > git rev-parse --show-toplevel [9ms]
2023-08-11 19:08:47.449 [info] > git rev-parse --show-toplevel [1ms]
2023-08-11 19:08:47.455 [info] > git rev-parse --show-toplevel [1ms]
2023-08-11 19:08:47.463 [info] > git rev-parse --show-toplevel [1ms]
2023-08-11 19:08:47.469 [info] > git rev-parse --show-toplevel [1ms]
2023-08-11 19:08:47.474 [info] > git rev-parse --show-toplevel [0ms]
2023-08-11 19:08:47.782 [info] > git show --textconv :app/routes/google_auth.js [5ms]
2023-08-11 19:08:47.783 [info] > git ls-files --stage -- /home/limhs/vscode_todo/app/routes/google_auth.js [2ms]
2023-08-11 19:08:47.859 [info] > git check-ignore -v -z --stdin [1ms]
2023-08-11 19:08:50.869 [info] > git config --get commit.template [5ms]
2023-08-11 19:08:50.869 [info] > git for-each-ref --format=%(refname)%00%(upstream:short)%00%(objectname)%00%(upstream:track)%00%(upstream:remotename)%00%(upstream:remoteref) refs/heads/main refs/remotes/main [1ms]
2023-08-11 19:08:50.878 [info] > git status -z -uall [5ms]
2023-08-11 19:08:55.901 [info] > git config --get commit.template [5ms]
2023-08-11 19:08:55.901 [info] > git for-each-ref --format=%(refname)%00%(upstream:short)%00%(objectname)%00%(upstream:track)%00%(upstream:remotename)%00%(upstream:remoteref) refs/heads/main refs/remotes/main [1ms]
2023-08-11 19:08:55.911 [info] > git status -z -uall [5ms]
2023-08-11 19:09:02.394 [info] > git for-each-ref --format=%(refname)%00%(upstream:short)%00%(objectname)%00%(upstream:track)%00%(upstream:remotename)%00%(upstream:remoteref) refs/heads/main refs/remotes/main [1ms]
2023-08-11 19:09:02.394 [info] > git config --get commit.template [6ms]
2023-08-11 19:09:02.413 [info] > git status -z -uall [14ms]
2023-08-11 19:09:07.430 [info] > git config --get commit.template [1ms]
2023-08-11 19:09:07.435 [info] > git for-each-ref --format=%(refname)%00%(upstream:short)%00%(objectname)%00%(upstream:track)%00%(upstream:remotename)%00%(upstream:remoteref) refs/heads/main refs/remotes/main [1ms]
2023-08-11 19:09:07.444 [info] > git status -z -uall [5ms]
2023-08-11 19:09:12.459 [info] > git config --get commit.template [0ms]
2023-08-11 19:09:12.464 [info] > git for-each-ref --format=%(refname)%00%(upstream:short)%00%(objectname)%00%(upstream:track)%00%(upstream:remotename)%00%(upstream:remoteref) refs/heads/main refs/remotes/main [1ms]
2023-08-11 19:09:12.475 [info] > git status -z -uall [6ms]
2023-08-11 19:09:17.496 [info] > git config --get commit.template [6ms]
2023-08-11 19:09:17.497 [info] > git for-each-ref --format=%(refname)%00%(upstream:short)%00%(objectname)%00%(upstream:track)%00%(upstream:remotename)%00%(upstream:remoteref) refs/heads/main refs/remotes/main [1ms]
2023-08-11 19:09:17.507 [info] > git status -z -uall [5ms]
2023-08-11 19:09:22.522 [info] > git config --get commit.template [1ms]
2023-08-11 19:09:22.527 [info] > git for-each-ref --format=%(refname)%00%(upstream:short)%00%(objectname)%00%(upstream:track)%00%(upstream:remotename)%00%(upstream:remoteref) refs/heads/main refs/remotes/main [1ms]
2023-08-11 19:09:22.538 [info] > git status -z -uall [5ms]
2023-08-11 19:09:27.556 [info] > git config --get commit.template [5ms]
2023-08-11 19:09:27.556 [info] > git for-each-ref --format=%(refname)%00%(upstream:short)%00%(objectname)%00%(upstream:track)%00%(upstream:remotename)%00%(upstream:remoteref) refs/heads/main refs/remotes/main [1ms]
2023-08-11 19:09:27.566 [info] > git status -z -uall [5ms]
2023-08-11 19:09:32.579 [info] > git config --get commit.template [1ms]
2023-08-11 19:09:32.584 [info] > git for-each-ref --format=%(refname)%00%(upstream:short)%00%(objectname)%00%(upstream:track)%00%(upstream:remotename)%00%(upstream:remoteref) refs/heads/main refs/remotes/main [0ms]
2023-08-11 19:09:32.594 [info] > git status -z -uall [5ms]
2023-08-11 19:09:37.622 [info] > git config --get commit.template [1ms]
2023-08-11 19:09:37.627 [info] > git for-each-ref --format=%(refname)%00%(upstream:short)%00%(objectname)%00%(upstream:track)%00%(upstream:remotename)%00%(upstream:remoteref) refs/heads/main refs/remotes/main [0ms]
2023-08-11 19:09:37.636 [info] > git status -z -uall [5ms]
2023-08-11 19:09:42.649 [info] > git config --get commit.template [1ms]
2023-08-11 19:09:42.654 [info] > git for-each-ref --format=%(refname)%00%(upstream:short)%00%(objectname)%00%(upstream:track)%00%(upstream:remotename)%00%(upstream:remoteref) refs/heads/main refs/remotes/main [1ms]
2023-08-11 19:09:42.664 [info] > git status -z -uall [5ms]
2023-08-11 19:09:49.540 [info] > git config --get commit.template [1ms]
2023-08-11 19:09:49.548 [info] > git for-each-ref --format=%(refname)%00%(upstream:short)%00%(objectname)%00%(upstream:track)%00%(upstream:remotename)%00%(upstream:remoteref) refs/heads/main refs/remotes/main [1ms]
2023-08-11 19:09:49.559 [info] > git status -z -uall [5ms]
2023-08-11 19:09:54.583 [info] > git config --get commit.template [5ms]
2023-08-11 19:09:54.583 [info] > git for-each-ref --format=%(refname)%00%(upstream:short)%00%(objectname)%00%(upstream:track)%00%(upstream:remotename)%00%(upstream:remoteref) refs/heads/main refs/remotes/main [0ms]
2023-08-11 19:09:54.592 [info] > git status -z -uall [5ms]
2023-08-11 19:09:59.612 [info] > git config --get commit.template [5ms]
2023-08-11 19:09:59.612 [info] > git for-each-ref --format=%(refname)%00%(upstream:short)%00%(objectname)%00%(upstream:track)%00%(upstream:remotename)%00%(upstream:remoteref) refs/heads/main refs/remotes/main [0ms]
2023-08-11 19:09:59.622 [info] > git status -z -uall [5ms]
2023-08-11 19:10:04.638 [info] > git config --get commit.template [1ms]
2023-08-11 19:10:04.644 [info] > git for-each-ref --format=%(refname)%00%(upstream:short)%00%(objectname)%00%(upstream:track)%00%(upstream:remotename)%00%(upstream:remoteref) refs/heads/main refs/remotes/main [1ms]
2023-08-11 19:10:04.654 [info] > git status -z -uall [5ms]
2023-08-11 19:10:10.007 [info] > git config --get commit.template [5ms]
2023-08-11 19:10:10.007 [info] > git for-each-ref --format=%(refname)%00%(upstream:short)%00%(objectname)%00%(upstream:track)%00%(upstream:remotename)%00%(upstream:remoteref) refs/heads/main refs/remotes/main [1ms]
2023-08-11 19:10:10.016 [info] > git status -z -uall [4ms]
2023-08-11 19:10:14.762 [info] > git show --textconv :app/models/account.model.js [7ms]
2023-08-11 19:10:14.762 [info] > git ls-files --stage -- /home/limhs/vscode_todo/app/models/account.model.js [1ms]
2023-08-11 19:10:15.040 [info] > git check-ignore -v -z --stdin [7ms]
2023-08-11 19:10:15.041 [info] > git config --get commit.template [1ms]
2023-08-11 19:10:15.046 [info] > git for-each-ref --format=%(refname)%00%(upstream:short)%00%(objectname)%00%(upstream:track)%00%(upstream:remotename)%00%(upstream:remoteref) refs/heads/main refs/remotes/main [1ms]
2023-08-11 19:10:15.056 [info] > git status -z -uall [5ms]
2023-08-11 19:10:20.076 [info] > git config --get commit.template [5ms]
2023-08-11 19:10:20.076 [info] > git for-each-ref --format=%(refname)%00%(upstream:short)%00%(objectname)%00%(upstream:track)%00%(upstream:remotename)%00%(upstream:remoteref) refs/heads/main refs/remotes/main [1ms]
2023-08-11 19:10:20.086 [info] > git status -z -uall [5ms]
2023-08-11 19:10:25.104 [info] > git config --get commit.template [4ms]
2023-08-11 19:10:25.104 [info] > git for-each-ref --format=%(refname)%00%(upstream:short)%00%(objectname)%00%(upstream:track)%00%(upstream:remotename)%00%(upstream:remoteref) refs/heads/main refs/remotes/main [1ms]
2023-08-11 19:10:25.112 [info] > git status -z -uall [4ms]
2023-08-11 19:10:30.126 [info] > git config --get commit.template [1ms]
2023-08-11 19:10:30.132 [info] > git for-each-ref --format=%(refname)%00%(upstream:short)%00%(objectname)%00%(upstream:track)%00%(upstream:remotename)%00%(upstream:remoteref) refs/heads/main refs/remotes/main [0ms]
2023-08-11 19:10:30.142 [info] > git status -z -uall [5ms]
2023-08-11 19:10:35.160 [info] > git config --get commit.template [4ms]
2023-08-11 19:10:35.160 [info] > git for-each-ref --format=%(refname)%00%(upstream:short)%00%(objectname)%00%(upstream:track)%00%(upstream:remotename)%00%(upstream:remoteref) refs/heads/main refs/remotes/main [0ms]
2023-08-11 19:10:35.169 [info] > git status -z -uall [4ms]
2023-08-11 19:10:40.186 [info] > git config --get commit.template [4ms]
2023-08-11 19:10:40.187 [info] > git for-each-ref --format=%(refname)%00%(upstream:short)%00%(objectname)%00%(upstream:track)%00%(upstream:remotename)%00%(upstream:remoteref) refs/heads/main refs/remotes/main [1ms]
2023-08-11 19:10:40.195 [info] > git status -z -uall [4ms]
2023-08-11 19:10:45.215 [info] > git config --get commit.template [5ms]
2023-08-11 19:10:45.215 [info] > git for-each-ref --format=%(refname)%00%(upstream:short)%00%(objectname)%00%(upstream:track)%00%(upstream:remotename)%00%(upstream:remoteref) refs/heads/main refs/remotes/main [0ms]
2023-08-11 19:10:45.224 [info] > git status -z -uall [4ms]
2023-08-11 19:10:50.244 [info] > git config --get commit.template [4ms]
2023-08-11 19:10:50.245 [info] > git for-each-ref --format=%(refname)%00%(upstream:short)%00%(objectname)%00%(upstream:track)%00%(upstream:remotename)%00%(upstream:remoteref) refs/heads/main refs/remotes/main [1ms]
2023-08-11 19:10:50.253 [info] > git status -z -uall [5ms]
2023-08-11 19:10:55.268 [info] > git config --get commit.template [1ms]
2023-08-11 19:10:55.274 [info] > git for-each-ref --format=%(refname)%00%(upstream:short)%00%(objectname)%00%(upstream:track)%00%(upstream:remotename)%00%(upstream:remoteref) refs/heads/main refs/remotes/main [1ms]
2023-08-11 19:10:55.283 [info] > git status -z -uall [5ms]
2023-08-11 19:11:00.306 [info] > git config --get commit.template [3ms]
2023-08-11 19:11:00.306 [info] > git for-each-ref --format=%(refname)%00%(upstream:short)%00%(objectname)%00%(upstream:track)%00%(upstream:remotename)%00%(upstream:remoteref) refs/heads/main refs/remotes/main [1ms]
2023-08-11 19:11:00.314 [info] > git status -z -uall [5ms]
2023-08-11 19:11:05.331 [info] > git config --get commit.template [5ms]
2023-08-11 19:11:05.331 [info] > git for-each-ref --format=%(refname)%00%(upstream:short)%00%(objectname)%00%(upstream:track)%00%(upstream:remotename)%00%(upstream:remoteref) refs/heads/main refs/remotes/main [0ms]
2023-08-11 19:11:05.339 [info] > git status -z -uall [4ms]
2023-08-11 19:11:10.359 [info] > git config --get commit.template [4ms]
2023-08-11 19:11:10.359 [info] > git for-each-ref --format=%(refname)%00%(upstream:short)%00%(objectname)%00%(upstream:track)%00%(upstream:remotename)%00%(upstream:remoteref) refs/heads/main refs/remotes/main [0ms]
2023-08-11 19:11:10.376 [info] > git status -z -uall [4ms]
2023-08-11 19:11:15.393 [info] > git config --get commit.template [3ms]
2023-08-11 19:11:15.393 [info] > git for-each-ref --format=%(refname)%00%(upstream:short)%00%(objectname)%00%(upstream:track)%00%(upstream:remotename)%00%(upstream:remoteref) refs/heads/main refs/remotes/main [1ms]
2023-08-11 19:11:15.401 [info] > git status -z -uall [4ms]
2023-08-11 19:11:20.419 [info] > git config --get commit.template [4ms]
2023-08-11 19:11:20.419 [info] > git for-each-ref --format=%(refname)%00%(upstream:short)%00%(objectname)%00%(upstream:track)%00%(upstream:remotename)%00%(upstream:remoteref) refs/heads/main refs/remotes/main [0ms]
2023-08-11 19:11:20.428 [info] > git status -z -uall [5ms]
2023-08-11 19:11:25.449 [info] > git config --get commit.template [4ms]
2023-08-11 19:11:25.449 [info] > git for-each-ref --format=%(refname)%00%(upstream:short)%00%(objectname)%00%(upstream:track)%00%(upstream:remotename)%00%(upstream:remoteref) refs/heads/main refs/remotes/main [1ms]
2023-08-11 19:11:25.457 [info] > git status -z -uall [4ms]
2023-08-11 19:11:30.476 [info] > git config --get commit.template [0ms]
2023-08-11 19:11:30.480 [info] > git for-each-ref --format=%(refname)%00%(upstream:short)%00%(objectname)%00%(upstream:track)%00%(upstream:remotename)%00%(upstream:remoteref) refs/heads/main refs/remotes/main [1ms]
2023-08-11 19:11:30.488 [info] > git status -z -uall [5ms]
2023-08-11 19:11:35.509 [info] > git config --get commit.template [1ms]
2023-08-11 19:11:35.513 [info] > git for-each-ref --format=%(refname)%00%(upstream:short)%00%(objectname)%00%(upstream:track)%00%(upstream:remotename)%00%(upstream:remoteref) refs/heads/main refs/remotes/main [0ms]
2023-08-11 19:11:35.521 [info] > git status -z -uall [5ms]
2023-08-11 19:11:40.538 [info] > git config --get commit.template [0ms]
2023-08-11 19:11:40.543 [info] > git for-each-ref --format=%(refname)%00%(upstream:short)%00%(objectname)%00%(upstream:track)%00%(upstream:remotename)%00%(upstream:remoteref) refs/heads/main refs/remotes/main [0ms]
2023-08-11 19:11:40.552 [info] > git status -z -uall [5ms]
2023-08-11 19:11:45.568 [info] > git config --get commit.template [2ms]
2023-08-11 19:11:45.574 [info] > git for-each-ref --format=%(refname)%00%(upstream:short)%00%(objectname)%00%(upstream:track)%00%(upstream:remotename)%00%(upstream:remoteref) refs/heads/main refs/remotes/main [1ms]
2023-08-11 19:11:45.586 [info] > git status -z -uall [7ms]
2023-08-11 19:11:50.607 [info] > git config --get commit.template [5ms]
2023-08-11 19:11:50.607 [info] > git for-each-ref --format=%(refname)%00%(upstream:short)%00%(objectname)%00%(upstream:track)%00%(upstream:remotename)%00%(upstream:remoteref) refs/heads/main refs/remotes/main [0ms]
2023-08-11 19:11:50.619 [info] > git status -z -uall [5ms]
2023-08-11 19:11:55.642 [info] > git config --get commit.template [4ms]
2023-08-11 19:11:55.643 [info] > git for-each-ref --format=%(refname)%00%(upstream:short)%00%(objectname)%00%(upstream:track)%00%(upstream:remotename)%00%(upstream:remoteref) refs/heads/main refs/remotes/main [1ms]
2023-08-11 19:11:55.650 [info] > git status -z -uall [4ms]
2023-08-11 19:12:00.670 [info] > git config --get commit.template [5ms]
2023-08-11 19:12:00.670 [info] > git for-each-ref --format=%(refname)%00%(upstream:short)%00%(objectname)%00%(upstream:track)%00%(upstream:remotename)%00%(upstream:remoteref) refs/heads/main refs/remotes/main [1ms]
2023-08-11 19:12:00.678 [info] > git status -z -uall [4ms]
2023-08-11 19:12:05.693 [info] > git config --get commit.template [0ms]
2023-08-11 19:12:05.697 [info] > git for-each-ref --format=%(refname)%00%(upstream:short)%00%(objectname)%00%(upstream:track)%00%(upstream:remotename)%00%(upstream:remoteref) refs/heads/main refs/remotes/main [1ms]
2023-08-11 19:12:05.705 [info] > git status -z -uall [4ms]
2023-08-11 19:12:10.719 [info] > git config --get commit.template [0ms]
2023-08-11 19:12:10.726 [info] > git for-each-ref --format=%(refname)%00%(upstream:short)%00%(objectname)%00%(upstream:track)%00%(upstream:remotename)%00%(upstream:remoteref) refs/heads/main refs/remotes/main [0ms]
2023-08-11 19:12:10.735 [info] > git status -z -uall [4ms]
2023-08-11 19:12:15.751 [info] > git config --get commit.template [4ms]
2023-08-11 19:12:15.751 [info] > git for-each-ref --format=%(refname)%00%(upstream:short)%00%(objectname)%00%(upstream:track)%00%(upstream:remotename)%00%(upstream:remoteref) refs/heads/main refs/remotes/main [0ms]
2023-08-11 19:12:15.759 [info] > git status -z -uall [4ms]
2023-08-11 19:12:20.775 [info] > git config --get commit.template [3ms]
2023-08-11 19:12:20.776 [info] > git for-each-ref --format=%(refname)%00%(upstream:short)%00%(objectname)%00%(upstream:track)%00%(upstream:remotename)%00%(upstream:remoteref) refs/heads/main refs/remotes/main [1ms]
2023-08-11 19:12:20.784 [info] > git status -z -uall [5ms]
2023-08-11 19:12:25.798 [info] > git config --get commit.template [1ms]
2023-08-11 19:12:25.802 [info] > git for-each-ref --format=%(refname)%00%(upstream:short)%00%(objectname)%00%(upstream:track)%00%(upstream:remotename)%00%(upstream:remoteref) refs/heads/main refs/remotes/main [1ms]
2023-08-11 19:12:25.811 [info] > git status -z -uall [5ms]
2023-08-11 19:12:30.831 [info] > git config --get commit.template [6ms]
2023-08-11 19:12:30.831 [info] > git for-each-ref --format=%(refname)%00%(upstream:short)%00%(objectname)%00%(upstream:track)%00%(upstream:remotename)%00%(upstream:remoteref) refs/heads/main refs/remotes/main [1ms]
2023-08-11 19:12:30.851 [info] > git status -z -uall [15ms]
2023-08-11 19:12:42.193 [info] > git config --get commit.template [1ms]
2023-08-11 19:12:42.200 [info] > git for-each-ref --format=%(refname)%00%(upstream:short)%00%(objectname)%00%(upstream:track)%00%(upstream:remotename)%00%(upstream:remoteref) refs/heads/main refs/remotes/main [1ms]
2023-08-11 19:12:42.210 [info] > git status -z -uall [5ms]
2023-08-11 19:12:47.235 [info] > git config --get commit.template [9ms]
2023-08-11 19:12:47.235 [info] > git for-each-ref --format=%(refname)%00%(upstream:short)%00%(objectname)%00%(upstream:track)%00%(upstream:remotename)%00%(upstream:remoteref) refs/heads/main refs/remotes/main [1ms]
2023-08-11 19:12:47.248 [info] > git status -z -uall [6ms]
2023-08-11 19:12:52.272 [info] > git config --get commit.template [1ms]
2023-08-11 19:12:52.278 [info] > git for-each-ref --format=%(refname)%00%(upstream:short)%00%(objectname)%00%(upstream:track)%00%(upstream:remotename)%00%(upstream:remoteref) refs/heads/main refs/remotes/main [0ms]
2023-08-11 19:12:52.288 [info] > git status -z -uall [5ms]
2023-08-11 19:12:57.305 [info] > git config --get commit.template [3ms]
2023-08-11 19:12:57.306 [info] > git for-each-ref --format=%(refname)%00%(upstream:short)%00%(objectname)%00%(upstream:track)%00%(upstream:remotename)%00%(upstream:remoteref) refs/heads/main refs/remotes/main [1ms]
2023-08-11 19:12:57.313 [info] > git status -z -uall [4ms]
2023-08-11 19:13:02.327 [info] > git config --get commit.template [0ms]
2023-08-11 19:13:02.334 [info] > git for-each-ref --format=%(refname)%00%(upstream:short)%00%(objectname)%00%(upstream:track)%00%(upstream:remotename)%00%(upstream:remoteref) refs/heads/main refs/remotes/main [0ms]
2023-08-11 19:13:02.346 [info] > git status -z -uall [4ms]
2023-08-11 19:13:42.352 [info] > git config --get commit.template [0ms]
2023-08-11 19:13:42.358 [info] > git for-each-ref --format=%(refname)%00%(upstream:short)%00%(objectname)%00%(upstream:track)%00%(upstream:remotename)%00%(upstream:remoteref) refs/heads/main refs/remotes/main [1ms]
2023-08-11 19:13:42.367 [info] > git status -z -uall [5ms]
2023-08-11 19:13:47.383 [info] > git config --get commit.template [3ms]
2023-08-11 19:13:47.384 [info] > git for-each-ref --format=%(refname)%00%(upstream:short)%00%(objectname)%00%(upstream:track)%00%(upstream:remotename)%00%(upstream:remoteref) refs/heads/main refs/remotes/main [1ms]
2023-08-11 19:13:47.391 [info] > git status -z -uall [4ms]
2023-08-11 19:13:52.418 [info] > git config --get commit.template [4ms]
2023-08-11 19:13:52.418 [info] > git for-each-ref --format=%(refname)%00%(upstream:short)%00%(objectname)%00%(upstream:track)%00%(upstream:remotename)%00%(upstream:remoteref) refs/heads/main refs/remotes/main [0ms]
2023-08-11 19:13:52.427 [info] > git status -z -uall [5ms]
2023-08-11 19:13:57.445 [info] > git config --get commit.template [6ms]
2023-08-11 19:13:57.445 [info] > git for-each-ref --format=%(refname)%00%(upstream:short)%00%(objectname)%00%(upstream:track)%00%(upstream:remotename)%00%(upstream:remoteref) refs/heads/main refs/remotes/main [0ms]
2023-08-11 19:13:57.455 [info] > git status -z -uall [5ms]
2023-08-11 19:14:02.474 [info] > git config --get commit.template [5ms]
2023-08-11 19:14:02.474 [info] > git for-each-ref --format=%(refname)%00%(upstream:short)%00%(objectname)%00%(upstream:track)%00%(upstream:remotename)%00%(upstream:remoteref) refs/heads/main refs/remotes/main [0ms]
2023-08-11 19:14:02.484 [info] > git status -z -uall [5ms]
2023-08-11 19:14:07.499 [info] > git config --get commit.template [4ms]
2023-08-11 19:14:07.499 [info] > git for-each-ref --format=%(refname)%00%(upstream:short)%00%(objectname)%00%(upstream:track)%00%(upstream:remotename)%00%(upstream:remoteref) refs/heads/main refs/remotes/main [0ms]
2023-08-11 19:14:07.507 [info] > git status -z -uall [4ms]
2023-08-11 19:14:12.524 [info] > git config --get commit.template [3ms]
2023-08-11 19:14:12.525 [info] > git for-each-ref --format=%(refname)%00%(upstream:short)%00%(objectname)%00%(upstream:track)%00%(upstream:remotename)%00%(upstream:remoteref) refs/heads/main refs/remotes/main [0ms]
2023-08-11 19:14:12.532 [info] > git status -z -uall [4ms]
2023-08-11 19:14:17.549 [info] > git config --get commit.template [4ms]
2023-08-11 19:14:17.549 [info] > git for-each-ref --format=%(refname)%00%(upstream:short)%00%(objectname)%00%(upstream:track)%00%(upstream:remotename)%00%(upstream:remoteref) refs/heads/main refs/remotes/main [0ms]
2023-08-11 19:14:17.557 [info] > git status -z -uall [4ms]
2023-08-11 19:14:22.574 [info] > git config --get commit.template [3ms]
2023-08-11 19:14:22.575 [info] > git for-each-ref --format=%(refname)%00%(upstream:short)%00%(objectname)%00%(upstream:track)%00%(upstream:remotename)%00%(upstream:remoteref) refs/heads/main refs/remotes/main [1ms]
2023-08-11 19:14:22.583 [info] > git status -z -uall [4ms]
2023-08-11 19:14:28.223 [info] > git config --get commit.template [6ms]
2023-08-11 19:14:28.223 [info] > git for-each-ref --format=%(refname)%00%(upstream:short)%00%(objectname)%00%(upstream:track)%00%(upstream:remotename)%00%(upstream:remoteref) refs/heads/main refs/remotes/main [1ms]
2023-08-11 19:14:28.233 [info] > git status -z -uall [5ms]
2023-08-11 19:14:36.990 [info] > git config --get commit.template [6ms]
2023-08-11 19:14:36.990 [info] > git for-each-ref --format=%(refname)%00%(upstream:short)%00%(objectname)%00%(upstream:track)%00%(upstream:remotename)%00%(upstream:remoteref) refs/heads/main refs/remotes/main [1ms]
2023-08-11 19:14:37.001 [info] > git status -z -uall [5ms]
2023-08-11 19:14:46.766 [info] > git config --get commit.template [6ms]
2023-08-11 19:14:46.766 [info] > git for-each-ref --format=%(refname)%00%(upstream:short)%00%(objectname)%00%(upstream:track)%00%(upstream:remotename)%00%(upstream:remoteref) refs/heads/main refs/remotes/main [0ms]
2023-08-11 19:14:46.786 [info] > git status -z -uall [14ms]
2023-08-11 19:14:52.927 [info] > git config --get commit.template [5ms]
2023-08-11 19:14:52.928 [info] > git for-each-ref --format=%(refname)%00%(upstream:short)%00%(objectname)%00%(upstream:track)%00%(upstream:remotename)%00%(upstream:remoteref) refs/heads/main refs/remotes/main [0ms]
2023-08-11 19:14:52.949 [info] > git status -z -uall [17ms]
2023-08-11 19:15:22.790 [info] > git config --get commit.template [6ms]
2023-08-11 19:15:22.791 [info] > git for-each-ref --format=%(refname)%00%(upstream:short)%00%(objectname)%00%(upstream:track)%00%(upstream:remotename)%00%(upstream:remoteref) refs/heads/main refs/remotes/main [1ms]
2023-08-11 19:15:22.801 [info] > git status -z -uall [5ms]
2023-08-11 19:15:27.817 [info] > git config --get commit.template [4ms]
2023-08-11 19:15:27.817 [info] > git for-each-ref --format=%(refname)%00%(upstream:short)%00%(objectname)%00%(upstream:track)%00%(upstream:remotename)%00%(upstream:remoteref) refs/heads/main refs/remotes/main [1ms]
2023-08-11 19:15:27.825 [info] > git status -z -uall [5ms]
2023-08-11 19:15:32.841 [info] > git config --get commit.template [4ms]
2023-08-11 19:15:32.842 [info] > git for-each-ref --format=%(refname)%00%(upstream:short)%00%(objectname)%00%(upstream:track)%00%(upstream:remotename)%00%(upstream:remoteref) refs/heads/main refs/remotes/main [0ms]
2023-08-11 19:15:32.849 [info] > git status -z -uall [4ms]
2023-08-11 19:15:36.378 [info] > git ls-files --stage -- /home/limhs/vscode_todo/db.js [0ms]
2023-08-11 19:15:36.383 [info] > git show --textconv :db.js [11ms]
2023-08-11 19:15:36.383 [info] > git cat-file -s b2b1f991395fa526262f07c9c0f60fc01e811ec9 [1ms]
2023-08-11 19:15:36.651 [info] > git check-ignore -v -z --stdin [1ms]
2023-08-11 19:15:37.868 [info] > git config --get commit.template [6ms]
2023-08-11 19:15:37.868 [info] > git for-each-ref --format=%(refname)%00%(upstream:short)%00%(objectname)%00%(upstream:track)%00%(upstream:remotename)%00%(upstream:remoteref) refs/heads/main refs/remotes/main [1ms]
2023-08-11 19:15:37.878 [info] > git status -z -uall [5ms]
2023-08-11 19:15:42.895 [info] > git config --get commit.template [3ms]
2023-08-11 19:15:42.896 [info] > git for-each-ref --format=%(refname)%00%(upstream:short)%00%(objectname)%00%(upstream:track)%00%(upstream:remotename)%00%(upstream:remoteref) refs/heads/main refs/remotes/main [1ms]
2023-08-11 19:15:42.903 [info] > git status -z -uall [4ms]
2023-08-11 19:15:47.919 [info] > git config --get commit.template [4ms]
2023-08-11 19:15:47.919 [info] > git for-each-ref --format=%(refname)%00%(upstream:short)%00%(objectname)%00%(upstream:track)%00%(upstream:remotename)%00%(upstream:remoteref) refs/heads/main refs/remotes/main [0ms]
2023-08-11 19:15:47.927 [info] > git status -z -uall [5ms]
2023-08-11 19:18:26.676 [info] > git config --get commit.template [5ms]
2023-08-11 19:18:26.677 [info] > git for-each-ref --format=%(refname)%00%(upstream:short)%00%(objectname)%00%(upstream:track)%00%(upstream:remotename)%00%(upstream:remoteref) refs/heads/main refs/remotes/main [0ms]
2023-08-11 19:18:26.686 [info] > git status -z -uall [5ms]
