2023-08-13 21:20:16.412 [info] Log level: Info
2023-08-13 21:20:16.412 [info] Validating found git in: "git"
2023-08-13 21:20:16.412 [info] Using git "2.37.2" from "git"
2023-08-13 21:20:16.412 [info] > git rev-parse --show-toplevel [3ms]
2023-08-13 21:20:16.412 [info] > git rev-parse --git-dir --git-common-dir [1ms]
2023-08-13 21:20:16.412 [info] Open repository: /home/limhs/vscode_todo
2023-08-13 21:20:16.412 [info] > git rev-parse --show-toplevel [6ms]
2023-08-13 21:20:16.412 [info] > git config --get commit.template [6ms]
2023-08-13 21:20:16.412 [info] > git rev-parse --show-toplevel [2ms]
2023-08-13 21:20:16.423 [info] > git rev-parse --show-toplevel [6ms]
2023-08-13 21:20:16.429 [info] > git rev-parse --show-toplevel [2ms]
2023-08-13 21:20:16.433 [info] > git for-each-ref --format=%(refname)%00%(upstream:short)%00%(objectname)%00%(upstream:track)%00%(upstream:remotename)%00%(upstream:remoteref) refs/heads/main refs/remotes/main [11ms]
2023-08-13 21:20:16.438 [info] > git rev-parse --show-toplevel [5ms]
2023-08-13 21:20:16.443 [info] > git status -z -uall [6ms]
2023-08-13 21:20:16.465 [info] > git rev-parse --show-toplevel [23ms]
2023-08-13 21:20:16.470 [info] > git rev-parse --show-toplevel [1ms]
2023-08-13 21:20:16.474 [info] > git config --get commit.template [12ms]
2023-08-13 21:20:16.475 [info] > git rev-parse --show-toplevel [2ms]
2023-08-13 21:20:16.485 [info] > git rev-parse --show-toplevel [6ms]
2023-08-13 21:20:16.642 [info] > git rev-parse --show-toplevel [152ms]
2023-08-13 21:20:16.646 [info] > git for-each-ref --format=%(refname)%00%(upstream:short)%00%(objectname)%00%(upstream:track)%00%(upstream:remotename)%00%(upstream:remoteref) refs/heads/main refs/remotes/main [161ms]
2023-08-13 21:20:16.652 [info] > git rev-parse --show-toplevel [6ms]
2023-08-13 21:20:16.669 [info] > git status -z -uall [19ms]
2023-08-13 21:20:16.669 [info] > git rev-parse --show-toplevel [13ms]
2023-08-13 21:20:16.691 [info] > git rev-parse --show-toplevel [17ms]
2023-08-13 21:20:16.706 [info] > git rev-parse --show-toplevel [10ms]
2023-08-13 21:20:16.716 [info] > git rev-parse --show-toplevel [5ms]
2023-08-13 21:20:16.722 [info] > git rev-parse --show-toplevel [1ms]
2023-08-13 21:20:16.728 [info] > git rev-parse --show-toplevel [1ms]
2023-08-13 21:20:16.733 [info] > git rev-parse --show-toplevel [1ms]
2023-08-13 21:20:16.738 [info] > git rev-parse --show-toplevel [1ms]
2023-08-13 21:20:16.743 [info] > git rev-parse --show-toplevel [0ms]
2023-08-13 21:20:16.750 [info] > git rev-parse --show-toplevel [1ms]
2023-08-13 21:20:17.098 [info] > git show --textconv :db.js [8ms]
2023-08-13 21:20:17.099 [info] > git ls-files --stage -- /home/limhs/vscode_todo/db.js [4ms]
2023-08-13 21:20:17.106 [info] > git cat-file -s b2b1f991395fa526262f07c9c0f60fc01e811ec9 [2ms]
2023-08-13 21:20:17.164 [info] > git check-ignore -v -z --stdin [1ms]
2023-08-13 21:20:18.215 [info] > git ls-files --stage -- /home/limhs/vscode_todo/server.js [0ms]
2023-08-13 21:20:18.221 [info] > git cat-file -s 0dfbd41a47ad286fbab1c6f27ad883b0f89f104a [2ms]
2023-08-13 21:20:18.221 [info] > git show --textconv :server.js [10ms]
2023-08-13 21:20:19.772 [info] > git config --get commit.template [3ms]
2023-08-13 21:20:19.772 [info] > git for-each-ref --format=%(refname)%00%(upstream:short)%00%(objectname)%00%(upstream:track)%00%(upstream:remotename)%00%(upstream:remoteref) refs/heads/main refs/remotes/main [1ms]
2023-08-13 21:20:19.780 [info] > git status -z -uall [4ms]
2023-08-13 21:20:20.677 [info] > git ls-files --stage -- /home/limhs/vscode_todo/.env [0ms]
2023-08-13 21:20:20.680 [info] > git show --textconv :.env [6ms]
2023-08-13 21:20:20.681 [info] > git cat-file -s ea399c87519fb26f83827e8b8826125e1346b374 [1ms]
2023-08-13 21:20:22.574 [info] > git check-ignore -v -z --stdin [1ms]
2023-08-13 21:20:24.802 [info] > git config --get commit.template [4ms]
2023-08-13 21:20:24.802 [info] > git for-each-ref --format=%(refname)%00%(upstream:short)%00%(objectname)%00%(upstream:track)%00%(upstream:remotename)%00%(upstream:remoteref) refs/heads/main refs/remotes/main [1ms]
2023-08-13 21:20:24.811 [info] > git status -z -uall [6ms]
2023-08-13 21:20:25.004 [info] > git show --textconv :app/routes/google_auth.js [5ms]
2023-08-13 21:20:25.005 [info] > git ls-files --stage -- /home/limhs/vscode_todo/app/routes/google_auth.js [2ms]
2023-08-13 21:20:25.284 [info] > git check-ignore -v -z --stdin [0ms]
2023-08-13 21:20:29.826 [info] > git config --get commit.template [1ms]
2023-08-13 21:20:29.829 [info] > git for-each-ref --format=%(refname)%00%(upstream:short)%00%(objectname)%00%(upstream:track)%00%(upstream:remotename)%00%(upstream:remoteref) refs/heads/main refs/remotes/main [0ms]
2023-08-13 21:20:29.836 [info] > git status -z -uall [4ms]
2023-08-13 21:20:30.646 [info] > git show --textconv :app/models/account.model.js [4ms]
2023-08-13 21:20:30.647 [info] > git ls-files --stage -- /home/limhs/vscode_todo/app/models/account.model.js [1ms]
2023-08-13 21:20:30.988 [info] > git check-ignore -v -z --stdin [1ms]
2023-08-13 21:20:34.851 [info] > git config --get commit.template [0ms]
2023-08-13 21:20:34.855 [info] > git for-each-ref --format=%(refname)%00%(upstream:short)%00%(objectname)%00%(upstream:track)%00%(upstream:remotename)%00%(upstream:remoteref) refs/heads/main refs/remotes/main [0ms]
2023-08-13 21:20:34.864 [info] > git status -z -uall [6ms]
2023-08-13 21:20:39.886 [info] > git config --get commit.template [5ms]
2023-08-13 21:20:39.887 [info] > git for-each-ref --format=%(refname)%00%(upstream:short)%00%(objectname)%00%(upstream:track)%00%(upstream:remotename)%00%(upstream:remoteref) refs/heads/main refs/remotes/main [1ms]
2023-08-13 21:20:39.895 [info] > git status -z -uall [5ms]
2023-08-13 21:20:45.855 [info] > git config --get commit.template [3ms]
2023-08-13 21:20:45.862 [info] > git for-each-ref --format=%(refname)%00%(upstream:short)%00%(objectname)%00%(upstream:track)%00%(upstream:remotename)%00%(upstream:remoteref) refs/heads/main refs/remotes/main [1ms]
2023-08-13 21:20:45.873 [info] > git status -z -uall [5ms]
2023-08-13 21:20:50.889 [info] > git config --get commit.template [1ms]
2023-08-13 21:20:50.893 [info] > git for-each-ref --format=%(refname)%00%(upstream:short)%00%(objectname)%00%(upstream:track)%00%(upstream:remotename)%00%(upstream:remoteref) refs/heads/main refs/remotes/main [1ms]
2023-08-13 21:20:50.901 [info] > git status -z -uall [5ms]
2023-08-13 21:20:55.916 [info] > git config --get commit.template [1ms]
2023-08-13 21:20:55.923 [info] > git for-each-ref --format=%(refname)%00%(upstream:short)%00%(objectname)%00%(upstream:track)%00%(upstream:remotename)%00%(upstream:remoteref) refs/heads/main refs/remotes/main [1ms]
2023-08-13 21:20:55.943 [info] > git status -z -uall [11ms]
2023-08-13 21:21:00.968 [info] > git config --get commit.template [3ms]
2023-08-13 21:21:00.969 [info] > git for-each-ref --format=%(refname)%00%(upstream:short)%00%(objectname)%00%(upstream:track)%00%(upstream:remotename)%00%(upstream:remoteref) refs/heads/main refs/remotes/main [1ms]
2023-08-13 21:21:00.978 [info] > git status -z -uall [5ms]
2023-08-13 21:21:05.995 [info] > git config --get commit.template [1ms]
2023-08-13 21:21:06.001 [info] > git for-each-ref --format=%(refname)%00%(upstream:short)%00%(objectname)%00%(upstream:track)%00%(upstream:remotename)%00%(upstream:remoteref) refs/heads/main refs/remotes/main [1ms]
2023-08-13 21:21:06.012 [info] > git status -z -uall [5ms]
2023-08-13 21:21:11.032 [info] > git config --get commit.template [3ms]
2023-08-13 21:21:11.033 [info] > git for-each-ref --format=%(refname)%00%(upstream:short)%00%(objectname)%00%(upstream:track)%00%(upstream:remotename)%00%(upstream:remoteref) refs/heads/main refs/remotes/main [1ms]
2023-08-13 21:21:11.040 [info] > git status -z -uall [4ms]
2023-08-13 21:21:16.056 [info] > git config --get commit.template [3ms]
2023-08-13 21:21:16.057 [info] > git for-each-ref --format=%(refname)%00%(upstream:short)%00%(objectname)%00%(upstream:track)%00%(upstream:remotename)%00%(upstream:remoteref) refs/heads/main refs/remotes/main [1ms]
2023-08-13 21:21:16.064 [info] > git status -z -uall [5ms]
2023-08-13 21:21:21.079 [info] > git config --get commit.template [3ms]
2023-08-13 21:21:21.080 [info] > git for-each-ref --format=%(refname)%00%(upstream:short)%00%(objectname)%00%(upstream:track)%00%(upstream:remotename)%00%(upstream:remoteref) refs/heads/main refs/remotes/main [1ms]
2023-08-13 21:21:21.088 [info] > git status -z -uall [5ms]
2023-08-13 21:21:26.102 [info] > git config --get commit.template [1ms]
2023-08-13 21:21:26.105 [info] > git for-each-ref --format=%(refname)%00%(upstream:short)%00%(objectname)%00%(upstream:track)%00%(upstream:remotename)%00%(upstream:remoteref) refs/heads/main refs/remotes/main [0ms]
2023-08-13 21:21:26.118 [info] > git status -z -uall [4ms]
2023-08-13 21:21:31.130 [info] > git config --get commit.template [1ms]
2023-08-13 21:21:31.133 [info] > git for-each-ref --format=%(refname)%00%(upstream:short)%00%(objectname)%00%(upstream:track)%00%(upstream:remotename)%00%(upstream:remoteref) refs/heads/main refs/remotes/main [1ms]
2023-08-13 21:21:31.147 [info] > git status -z -uall [5ms]
2023-08-13 21:21:36.163 [info] > git config --get commit.template [1ms]
2023-08-13 21:21:36.166 [info] > git for-each-ref --format=%(refname)%00%(upstream:short)%00%(objectname)%00%(upstream:track)%00%(upstream:remotename)%00%(upstream:remoteref) refs/heads/main refs/remotes/main [0ms]
2023-08-13 21:21:36.174 [info] > git status -z -uall [5ms]
