2023-08-11 15:04:52.657 [info] Started initializing default profile extensions in extensions installation folder. file:///root/.vscode/extensions
2023-08-11 15:04:52.793 [info] Completed initializing default profile extensions in extensions installation folder. file:///root/.vscode/extensions
2023-08-11 15:04:55.908 [error] [uncaught exception in sharedProcess]: Cannot read properties of undefined (reading 'then'): TypeError: Cannot read properties of undefined (reading 'then')
    at y.s (/usr/share/code/resources/app/out/vs/code/node/sharedProcess/sharedProcessMain.js:23:4754)
    at y.q (/usr/share/code/resources/app/out/vs/code/node/sharedProcess/sharedProcessMain.js:23:4177)
    at a.value (/usr/share/code/resources/app/out/vs/code/node/sharedProcess/sharedProcessMain.js:23:3577)
    at p.w (/usr/share/code/resources/app/out/vs/code/node/sharedProcess/sharedProcessMain.js:18:1902)
    at p.x (/usr/share/code/resources/app/out/vs/code/node/sharedProcess/sharedProcessMain.js:18:1972)
    at p.fire (/usr/share/code/resources/app/out/vs/code/node/sharedProcess/sharedProcessMain.js:18:2188)
    at MessagePortMain.oe (/usr/share/code/resources/app/out/vs/code/node/sharedProcess/sharedProcessMain.js:16:40476)
    at MessagePortMain.emit (node:events:513:28)
    at MessagePortMain._internalPort.emit (node:electron/js2c/utility_init:2:367)
2023-08-11 15:05:00.895 [error] [uncaught exception in sharedProcess]: Cannot read properties of undefined (reading 'then'): TypeError: Cannot read properties of undefined (reading 'then')
    at y.s (/usr/share/code/resources/app/out/vs/code/node/sharedProcess/sharedProcessMain.js:23:4754)
    at y.q (/usr/share/code/resources/app/out/vs/code/node/sharedProcess/sharedProcessMain.js:23:4177)
    at a.value (/usr/share/code/resources/app/out/vs/code/node/sharedProcess/sharedProcessMain.js:23:3577)
    at p.w (/usr/share/code/resources/app/out/vs/code/node/sharedProcess/sharedProcessMain.js:18:1902)
    at p.x (/usr/share/code/resources/app/out/vs/code/node/sharedProcess/sharedProcessMain.js:18:1972)
    at p.fire (/usr/share/code/resources/app/out/vs/code/node/sharedProcess/sharedProcessMain.js:18:2188)
    at MessagePortMain.oe (/usr/share/code/resources/app/out/vs/code/node/sharedProcess/sharedProcessMain.js:16:40476)
    at MessagePortMain.emit (node:events:513:28)
    at MessagePortMain._internalPort.emit (node:electron/js2c/utility_init:2:367)
2023-08-11 15:05:01.229 [error] [uncaught exception in sharedProcess]: Cannot read properties of undefined (reading 'then'): TypeError: Cannot read properties of undefined (reading 'then')
    at y.s (/usr/share/code/resources/app/out/vs/code/node/sharedProcess/sharedProcessMain.js:23:4754)
    at y.q (/usr/share/code/resources/app/out/vs/code/node/sharedProcess/sharedProcessMain.js:23:4177)
    at a.value (/usr/share/code/resources/app/out/vs/code/node/sharedProcess/sharedProcessMain.js:23:3577)
    at p.w (/usr/share/code/resources/app/out/vs/code/node/sharedProcess/sharedProcessMain.js:18:1902)
    at p.x (/usr/share/code/resources/app/out/vs/code/node/sharedProcess/sharedProcessMain.js:18:1972)
    at p.fire (/usr/share/code/resources/app/out/vs/code/node/sharedProcess/sharedProcessMain.js:18:2188)
    at MessagePortMain.oe (/usr/share/code/resources/app/out/vs/code/node/sharedProcess/sharedProcessMain.js:16:40476)
    at MessagePortMain.emit (node:events:513:28)
    at MessagePortMain._internalPort.emit (node:electron/js2c/utility_init:2:367)
2023-08-11 15:05:01.260 [error] [uncaught exception in sharedProcess]: Cannot read properties of undefined (reading 'then'): TypeError: Cannot read properties of undefined (reading 'then')
    at y.s (/usr/share/code/resources/app/out/vs/code/node/sharedProcess/sharedProcessMain.js:23:4754)
    at y.q (/usr/share/code/resources/app/out/vs/code/node/sharedProcess/sharedProcessMain.js:23:4177)
    at a.value (/usr/share/code/resources/app/out/vs/code/node/sharedProcess/sharedProcessMain.js:23:3577)
    at p.w (/usr/share/code/resources/app/out/vs/code/node/sharedProcess/sharedProcessMain.js:18:1902)
    at p.x (/usr/share/code/resources/app/out/vs/code/node/sharedProcess/sharedProcessMain.js:18:1972)
    at p.fire (/usr/share/code/resources/app/out/vs/code/node/sharedProcess/sharedProcessMain.js:18:2188)
    at MessagePortMain.oe (/usr/share/code/resources/app/out/vs/code/node/sharedProcess/sharedProcessMain.js:16:40476)
    at MessagePortMain.emit (node:events:513:28)
    at MessagePortMain._internalPort.emit (node:electron/js2c/utility_init:2:367)
2023-08-11 15:06:39.877 [error] [uncaught exception in sharedProcess]: Cannot read properties of undefined (reading 'then'): TypeError: Cannot read properties of undefined (reading 'then')
    at y.s (/usr/share/code/resources/app/out/vs/code/node/sharedProcess/sharedProcessMain.js:23:4754)
    at y.q (/usr/share/code/resources/app/out/vs/code/node/sharedProcess/sharedProcessMain.js:23:4177)
    at a.value (/usr/share/code/resources/app/out/vs/code/node/sharedProcess/sharedProcessMain.js:23:3577)
    at p.w (/usr/share/code/resources/app/out/vs/code/node/sharedProcess/sharedProcessMain.js:18:1902)
    at p.x (/usr/share/code/resources/app/out/vs/code/node/sharedProcess/sharedProcessMain.js:18:1972)
    at p.fire (/usr/share/code/resources/app/out/vs/code/node/sharedProcess/sharedProcessMain.js:18:2188)
    at MessagePortMain.oe (/usr/share/code/resources/app/out/vs/code/node/sharedProcess/sharedProcessMain.js:16:40476)
    at MessagePortMain.emit (node:events:513:28)
    at MessagePortMain._internalPort.emit (node:electron/js2c/utility_init:2:367)
2023-08-11 15:06:57.469 [error] [uncaught exception in sharedProcess]: Cannot read properties of undefined (reading 'then'): TypeError: Cannot read properties of undefined (reading 'then')
    at y.s (/usr/share/code/resources/app/out/vs/code/node/sharedProcess/sharedProcessMain.js:23:4754)
    at y.q (/usr/share/code/resources/app/out/vs/code/node/sharedProcess/sharedProcessMain.js:23:4177)
    at a.value (/usr/share/code/resources/app/out/vs/code/node/sharedProcess/sharedProcessMain.js:23:3577)
    at p.w (/usr/share/code/resources/app/out/vs/code/node/sharedProcess/sharedProcessMain.js:18:1902)
    at p.x (/usr/share/code/resources/app/out/vs/code/node/sharedProcess/sharedProcessMain.js:18:1972)
    at p.fire (/usr/share/code/resources/app/out/vs/code/node/sharedProcess/sharedProcessMain.js:18:2188)
    at MessagePortMain.oe (/usr/share/code/resources/app/out/vs/code/node/sharedProcess/sharedProcessMain.js:16:40476)
    at MessagePortMain.emit (node:events:513:28)
    at MessagePortMain._internalPort.emit (node:electron/js2c/utility_init:2:367)
2023-08-11 15:07:02.461 [error] [uncaught exception in sharedProcess]: Cannot read properties of undefined (reading 'then'): TypeError: Cannot read properties of undefined (reading 'then')
    at y.s (/usr/share/code/resources/app/out/vs/code/node/sharedProcess/sharedProcessMain.js:23:4754)
    at y.q (/usr/share/code/resources/app/out/vs/code/node/sharedProcess/sharedProcessMain.js:23:4177)
    at a.value (/usr/share/code/resources/app/out/vs/code/node/sharedProcess/sharedProcessMain.js:23:3577)
    at p.w (/usr/share/code/resources/app/out/vs/code/node/sharedProcess/sharedProcessMain.js:18:1902)
    at p.x (/usr/share/code/resources/app/out/vs/code/node/sharedProcess/sharedProcessMain.js:18:1972)
    at p.fire (/usr/share/code/resources/app/out/vs/code/node/sharedProcess/sharedProcessMain.js:18:2188)
    at MessagePortMain.oe (/usr/share/code/resources/app/out/vs/code/node/sharedProcess/sharedProcessMain.js:16:40476)
    at MessagePortMain.emit (node:events:513:28)
    at MessagePortMain._internalPort.emit (node:electron/js2c/utility_init:2:367)
2023-08-11 15:07:02.681 [error] [uncaught exception in sharedProcess]: Cannot read properties of undefined (reading 'then'): TypeError: Cannot read properties of undefined (reading 'then')
    at y.s (/usr/share/code/resources/app/out/vs/code/node/sharedProcess/sharedProcessMain.js:23:4754)
    at y.q (/usr/share/code/resources/app/out/vs/code/node/sharedProcess/sharedProcessMain.js:23:4177)
    at a.value (/usr/share/code/resources/app/out/vs/code/node/sharedProcess/sharedProcessMain.js:23:3577)
    at p.w (/usr/share/code/resources/app/out/vs/code/node/sharedProcess/sharedProcessMain.js:18:1902)
    at p.x (/usr/share/code/resources/app/out/vs/code/node/sharedProcess/sharedProcessMain.js:18:1972)
    at p.fire (/usr/share/code/resources/app/out/vs/code/node/sharedProcess/sharedProcessMain.js:18:2188)
    at MessagePortMain.oe (/usr/share/code/resources/app/out/vs/code/node/sharedProcess/sharedProcessMain.js:16:40476)
    at MessagePortMain.emit (node:events:513:28)
    at MessagePortMain._internalPort.emit (node:electron/js2c/utility_init:2:367)
2023-08-11 15:07:02.700 [error] [uncaught exception in sharedProcess]: Cannot read properties of undefined (reading 'then'): TypeError: Cannot read properties of undefined (reading 'then')
    at y.s (/usr/share/code/resources/app/out/vs/code/node/sharedProcess/sharedProcessMain.js:23:4754)
    at y.q (/usr/share/code/resources/app/out/vs/code/node/sharedProcess/sharedProcessMain.js:23:4177)
    at a.value (/usr/share/code/resources/app/out/vs/code/node/sharedProcess/sharedProcessMain.js:23:3577)
    at p.w (/usr/share/code/resources/app/out/vs/code/node/sharedProcess/sharedProcessMain.js:18:1902)
    at p.x (/usr/share/code/resources/app/out/vs/code/node/sharedProcess/sharedProcessMain.js:18:1972)
    at p.fire (/usr/share/code/resources/app/out/vs/code/node/sharedProcess/sharedProcessMain.js:18:2188)
    at MessagePortMain.oe (/usr/share/code/resources/app/out/vs/code/node/sharedProcess/sharedProcessMain.js:16:40476)
    at MessagePortMain.emit (node:events:513:28)
    at MessagePortMain._internalPort.emit (node:electron/js2c/utility_init:2:367)
2023-08-11 15:07:04.815 [error] [uncaught exception in sharedProcess]: Cannot read properties of undefined (reading 'then'): TypeError: Cannot read properties of undefined (reading 'then')
    at y.s (/usr/share/code/resources/app/out/vs/code/node/sharedProcess/sharedProcessMain.js:23:4754)
    at y.q (/usr/share/code/resources/app/out/vs/code/node/sharedProcess/sharedProcessMain.js:23:4177)
    at a.value (/usr/share/code/resources/app/out/vs/code/node/sharedProcess/sharedProcessMain.js:23:3577)
    at p.w (/usr/share/code/resources/app/out/vs/code/node/sharedProcess/sharedProcessMain.js:18:1902)
    at p.x (/usr/share/code/resources/app/out/vs/code/node/sharedProcess/sharedProcessMain.js:18:1972)
    at p.fire (/usr/share/code/resources/app/out/vs/code/node/sharedProcess/sharedProcessMain.js:18:2188)
    at MessagePortMain.oe (/usr/share/code/resources/app/out/vs/code/node/sharedProcess/sharedProcessMain.js:16:40476)
    at MessagePortMain.emit (node:events:513:28)
    at MessagePortMain._internalPort.emit (node:electron/js2c/utility_init:2:367)
2023-08-11 15:07:09.807 [error] [uncaught exception in sharedProcess]: Cannot read properties of undefined (reading 'then'): TypeError: Cannot read properties of undefined (reading 'then')
    at y.s (/usr/share/code/resources/app/out/vs/code/node/sharedProcess/sharedProcessMain.js:23:4754)
    at y.q (/usr/share/code/resources/app/out/vs/code/node/sharedProcess/sharedProcessMain.js:23:4177)
    at a.value (/usr/share/code/resources/app/out/vs/code/node/sharedProcess/sharedProcessMain.js:23:3577)
    at p.w (/usr/share/code/resources/app/out/vs/code/node/sharedProcess/sharedProcessMain.js:18:1902)
    at p.x (/usr/share/code/resources/app/out/vs/code/node/sharedProcess/sharedProcessMain.js:18:1972)
    at p.fire (/usr/share/code/resources/app/out/vs/code/node/sharedProcess/sharedProcessMain.js:18:2188)
    at MessagePortMain.oe (/usr/share/code/resources/app/out/vs/code/node/sharedProcess/sharedProcessMain.js:16:40476)
    at MessagePortMain.emit (node:events:513:28)
    at MessagePortMain._internalPort.emit (node:electron/js2c/utility_init:2:367)
2023-08-11 15:07:10.028 [error] [uncaught exception in sharedProcess]: Cannot read properties of undefined (reading 'then'): TypeError: Cannot read properties of undefined (reading 'then')
    at y.s (/usr/share/code/resources/app/out/vs/code/node/sharedProcess/sharedProcessMain.js:23:4754)
    at y.q (/usr/share/code/resources/app/out/vs/code/node/sharedProcess/sharedProcessMain.js:23:4177)
    at a.value (/usr/share/code/resources/app/out/vs/code/node/sharedProcess/sharedProcessMain.js:23:3577)
    at p.w (/usr/share/code/resources/app/out/vs/code/node/sharedProcess/sharedProcessMain.js:18:1902)
    at p.x (/usr/share/code/resources/app/out/vs/code/node/sharedProcess/sharedProcessMain.js:18:1972)
    at p.fire (/usr/share/code/resources/app/out/vs/code/node/sharedProcess/sharedProcessMain.js:18:2188)
    at MessagePortMain.oe (/usr/share/code/resources/app/out/vs/code/node/sharedProcess/sharedProcessMain.js:16:40476)
    at MessagePortMain.emit (node:events:513:28)
    at MessagePortMain._internalPort.emit (node:electron/js2c/utility_init:2:367)
2023-08-11 15:07:10.045 [error] [uncaught exception in sharedProcess]: Cannot read properties of undefined (reading 'then'): TypeError: Cannot read properties of undefined (reading 'then')
    at y.s (/usr/share/code/resources/app/out/vs/code/node/sharedProcess/sharedProcessMain.js:23:4754)
    at y.q (/usr/share/code/resources/app/out/vs/code/node/sharedProcess/sharedProcessMain.js:23:4177)
    at a.value (/usr/share/code/resources/app/out/vs/code/node/sharedProcess/sharedProcessMain.js:23:3577)
    at p.w (/usr/share/code/resources/app/out/vs/code/node/sharedProcess/sharedProcessMain.js:18:1902)
    at p.x (/usr/share/code/resources/app/out/vs/code/node/sharedProcess/sharedProcessMain.js:18:1972)
    at p.fire (/usr/share/code/resources/app/out/vs/code/node/sharedProcess/sharedProcessMain.js:18:2188)
    at MessagePortMain.oe (/usr/share/code/resources/app/out/vs/code/node/sharedProcess/sharedProcessMain.js:16:40476)
    at MessagePortMain.emit (node:events:513:28)
    at MessagePortMain._internalPort.emit (node:electron/js2c/utility_init:2:367)
2023-08-11 15:07:30.730 [error] [uncaught exception in sharedProcess]: Cannot read properties of undefined (reading 'then'): TypeError: Cannot read properties of undefined (reading 'then')
    at y.s (/usr/share/code/resources/app/out/vs/code/node/sharedProcess/sharedProcessMain.js:23:4754)
    at y.q (/usr/share/code/resources/app/out/vs/code/node/sharedProcess/sharedProcessMain.js:23:4177)
    at a.value (/usr/share/code/resources/app/out/vs/code/node/sharedProcess/sharedProcessMain.js:23:3577)
    at p.w (/usr/share/code/resources/app/out/vs/code/node/sharedProcess/sharedProcessMain.js:18:1902)
    at p.x (/usr/share/code/resources/app/out/vs/code/node/sharedProcess/sharedProcessMain.js:18:1972)
    at p.fire (/usr/share/code/resources/app/out/vs/code/node/sharedProcess/sharedProcessMain.js:18:2188)
    at MessagePortMain.oe (/usr/share/code/resources/app/out/vs/code/node/sharedProcess/sharedProcessMain.js:16:40476)
    at MessagePortMain.emit (node:events:513:28)
    at MessagePortMain._internalPort.emit (node:electron/js2c/utility_init:2:367)
2023-08-11 15:07:39.721 [error] [uncaught exception in sharedProcess]: Cannot read properties of undefined (reading 'then'): TypeError: Cannot read properties of undefined (reading 'then')
    at y.s (/usr/share/code/resources/app/out/vs/code/node/sharedProcess/sharedProcessMain.js:23:4754)
    at y.q (/usr/share/code/resources/app/out/vs/code/node/sharedProcess/sharedProcessMain.js:23:4177)
    at a.value (/usr/share/code/resources/app/out/vs/code/node/sharedProcess/sharedProcessMain.js:23:3577)
    at p.w (/usr/share/code/resources/app/out/vs/code/node/sharedProcess/sharedProcessMain.js:18:1902)
    at p.x (/usr/share/code/resources/app/out/vs/code/node/sharedProcess/sharedProcessMain.js:18:1972)
    at p.fire (/usr/share/code/resources/app/out/vs/code/node/sharedProcess/sharedProcessMain.js:18:2188)
    at MessagePortMain.oe (/usr/share/code/resources/app/out/vs/code/node/sharedProcess/sharedProcessMain.js:16:40476)
    at MessagePortMain.emit (node:events:513:28)
    at MessagePortMain._internalPort.emit (node:electron/js2c/utility_init:2:367)
2023-08-11 15:07:39.724 [error] [uncaught exception in sharedProcess]: Cannot read properties of undefined (reading 'then'): TypeError: Cannot read properties of undefined (reading 'then')
    at y.s (/usr/share/code/resources/app/out/vs/code/node/sharedProcess/sharedProcessMain.js:23:4754)
    at y.q (/usr/share/code/resources/app/out/vs/code/node/sharedProcess/sharedProcessMain.js:23:4177)
    at a.value (/usr/share/code/resources/app/out/vs/code/node/sharedProcess/sharedProcessMain.js:23:3577)
    at p.w (/usr/share/code/resources/app/out/vs/code/node/sharedProcess/sharedProcessMain.js:18:1902)
    at p.x (/usr/share/code/resources/app/out/vs/code/node/sharedProcess/sharedProcessMain.js:18:1972)
    at p.fire (/usr/share/code/resources/app/out/vs/code/node/sharedProcess/sharedProcessMain.js:18:2188)
    at MessagePortMain.oe (/usr/share/code/resources/app/out/vs/code/node/sharedProcess/sharedProcessMain.js:16:40476)
    at MessagePortMain.emit (node:events:513:28)
    at MessagePortMain._internalPort.emit (node:electron/js2c/utility_init:2:367)
2023-08-11 15:08:12.920 [error] [uncaught exception in sharedProcess]: Cannot read properties of undefined (reading 'then'): TypeError: Cannot read properties of undefined (reading 'then')
    at y.s (/usr/share/code/resources/app/out/vs/code/node/sharedProcess/sharedProcessMain.js:23:4754)
    at y.q (/usr/share/code/resources/app/out/vs/code/node/sharedProcess/sharedProcessMain.js:23:4177)
    at a.value (/usr/share/code/resources/app/out/vs/code/node/sharedProcess/sharedProcessMain.js:23:3577)
    at p.w (/usr/share/code/resources/app/out/vs/code/node/sharedProcess/sharedProcessMain.js:18:1902)
    at p.x (/usr/share/code/resources/app/out/vs/code/node/sharedProcess/sharedProcessMain.js:18:1972)
    at p.fire (/usr/share/code/resources/app/out/vs/code/node/sharedProcess/sharedProcessMain.js:18:2188)
    at MessagePortMain.oe (/usr/share/code/resources/app/out/vs/code/node/sharedProcess/sharedProcessMain.js:16:40476)
    at MessagePortMain.emit (node:events:513:28)
    at MessagePortMain._internalPort.emit (node:electron/js2c/utility_init:2:367)
2023-08-11 15:08:13.176 [error] [uncaught exception in sharedProcess]: Cannot read properties of undefined (reading 'then'): TypeError: Cannot read properties of undefined (reading 'then')
    at y.s (/usr/share/code/resources/app/out/vs/code/node/sharedProcess/sharedProcessMain.js:23:4754)
    at y.q (/usr/share/code/resources/app/out/vs/code/node/sharedProcess/sharedProcessMain.js:23:4177)
    at a.value (/usr/share/code/resources/app/out/vs/code/node/sharedProcess/sharedProcessMain.js:23:3577)
    at p.w (/usr/share/code/resources/app/out/vs/code/node/sharedProcess/sharedProcessMain.js:18:1902)
    at p.x (/usr/share/code/resources/app/out/vs/code/node/sharedProcess/sharedProcessMain.js:18:1972)
    at p.fire (/usr/share/code/resources/app/out/vs/code/node/sharedProcess/sharedProcessMain.js:18:2188)
    at MessagePortMain.oe (/usr/share/code/resources/app/out/vs/code/node/sharedProcess/sharedProcessMain.js:16:40476)
    at MessagePortMain.emit (node:events:513:28)
    at MessagePortMain._internalPort.emit (node:electron/js2c/utility_init:2:367)
2023-08-11 15:09:47.828 [error] [uncaught exception in sharedProcess]: Cannot read properties of undefined (reading 'then'): TypeError: Cannot read properties of undefined (reading 'then')
    at y.s (/usr/share/code/resources/app/out/vs/code/node/sharedProcess/sharedProcessMain.js:23:4754)
    at y.q (/usr/share/code/resources/app/out/vs/code/node/sharedProcess/sharedProcessMain.js:23:4177)
    at a.value (/usr/share/code/resources/app/out/vs/code/node/sharedProcess/sharedProcessMain.js:23:3577)
    at p.w (/usr/share/code/resources/app/out/vs/code/node/sharedProcess/sharedProcessMain.js:18:1902)
    at p.x (/usr/share/code/resources/app/out/vs/code/node/sharedProcess/sharedProcessMain.js:18:1972)
    at p.fire (/usr/share/code/resources/app/out/vs/code/node/sharedProcess/sharedProcessMain.js:18:2188)
    at MessagePortMain.oe (/usr/share/code/resources/app/out/vs/code/node/sharedProcess/sharedProcessMain.js:16:40476)
    at MessagePortMain.emit (node:events:513:28)
    at MessagePortMain._internalPort.emit (node:electron/js2c/utility_init:2:367)
2023-08-11 15:09:47.828 [error] [uncaught exception in sharedProcess]: Cannot read properties of undefined (reading 'then'): TypeError: Cannot read properties of undefined (reading 'then')
    at y.s (/usr/share/code/resources/app/out/vs/code/node/sharedProcess/sharedProcessMain.js:23:4754)
    at y.q (/usr/share/code/resources/app/out/vs/code/node/sharedProcess/sharedProcessMain.js:23:4177)
    at a.value (/usr/share/code/resources/app/out/vs/code/node/sharedProcess/sharedProcessMain.js:23:3577)
    at p.w (/usr/share/code/resources/app/out/vs/code/node/sharedProcess/sharedProcessMain.js:18:1902)
    at p.x (/usr/share/code/resources/app/out/vs/code/node/sharedProcess/sharedProcessMain.js:18:1972)
    at p.fire (/usr/share/code/resources/app/out/vs/code/node/sharedProcess/sharedProcessMain.js:18:2188)
    at MessagePortMain.oe (/usr/share/code/resources/app/out/vs/code/node/sharedProcess/sharedProcessMain.js:16:40476)
    at MessagePortMain.emit (node:events:513:28)
    at MessagePortMain._internalPort.emit (node:electron/js2c/utility_init:2:367)
2023-08-11 15:09:53.065 [error] [uncaught exception in sharedProcess]: Cannot read properties of undefined (reading 'then'): TypeError: Cannot read properties of undefined (reading 'then')
    at y.s (/usr/share/code/resources/app/out/vs/code/node/sharedProcess/sharedProcessMain.js:23:4754)
    at y.q (/usr/share/code/resources/app/out/vs/code/node/sharedProcess/sharedProcessMain.js:23:4177)
    at a.value (/usr/share/code/resources/app/out/vs/code/node/sharedProcess/sharedProcessMain.js:23:3577)
    at p.w (/usr/share/code/resources/app/out/vs/code/node/sharedProcess/sharedProcessMain.js:18:1902)
    at p.x (/usr/share/code/resources/app/out/vs/code/node/sharedProcess/sharedProcessMain.js:18:1972)
    at p.fire (/usr/share/code/resources/app/out/vs/code/node/sharedProcess/sharedProcessMain.js:18:2188)
    at MessagePortMain.oe (/usr/share/code/resources/app/out/vs/code/node/sharedProcess/sharedProcessMain.js:16:40476)
    at MessagePortMain.emit (node:events:513:28)
    at MessagePortMain._internalPort.emit (node:electron/js2c/utility_init:2:367)
2023-08-11 15:09:53.066 [error] [uncaught exception in sharedProcess]: Cannot read properties of undefined (reading 'then'): TypeError: Cannot read properties of undefined (reading 'then')
    at y.s (/usr/share/code/resources/app/out/vs/code/node/sharedProcess/sharedProcessMain.js:23:4754)
    at y.q (/usr/share/code/resources/app/out/vs/code/node/sharedProcess/sharedProcessMain.js:23:4177)
    at a.value (/usr/share/code/resources/app/out/vs/code/node/sharedProcess/sharedProcessMain.js:23:3577)
    at p.w (/usr/share/code/resources/app/out/vs/code/node/sharedProcess/sharedProcessMain.js:18:1902)
    at p.x (/usr/share/code/resources/app/out/vs/code/node/sharedProcess/sharedProcessMain.js:18:1972)
    at p.fire (/usr/share/code/resources/app/out/vs/code/node/sharedProcess/sharedProcessMain.js:18:2188)
    at MessagePortMain.oe (/usr/share/code/resources/app/out/vs/code/node/sharedProcess/sharedProcessMain.js:16:40476)
    at MessagePortMain.emit (node:events:513:28)
    at MessagePortMain._internalPort.emit (node:electron/js2c/utility_init:2:367)
2023-08-11 15:10:39.603 [error] [uncaught exception in sharedProcess]: Cannot read properties of undefined (reading 'then'): TypeError: Cannot read properties of undefined (reading 'then')
    at y.s (/usr/share/code/resources/app/out/vs/code/node/sharedProcess/sharedProcessMain.js:23:4754)
    at y.q (/usr/share/code/resources/app/out/vs/code/node/sharedProcess/sharedProcessMain.js:23:4177)
    at a.value (/usr/share/code/resources/app/out/vs/code/node/sharedProcess/sharedProcessMain.js:23:3577)
    at p.w (/usr/share/code/resources/app/out/vs/code/node/sharedProcess/sharedProcessMain.js:18:1902)
    at p.x (/usr/share/code/resources/app/out/vs/code/node/sharedProcess/sharedProcessMain.js:18:1972)
    at p.fire (/usr/share/code/resources/app/out/vs/code/node/sharedProcess/sharedProcessMain.js:18:2188)
    at MessagePortMain.oe (/usr/share/code/resources/app/out/vs/code/node/sharedProcess/sharedProcessMain.js:16:40476)
    at MessagePortMain.emit (node:events:513:28)
    at MessagePortMain._internalPort.emit (node:electron/js2c/utility_init:2:367)
2023-08-11 15:10:39.604 [error] [uncaught exception in sharedProcess]: Cannot read properties of undefined (reading 'then'): TypeError: Cannot read properties of undefined (reading 'then')
    at y.s (/usr/share/code/resources/app/out/vs/code/node/sharedProcess/sharedProcessMain.js:23:4754)
    at y.q (/usr/share/code/resources/app/out/vs/code/node/sharedProcess/sharedProcessMain.js:23:4177)
    at a.value (/usr/share/code/resources/app/out/vs/code/node/sharedProcess/sharedProcessMain.js:23:3577)
    at p.w (/usr/share/code/resources/app/out/vs/code/node/sharedProcess/sharedProcessMain.js:18:1902)
    at p.x (/usr/share/code/resources/app/out/vs/code/node/sharedProcess/sharedProcessMain.js:18:1972)
    at p.fire (/usr/share/code/resources/app/out/vs/code/node/sharedProcess/sharedProcessMain.js:18:2188)
    at MessagePortMain.oe (/usr/share/code/resources/app/out/vs/code/node/sharedProcess/sharedProcessMain.js:16:40476)
    at MessagePortMain.emit (node:events:513:28)
    at MessagePortMain._internalPort.emit (node:electron/js2c/utility_init:2:367)
2023-08-11 15:10:55.060 [error] [uncaught exception in sharedProcess]: Cannot read properties of undefined (reading 'then'): TypeError: Cannot read properties of undefined (reading 'then')
    at y.s (/usr/share/code/resources/app/out/vs/code/node/sharedProcess/sharedProcessMain.js:23:4754)
    at y.q (/usr/share/code/resources/app/out/vs/code/node/sharedProcess/sharedProcessMain.js:23:4177)
    at a.value (/usr/share/code/resources/app/out/vs/code/node/sharedProcess/sharedProcessMain.js:23:3577)
    at p.w (/usr/share/code/resources/app/out/vs/code/node/sharedProcess/sharedProcessMain.js:18:1902)
    at p.x (/usr/share/code/resources/app/out/vs/code/node/sharedProcess/sharedProcessMain.js:18:1972)
    at p.fire (/usr/share/code/resources/app/out/vs/code/node/sharedProcess/sharedProcessMain.js:18:2188)
    at MessagePortMain.oe (/usr/share/code/resources/app/out/vs/code/node/sharedProcess/sharedProcessMain.js:16:40476)
    at MessagePortMain.emit (node:events:513:28)
    at MessagePortMain._internalPort.emit (node:electron/js2c/utility_init:2:367)
2023-08-11 15:11:04.216 [error] [uncaught exception in sharedProcess]: Cannot read properties of undefined (reading 'then'): TypeError: Cannot read properties of undefined (reading 'then')
    at y.s (/usr/share/code/resources/app/out/vs/code/node/sharedProcess/sharedProcessMain.js:23:4754)
    at y.q (/usr/share/code/resources/app/out/vs/code/node/sharedProcess/sharedProcessMain.js:23:4177)
    at a.value (/usr/share/code/resources/app/out/vs/code/node/sharedProcess/sharedProcessMain.js:23:3577)
    at p.w (/usr/share/code/resources/app/out/vs/code/node/sharedProcess/sharedProcessMain.js:18:1902)
    at p.x (/usr/share/code/resources/app/out/vs/code/node/sharedProcess/sharedProcessMain.js:18:1972)
    at p.fire (/usr/share/code/resources/app/out/vs/code/node/sharedProcess/sharedProcessMain.js:18:2188)
    at MessagePortMain.oe (/usr/share/code/resources/app/out/vs/code/node/sharedProcess/sharedProcessMain.js:16:40476)
    at MessagePortMain.emit (node:events:513:28)
    at MessagePortMain._internalPort.emit (node:electron/js2c/utility_init:2:367)
2023-08-11 15:11:04.217 [error] [uncaught exception in sharedProcess]: Cannot read properties of undefined (reading 'then'): TypeError: Cannot read properties of undefined (reading 'then')
    at y.s (/usr/share/code/resources/app/out/vs/code/node/sharedProcess/sharedProcessMain.js:23:4754)
    at y.q (/usr/share/code/resources/app/out/vs/code/node/sharedProcess/sharedProcessMain.js:23:4177)
    at a.value (/usr/share/code/resources/app/out/vs/code/node/sharedProcess/sharedProcessMain.js:23:3577)
    at p.w (/usr/share/code/resources/app/out/vs/code/node/sharedProcess/sharedProcessMain.js:18:1902)
    at p.x (/usr/share/code/resources/app/out/vs/code/node/sharedProcess/sharedProcessMain.js:18:1972)
    at p.fire (/usr/share/code/resources/app/out/vs/code/node/sharedProcess/sharedProcessMain.js:18:2188)
    at MessagePortMain.oe (/usr/share/code/resources/app/out/vs/code/node/sharedProcess/sharedProcessMain.js:16:40476)
    at MessagePortMain.emit (node:events:513:28)
    at MessagePortMain._internalPort.emit (node:electron/js2c/utility_init:2:367)
2023-08-11 15:12:42.485 [error] [uncaught exception in sharedProcess]: Cannot read properties of undefined (reading 'then'): TypeError: Cannot read properties of undefined (reading 'then')
    at y.s (/usr/share/code/resources/app/out/vs/code/node/sharedProcess/sharedProcessMain.js:23:4754)
    at y.q (/usr/share/code/resources/app/out/vs/code/node/sharedProcess/sharedProcessMain.js:23:4177)
    at a.value (/usr/share/code/resources/app/out/vs/code/node/sharedProcess/sharedProcessMain.js:23:3577)
    at p.w (/usr/share/code/resources/app/out/vs/code/node/sharedProcess/sharedProcessMain.js:18:1902)
    at p.x (/usr/share/code/resources/app/out/vs/code/node/sharedProcess/sharedProcessMain.js:18:1972)
    at p.fire (/usr/share/code/resources/app/out/vs/code/node/sharedProcess/sharedProcessMain.js:18:2188)
    at MessagePortMain.oe (/usr/share/code/resources/app/out/vs/code/node/sharedProcess/sharedProcessMain.js:16:40476)
    at MessagePortMain.emit (node:events:513:28)
    at MessagePortMain._internalPort.emit (node:electron/js2c/utility_init:2:367)
2023-08-11 15:12:42.486 [error] [uncaught exception in sharedProcess]: Cannot read properties of undefined (reading 'then'): TypeError: Cannot read properties of undefined (reading 'then')
    at y.s (/usr/share/code/resources/app/out/vs/code/node/sharedProcess/sharedProcessMain.js:23:4754)
    at y.q (/usr/share/code/resources/app/out/vs/code/node/sharedProcess/sharedProcessMain.js:23:4177)
    at a.value (/usr/share/code/resources/app/out/vs/code/node/sharedProcess/sharedProcessMain.js:23:3577)
    at p.w (/usr/share/code/resources/app/out/vs/code/node/sharedProcess/sharedProcessMain.js:18:1902)
    at p.x (/usr/share/code/resources/app/out/vs/code/node/sharedProcess/sharedProcessMain.js:18:1972)
    at p.fire (/usr/share/code/resources/app/out/vs/code/node/sharedProcess/sharedProcessMain.js:18:2188)
    at MessagePortMain.oe (/usr/share/code/resources/app/out/vs/code/node/sharedProcess/sharedProcessMain.js:16:40476)
    at MessagePortMain.emit (node:events:513:28)
    at MessagePortMain._internalPort.emit (node:electron/js2c/utility_init:2:367)
2023-08-11 15:12:45.512 [error] [uncaught exception in sharedProcess]: Cannot read properties of undefined (reading 'then'): TypeError: Cannot read properties of undefined (reading 'then')
    at y.s (/usr/share/code/resources/app/out/vs/code/node/sharedProcess/sharedProcessMain.js:23:4754)
    at y.q (/usr/share/code/resources/app/out/vs/code/node/sharedProcess/sharedProcessMain.js:23:4177)
    at a.value (/usr/share/code/resources/app/out/vs/code/node/sharedProcess/sharedProcessMain.js:23:3577)
    at p.w (/usr/share/code/resources/app/out/vs/code/node/sharedProcess/sharedProcessMain.js:18:1902)
    at p.x (/usr/share/code/resources/app/out/vs/code/node/sharedProcess/sharedProcessMain.js:18:1972)
    at p.fire (/usr/share/code/resources/app/out/vs/code/node/sharedProcess/sharedProcessMain.js:18:2188)
    at MessagePortMain.oe (/usr/share/code/resources/app/out/vs/code/node/sharedProcess/sharedProcessMain.js:16:40476)
    at MessagePortMain.emit (node:events:513:28)
    at MessagePortMain._internalPort.emit (node:electron/js2c/utility_init:2:367)
2023-08-11 15:12:49.357 [error] [uncaught exception in sharedProcess]: Cannot read properties of undefined (reading 'then'): TypeError: Cannot read properties of undefined (reading 'then')
    at y.s (/usr/share/code/resources/app/out/vs/code/node/sharedProcess/sharedProcessMain.js:23:4754)
    at y.q (/usr/share/code/resources/app/out/vs/code/node/sharedProcess/sharedProcessMain.js:23:4177)
    at a.value (/usr/share/code/resources/app/out/vs/code/node/sharedProcess/sharedProcessMain.js:23:3577)
    at p.w (/usr/share/code/resources/app/out/vs/code/node/sharedProcess/sharedProcessMain.js:18:1902)
    at p.x (/usr/share/code/resources/app/out/vs/code/node/sharedProcess/sharedProcessMain.js:18:1972)
    at p.fire (/usr/share/code/resources/app/out/vs/code/node/sharedProcess/sharedProcessMain.js:18:2188)
    at MessagePortMain.oe (/usr/share/code/resources/app/out/vs/code/node/sharedProcess/sharedProcessMain.js:16:40476)
    at MessagePortMain.emit (node:events:513:28)
    at MessagePortMain._internalPort.emit (node:electron/js2c/utility_init:2:367)
2023-08-11 15:12:54.353 [error] [uncaught exception in sharedProcess]: Cannot read properties of undefined (reading 'then'): TypeError: Cannot read properties of undefined (reading 'then')
    at y.s (/usr/share/code/resources/app/out/vs/code/node/sharedProcess/sharedProcessMain.js:23:4754)
    at y.q (/usr/share/code/resources/app/out/vs/code/node/sharedProcess/sharedProcessMain.js:23:4177)
    at a.value (/usr/share/code/resources/app/out/vs/code/node/sharedProcess/sharedProcessMain.js:23:3577)
    at p.w (/usr/share/code/resources/app/out/vs/code/node/sharedProcess/sharedProcessMain.js:18:1902)
    at p.x (/usr/share/code/resources/app/out/vs/code/node/sharedProcess/sharedProcessMain.js:18:1972)
    at p.fire (/usr/share/code/resources/app/out/vs/code/node/sharedProcess/sharedProcessMain.js:18:2188)
    at MessagePortMain.oe (/usr/share/code/resources/app/out/vs/code/node/sharedProcess/sharedProcessMain.js:16:40476)
    at MessagePortMain.emit (node:events:513:28)
    at MessagePortMain._internalPort.emit (node:electron/js2c/utility_init:2:367)
2023-08-11 15:12:54.599 [error] [uncaught exception in sharedProcess]: Cannot read properties of undefined (reading 'then'): TypeError: Cannot read properties of undefined (reading 'then')
    at y.s (/usr/share/code/resources/app/out/vs/code/node/sharedProcess/sharedProcessMain.js:23:4754)
    at y.q (/usr/share/code/resources/app/out/vs/code/node/sharedProcess/sharedProcessMain.js:23:4177)
    at a.value (/usr/share/code/resources/app/out/vs/code/node/sharedProcess/sharedProcessMain.js:23:3577)
    at p.w (/usr/share/code/resources/app/out/vs/code/node/sharedProcess/sharedProcessMain.js:18:1902)
    at p.x (/usr/share/code/resources/app/out/vs/code/node/sharedProcess/sharedProcessMain.js:18:1972)
    at p.fire (/usr/share/code/resources/app/out/vs/code/node/sharedProcess/sharedProcessMain.js:18:2188)
    at MessagePortMain.oe (/usr/share/code/resources/app/out/vs/code/node/sharedProcess/sharedProcessMain.js:16:40476)
    at MessagePortMain.emit (node:events:513:28)
    at MessagePortMain._internalPort.emit (node:electron/js2c/utility_init:2:367)
2023-08-11 15:12:54.610 [error] [uncaught exception in sharedProcess]: Cannot read properties of undefined (reading 'then'): TypeError: Cannot read properties of undefined (reading 'then')
    at y.s (/usr/share/code/resources/app/out/vs/code/node/sharedProcess/sharedProcessMain.js:23:4754)
    at y.q (/usr/share/code/resources/app/out/vs/code/node/sharedProcess/sharedProcessMain.js:23:4177)
    at a.value (/usr/share/code/resources/app/out/vs/code/node/sharedProcess/sharedProcessMain.js:23:3577)
    at p.w (/usr/share/code/resources/app/out/vs/code/node/sharedProcess/sharedProcessMain.js:18:1902)
    at p.x (/usr/share/code/resources/app/out/vs/code/node/sharedProcess/sharedProcessMain.js:18:1972)
    at p.fire (/usr/share/code/resources/app/out/vs/code/node/sharedProcess/sharedProcessMain.js:18:2188)
    at MessagePortMain.oe (/usr/share/code/resources/app/out/vs/code/node/sharedProcess/sharedProcessMain.js:16:40476)
    at MessagePortMain.emit (node:events:513:28)
    at MessagePortMain._internalPort.emit (node:electron/js2c/utility_init:2:367)
2023-08-11 15:13:03.714 [error] [uncaught exception in sharedProcess]: Cannot read properties of undefined (reading 'then'): TypeError: Cannot read properties of undefined (reading 'then')
    at y.s (/usr/share/code/resources/app/out/vs/code/node/sharedProcess/sharedProcessMain.js:23:4754)
    at y.q (/usr/share/code/resources/app/out/vs/code/node/sharedProcess/sharedProcessMain.js:23:4177)
    at a.value (/usr/share/code/resources/app/out/vs/code/node/sharedProcess/sharedProcessMain.js:23:3577)
    at p.w (/usr/share/code/resources/app/out/vs/code/node/sharedProcess/sharedProcessMain.js:18:1902)
    at p.x (/usr/share/code/resources/app/out/vs/code/node/sharedProcess/sharedProcessMain.js:18:1972)
    at p.fire (/usr/share/code/resources/app/out/vs/code/node/sharedProcess/sharedProcessMain.js:18:2188)
    at MessagePortMain.oe (/usr/share/code/resources/app/out/vs/code/node/sharedProcess/sharedProcessMain.js:16:40476)
    at MessagePortMain.emit (node:events:513:28)
    at MessagePortMain._internalPort.emit (node:electron/js2c/utility_init:2:367)
2023-08-11 15:13:04.093 [error] [uncaught exception in sharedProcess]: Cannot read properties of undefined (reading 'then'): TypeError: Cannot read properties of undefined (reading 'then')
    at y.s (/usr/share/code/resources/app/out/vs/code/node/sharedProcess/sharedProcessMain.js:23:4754)
    at y.q (/usr/share/code/resources/app/out/vs/code/node/sharedProcess/sharedProcessMain.js:23:4177)
    at a.value (/usr/share/code/resources/app/out/vs/code/node/sharedProcess/sharedProcessMain.js:23:3577)
    at p.w (/usr/share/code/resources/app/out/vs/code/node/sharedProcess/sharedProcessMain.js:18:1902)
    at p.x (/usr/share/code/resources/app/out/vs/code/node/sharedProcess/sharedProcessMain.js:18:1972)
    at p.fire (/usr/share/code/resources/app/out/vs/code/node/sharedProcess/sharedProcessMain.js:18:2188)
    at MessagePortMain.oe (/usr/share/code/resources/app/out/vs/code/node/sharedProcess/sharedProcessMain.js:16:40476)
    at MessagePortMain.emit (node:events:513:28)
    at MessagePortMain._internalPort.emit (node:electron/js2c/utility_init:2:367)
2023-08-11 15:13:11.321 [error] [uncaught exception in sharedProcess]: Cannot read properties of undefined (reading 'then'): TypeError: Cannot read properties of undefined (reading 'then')
    at y.s (/usr/share/code/resources/app/out/vs/code/node/sharedProcess/sharedProcessMain.js:23:4754)
    at y.q (/usr/share/code/resources/app/out/vs/code/node/sharedProcess/sharedProcessMain.js:23:4177)
    at a.value (/usr/share/code/resources/app/out/vs/code/node/sharedProcess/sharedProcessMain.js:23:3577)
    at p.w (/usr/share/code/resources/app/out/vs/code/node/sharedProcess/sharedProcessMain.js:18:1902)
    at p.x (/usr/share/code/resources/app/out/vs/code/node/sharedProcess/sharedProcessMain.js:18:1972)
    at p.fire (/usr/share/code/resources/app/out/vs/code/node/sharedProcess/sharedProcessMain.js:18:2188)
    at MessagePortMain.oe (/usr/share/code/resources/app/out/vs/code/node/sharedProcess/sharedProcessMain.js:16:40476)
    at MessagePortMain.emit (node:events:513:28)
    at MessagePortMain._internalPort.emit (node:electron/js2c/utility_init:2:367)
2023-08-11 15:13:11.322 [error] [uncaught exception in sharedProcess]: Cannot read properties of undefined (reading 'then'): TypeError: Cannot read properties of undefined (reading 'then')
    at y.s (/usr/share/code/resources/app/out/vs/code/node/sharedProcess/sharedProcessMain.js:23:4754)
    at y.q (/usr/share/code/resources/app/out/vs/code/node/sharedProcess/sharedProcessMain.js:23:4177)
    at a.value (/usr/share/code/resources/app/out/vs/code/node/sharedProcess/sharedProcessMain.js:23:3577)
    at p.w (/usr/share/code/resources/app/out/vs/code/node/sharedProcess/sharedProcessMain.js:18:1902)
    at p.x (/usr/share/code/resources/app/out/vs/code/node/sharedProcess/sharedProcessMain.js:18:1972)
    at p.fire (/usr/share/code/resources/app/out/vs/code/node/sharedProcess/sharedProcessMain.js:18:2188)
    at MessagePortMain.oe (/usr/share/code/resources/app/out/vs/code/node/sharedProcess/sharedProcessMain.js:16:40476)
    at MessagePortMain.emit (node:events:513:28)
    at MessagePortMain._internalPort.emit (node:electron/js2c/utility_init:2:367)
2023-08-11 15:13:19.187 [error] [uncaught exception in sharedProcess]: Cannot read properties of undefined (reading 'then'): TypeError: Cannot read properties of undefined (reading 'then')
    at y.s (/usr/share/code/resources/app/out/vs/code/node/sharedProcess/sharedProcessMain.js:23:4754)
    at y.q (/usr/share/code/resources/app/out/vs/code/node/sharedProcess/sharedProcessMain.js:23:4177)
    at a.value (/usr/share/code/resources/app/out/vs/code/node/sharedProcess/sharedProcessMain.js:23:3577)
    at p.w (/usr/share/code/resources/app/out/vs/code/node/sharedProcess/sharedProcessMain.js:18:1902)
    at p.x (/usr/share/code/resources/app/out/vs/code/node/sharedProcess/sharedProcessMain.js:18:1972)
    at p.fire (/usr/share/code/resources/app/out/vs/code/node/sharedProcess/sharedProcessMain.js:18:2188)
    at MessagePortMain.oe (/usr/share/code/resources/app/out/vs/code/node/sharedProcess/sharedProcessMain.js:16:40476)
    at MessagePortMain.emit (node:events:513:28)
    at MessagePortMain._internalPort.emit (node:electron/js2c/utility_init:2:367)
2023-08-11 15:13:19.188 [error] [uncaught exception in sharedProcess]: Cannot read properties of undefined (reading 'then'): TypeError: Cannot read properties of undefined (reading 'then')
    at y.s (/usr/share/code/resources/app/out/vs/code/node/sharedProcess/sharedProcessMain.js:23:4754)
    at y.q (/usr/share/code/resources/app/out/vs/code/node/sharedProcess/sharedProcessMain.js:23:4177)
    at a.value (/usr/share/code/resources/app/out/vs/code/node/sharedProcess/sharedProcessMain.js:23:3577)
    at p.w (/usr/share/code/resources/app/out/vs/code/node/sharedProcess/sharedProcessMain.js:18:1902)
    at p.x (/usr/share/code/resources/app/out/vs/code/node/sharedProcess/sharedProcessMain.js:18:1972)
    at p.fire (/usr/share/code/resources/app/out/vs/code/node/sharedProcess/sharedProcessMain.js:18:2188)
    at MessagePortMain.oe (/usr/share/code/resources/app/out/vs/code/node/sharedProcess/sharedProcessMain.js:16:40476)
    at MessagePortMain.emit (node:events:513:28)
    at MessagePortMain._internalPort.emit (node:electron/js2c/utility_init:2:367)
2023-08-11 15:14:07.037 [error] [uncaught exception in sharedProcess]: Cannot read properties of undefined (reading 'then'): TypeError: Cannot read properties of undefined (reading 'then')
    at y.s (/usr/share/code/resources/app/out/vs/code/node/sharedProcess/sharedProcessMain.js:23:4754)
    at y.q (/usr/share/code/resources/app/out/vs/code/node/sharedProcess/sharedProcessMain.js:23:4177)
    at a.value (/usr/share/code/resources/app/out/vs/code/node/sharedProcess/sharedProcessMain.js:23:3577)
    at p.w (/usr/share/code/resources/app/out/vs/code/node/sharedProcess/sharedProcessMain.js:18:1902)
    at p.x (/usr/share/code/resources/app/out/vs/code/node/sharedProcess/sharedProcessMain.js:18:1972)
    at p.fire (/usr/share/code/resources/app/out/vs/code/node/sharedProcess/sharedProcessMain.js:18:2188)
    at MessagePortMain.oe (/usr/share/code/resources/app/out/vs/code/node/sharedProcess/sharedProcessMain.js:16:40476)
    at MessagePortMain.emit (node:events:513:28)
    at MessagePortMain._internalPort.emit (node:electron/js2c/utility_init:2:367)
2023-08-11 15:14:07.038 [error] [uncaught exception in sharedProcess]: Cannot read properties of undefined (reading 'then'): TypeError: Cannot read properties of undefined (reading 'then')
    at y.s (/usr/share/code/resources/app/out/vs/code/node/sharedProcess/sharedProcessMain.js:23:4754)
    at y.q (/usr/share/code/resources/app/out/vs/code/node/sharedProcess/sharedProcessMain.js:23:4177)
    at a.value (/usr/share/code/resources/app/out/vs/code/node/sharedProcess/sharedProcessMain.js:23:3577)
    at p.w (/usr/share/code/resources/app/out/vs/code/node/sharedProcess/sharedProcessMain.js:18:1902)
    at p.x (/usr/share/code/resources/app/out/vs/code/node/sharedProcess/sharedProcessMain.js:18:1972)
    at p.fire (/usr/share/code/resources/app/out/vs/code/node/sharedProcess/sharedProcessMain.js:18:2188)
    at MessagePortMain.oe (/usr/share/code/resources/app/out/vs/code/node/sharedProcess/sharedProcessMain.js:16:40476)
    at MessagePortMain.emit (node:events:513:28)
    at MessagePortMain._internalPort.emit (node:electron/js2c/utility_init:2:367)
2023-08-11 15:14:34.393 [error] [uncaught exception in sharedProcess]: Cannot read properties of undefined (reading 'then'): TypeError: Cannot read properties of undefined (reading 'then')
    at y.s (/usr/share/code/resources/app/out/vs/code/node/sharedProcess/sharedProcessMain.js:23:4754)
    at y.q (/usr/share/code/resources/app/out/vs/code/node/sharedProcess/sharedProcessMain.js:23:4177)
    at a.value (/usr/share/code/resources/app/out/vs/code/node/sharedProcess/sharedProcessMain.js:23:3577)
    at p.w (/usr/share/code/resources/app/out/vs/code/node/sharedProcess/sharedProcessMain.js:18:1902)
    at p.x (/usr/share/code/resources/app/out/vs/code/node/sharedProcess/sharedProcessMain.js:18:1972)
    at p.fire (/usr/share/code/resources/app/out/vs/code/node/sharedProcess/sharedProcessMain.js:18:2188)
    at MessagePortMain.oe (/usr/share/code/resources/app/out/vs/code/node/sharedProcess/sharedProcessMain.js:16:40476)
    at MessagePortMain.emit (node:events:513:28)
    at MessagePortMain._internalPort.emit (node:electron/js2c/utility_init:2:367)
2023-08-11 15:14:34.394 [error] [uncaught exception in sharedProcess]: Cannot read properties of undefined (reading 'then'): TypeError: Cannot read properties of undefined (reading 'then')
    at y.s (/usr/share/code/resources/app/out/vs/code/node/sharedProcess/sharedProcessMain.js:23:4754)
    at y.q (/usr/share/code/resources/app/out/vs/code/node/sharedProcess/sharedProcessMain.js:23:4177)
    at a.value (/usr/share/code/resources/app/out/vs/code/node/sharedProcess/sharedProcessMain.js:23:3577)
    at p.w (/usr/share/code/resources/app/out/vs/code/node/sharedProcess/sharedProcessMain.js:18:1902)
    at p.x (/usr/share/code/resources/app/out/vs/code/node/sharedProcess/sharedProcessMain.js:18:1972)
    at p.fire (/usr/share/code/resources/app/out/vs/code/node/sharedProcess/sharedProcessMain.js:18:2188)
    at MessagePortMain.oe (/usr/share/code/resources/app/out/vs/code/node/sharedProcess/sharedProcessMain.js:16:40476)
    at MessagePortMain.emit (node:events:513:28)
    at MessagePortMain._internalPort.emit (node:electron/js2c/utility_init:2:367)
2023-08-11 15:38:12.969 [info] Getting Manifest... k--kato.intellij-idea-keybindings
2023-08-11 15:38:12.974 [info] Installing extension: k--kato.intellij-idea-keybindings
2023-08-11 15:38:14.364 [info] Extension signature is verified: k--kato.intellij-idea-keybindings
2023-08-11 15:38:14.396 [info] Extracted extension to /root/.vscode/extensions/.b6e8267b-43ea-48ed-8ec4-6c123d5bec9c: k--kato.intellij-idea-keybindings
2023-08-11 15:38:14.412 [info] Renamed to /root/.vscode/extensions/k--kato.intellij-idea-keybindings-1.5.9
2023-08-11 15:38:14.413 [info] Extracting extension completed. k--kato.intellij-idea-keybindings
2023-08-11 15:38:14.423 [info] Extension installed successfully: k--kato.intellij-idea-keybindings
2023-08-11 15:44:34.521 [error] [uncaught exception in sharedProcess]: Cannot read properties of undefined (reading 'then'): TypeError: Cannot read properties of undefined (reading 'then')
    at y.s (/usr/share/code/resources/app/out/vs/code/node/sharedProcess/sharedProcessMain.js:23:4754)
    at y.q (/usr/share/code/resources/app/out/vs/code/node/sharedProcess/sharedProcessMain.js:23:4177)
    at a.value (/usr/share/code/resources/app/out/vs/code/node/sharedProcess/sharedProcessMain.js:23:3577)
    at p.w (/usr/share/code/resources/app/out/vs/code/node/sharedProcess/sharedProcessMain.js:18:1902)
    at p.x (/usr/share/code/resources/app/out/vs/code/node/sharedProcess/sharedProcessMain.js:18:1972)
    at p.fire (/usr/share/code/resources/app/out/vs/code/node/sharedProcess/sharedProcessMain.js:18:2188)
    at MessagePortMain.oe (/usr/share/code/resources/app/out/vs/code/node/sharedProcess/sharedProcessMain.js:16:40476)
    at MessagePortMain.emit (node:events:513:28)
    at MessagePortMain._internalPort.emit (node:electron/js2c/utility_init:2:367)
2023-08-11 15:44:39.514 [error] [uncaught exception in sharedProcess]: Cannot read properties of undefined (reading 'then'): TypeError: Cannot read properties of undefined (reading 'then')
    at y.s (/usr/share/code/resources/app/out/vs/code/node/sharedProcess/sharedProcessMain.js:23:4754)
    at y.q (/usr/share/code/resources/app/out/vs/code/node/sharedProcess/sharedProcessMain.js:23:4177)
    at a.value (/usr/share/code/resources/app/out/vs/code/node/sharedProcess/sharedProcessMain.js:23:3577)
    at p.w (/usr/share/code/resources/app/out/vs/code/node/sharedProcess/sharedProcessMain.js:18:1902)
    at p.x (/usr/share/code/resources/app/out/vs/code/node/sharedProcess/sharedProcessMain.js:18:1972)
    at p.fire (/usr/share/code/resources/app/out/vs/code/node/sharedProcess/sharedProcessMain.js:18:2188)
    at MessagePortMain.oe (/usr/share/code/resources/app/out/vs/code/node/sharedProcess/sharedProcessMain.js:16:40476)
    at MessagePortMain.emit (node:events:513:28)
    at MessagePortMain._internalPort.emit (node:electron/js2c/utility_init:2:367)
2023-08-11 15:44:39.737 [error] [uncaught exception in sharedProcess]: Cannot read properties of undefined (reading 'then'): TypeError: Cannot read properties of undefined (reading 'then')
    at y.s (/usr/share/code/resources/app/out/vs/code/node/sharedProcess/sharedProcessMain.js:23:4754)
    at y.q (/usr/share/code/resources/app/out/vs/code/node/sharedProcess/sharedProcessMain.js:23:4177)
    at a.value (/usr/share/code/resources/app/out/vs/code/node/sharedProcess/sharedProcessMain.js:23:3577)
    at p.w (/usr/share/code/resources/app/out/vs/code/node/sharedProcess/sharedProcessMain.js:18:1902)
    at p.x (/usr/share/code/resources/app/out/vs/code/node/sharedProcess/sharedProcessMain.js:18:1972)
    at p.fire (/usr/share/code/resources/app/out/vs/code/node/sharedProcess/sharedProcessMain.js:18:2188)
    at MessagePortMain.oe (/usr/share/code/resources/app/out/vs/code/node/sharedProcess/sharedProcessMain.js:16:40476)
    at MessagePortMain.emit (node:events:513:28)
    at MessagePortMain._internalPort.emit (node:electron/js2c/utility_init:2:367)
2023-08-11 15:44:39.759 [error] [uncaught exception in sharedProcess]: Cannot read properties of undefined (reading 'then'): TypeError: Cannot read properties of undefined (reading 'then')
    at y.s (/usr/share/code/resources/app/out/vs/code/node/sharedProcess/sharedProcessMain.js:23:4754)
    at y.q (/usr/share/code/resources/app/out/vs/code/node/sharedProcess/sharedProcessMain.js:23:4177)
    at a.value (/usr/share/code/resources/app/out/vs/code/node/sharedProcess/sharedProcessMain.js:23:3577)
    at p.w (/usr/share/code/resources/app/out/vs/code/node/sharedProcess/sharedProcessMain.js:18:1902)
    at p.x (/usr/share/code/resources/app/out/vs/code/node/sharedProcess/sharedProcessMain.js:18:1972)
    at p.fire (/usr/share/code/resources/app/out/vs/code/node/sharedProcess/sharedProcessMain.js:18:2188)
    at MessagePortMain.oe (/usr/share/code/resources/app/out/vs/code/node/sharedProcess/sharedProcessMain.js:16:40476)
    at MessagePortMain.emit (node:events:513:28)
    at MessagePortMain._internalPort.emit (node:electron/js2c/utility_init:2:367)
2023-08-11 15:44:50.746 [error] [uncaught exception in sharedProcess]: Cannot read properties of undefined (reading 'then'): TypeError: Cannot read properties of undefined (reading 'then')
    at y.s (/usr/share/code/resources/app/out/vs/code/node/sharedProcess/sharedProcessMain.js:23:4754)
    at y.q (/usr/share/code/resources/app/out/vs/code/node/sharedProcess/sharedProcessMain.js:23:4177)
    at a.value (/usr/share/code/resources/app/out/vs/code/node/sharedProcess/sharedProcessMain.js:23:3577)
    at p.w (/usr/share/code/resources/app/out/vs/code/node/sharedProcess/sharedProcessMain.js:18:1902)
    at p.x (/usr/share/code/resources/app/out/vs/code/node/sharedProcess/sharedProcessMain.js:18:1972)
    at p.fire (/usr/share/code/resources/app/out/vs/code/node/sharedProcess/sharedProcessMain.js:18:2188)
    at MessagePortMain.oe (/usr/share/code/resources/app/out/vs/code/node/sharedProcess/sharedProcessMain.js:16:40476)
    at MessagePortMain.emit (node:events:513:28)
    at MessagePortMain._internalPort.emit (node:electron/js2c/utility_init:2:367)
2023-08-11 15:45:37.836 [error] [uncaught exception in sharedProcess]: Cannot read properties of undefined (reading 'then'): TypeError: Cannot read properties of undefined (reading 'then')
    at y.s (/usr/share/code/resources/app/out/vs/code/node/sharedProcess/sharedProcessMain.js:23:4754)
    at y.q (/usr/share/code/resources/app/out/vs/code/node/sharedProcess/sharedProcessMain.js:23:4177)
    at a.value (/usr/share/code/resources/app/out/vs/code/node/sharedProcess/sharedProcessMain.js:23:3577)
    at p.w (/usr/share/code/resources/app/out/vs/code/node/sharedProcess/sharedProcessMain.js:18:1902)
    at p.x (/usr/share/code/resources/app/out/vs/code/node/sharedProcess/sharedProcessMain.js:18:1972)
    at p.fire (/usr/share/code/resources/app/out/vs/code/node/sharedProcess/sharedProcessMain.js:18:2188)
    at MessagePortMain.oe (/usr/share/code/resources/app/out/vs/code/node/sharedProcess/sharedProcessMain.js:16:40476)
    at MessagePortMain.emit (node:events:513:28)
    at MessagePortMain._internalPort.emit (node:electron/js2c/utility_init:2:367)
2023-08-11 15:49:02.788 [error] [uncaught exception in sharedProcess]: Cannot read properties of undefined (reading 'then'): TypeError: Cannot read properties of undefined (reading 'then')
    at y.s (/usr/share/code/resources/app/out/vs/code/node/sharedProcess/sharedProcessMain.js:23:4754)
    at y.q (/usr/share/code/resources/app/out/vs/code/node/sharedProcess/sharedProcessMain.js:23:4177)
    at a.value (/usr/share/code/resources/app/out/vs/code/node/sharedProcess/sharedProcessMain.js:23:3577)
    at p.w (/usr/share/code/resources/app/out/vs/code/node/sharedProcess/sharedProcessMain.js:18:1902)
    at p.x (/usr/share/code/resources/app/out/vs/code/node/sharedProcess/sharedProcessMain.js:18:1972)
    at p.fire (/usr/share/code/resources/app/out/vs/code/node/sharedProcess/sharedProcessMain.js:18:2188)
    at MessagePortMain.oe (/usr/share/code/resources/app/out/vs/code/node/sharedProcess/sharedProcessMain.js:16:40476)
    at MessagePortMain.emit (node:events:513:28)
    at MessagePortMain._internalPort.emit (node:electron/js2c/utility_init:2:367)
2023-08-11 15:49:13.654 [error] [uncaught exception in sharedProcess]: Cannot read properties of undefined (reading 'then'): TypeError: Cannot read properties of undefined (reading 'then')
    at y.s (/usr/share/code/resources/app/out/vs/code/node/sharedProcess/sharedProcessMain.js:23:4754)
    at y.q (/usr/share/code/resources/app/out/vs/code/node/sharedProcess/sharedProcessMain.js:23:4177)
    at a.value (/usr/share/code/resources/app/out/vs/code/node/sharedProcess/sharedProcessMain.js:23:3577)
    at p.w (/usr/share/code/resources/app/out/vs/code/node/sharedProcess/sharedProcessMain.js:18:1902)
    at p.x (/usr/share/code/resources/app/out/vs/code/node/sharedProcess/sharedProcessMain.js:18:1972)
    at p.fire (/usr/share/code/resources/app/out/vs/code/node/sharedProcess/sharedProcessMain.js:18:2188)
    at MessagePortMain.oe (/usr/share/code/resources/app/out/vs/code/node/sharedProcess/sharedProcessMain.js:16:40476)
    at MessagePortMain.emit (node:events:513:28)
    at MessagePortMain._internalPort.emit (node:electron/js2c/utility_init:2:367)
2023-08-11 15:49:18.650 [error] [uncaught exception in sharedProcess]: Cannot read properties of undefined (reading 'then'): TypeError: Cannot read properties of undefined (reading 'then')
    at y.s (/usr/share/code/resources/app/out/vs/code/node/sharedProcess/sharedProcessMain.js:23:4754)
    at y.q (/usr/share/code/resources/app/out/vs/code/node/sharedProcess/sharedProcessMain.js:23:4177)
    at a.value (/usr/share/code/resources/app/out/vs/code/node/sharedProcess/sharedProcessMain.js:23:3577)
    at p.w (/usr/share/code/resources/app/out/vs/code/node/sharedProcess/sharedProcessMain.js:18:1902)
    at p.x (/usr/share/code/resources/app/out/vs/code/node/sharedProcess/sharedProcessMain.js:18:1972)
    at p.fire (/usr/share/code/resources/app/out/vs/code/node/sharedProcess/sharedProcessMain.js:18:2188)
    at MessagePortMain.oe (/usr/share/code/resources/app/out/vs/code/node/sharedProcess/sharedProcessMain.js:16:40476)
    at MessagePortMain.emit (node:events:513:28)
    at MessagePortMain._internalPort.emit (node:electron/js2c/utility_init:2:367)
2023-08-11 15:49:18.881 [error] [uncaught exception in sharedProcess]: Cannot read properties of undefined (reading 'then'): TypeError: Cannot read properties of undefined (reading 'then')
    at y.s (/usr/share/code/resources/app/out/vs/code/node/sharedProcess/sharedProcessMain.js:23:4754)
    at y.q (/usr/share/code/resources/app/out/vs/code/node/sharedProcess/sharedProcessMain.js:23:4177)
    at a.value (/usr/share/code/resources/app/out/vs/code/node/sharedProcess/sharedProcessMain.js:23:3577)
    at p.w (/usr/share/code/resources/app/out/vs/code/node/sharedProcess/sharedProcessMain.js:18:1902)
    at p.x (/usr/share/code/resources/app/out/vs/code/node/sharedProcess/sharedProcessMain.js:18:1972)
    at p.fire (/usr/share/code/resources/app/out/vs/code/node/sharedProcess/sharedProcessMain.js:18:2188)
    at MessagePortMain.oe (/usr/share/code/resources/app/out/vs/code/node/sharedProcess/sharedProcessMain.js:16:40476)
    at MessagePortMain.emit (node:events:513:28)
    at MessagePortMain._internalPort.emit (node:electron/js2c/utility_init:2:367)
2023-08-11 15:49:18.891 [error] [uncaught exception in sharedProcess]: Cannot read properties of undefined (reading 'then'): TypeError: Cannot read properties of undefined (reading 'then')
    at y.s (/usr/share/code/resources/app/out/vs/code/node/sharedProcess/sharedProcessMain.js:23:4754)
    at y.q (/usr/share/code/resources/app/out/vs/code/node/sharedProcess/sharedProcessMain.js:23:4177)
    at a.value (/usr/share/code/resources/app/out/vs/code/node/sharedProcess/sharedProcessMain.js:23:3577)
    at p.w (/usr/share/code/resources/app/out/vs/code/node/sharedProcess/sharedProcessMain.js:18:1902)
    at p.x (/usr/share/code/resources/app/out/vs/code/node/sharedProcess/sharedProcessMain.js:18:1972)
    at p.fire (/usr/share/code/resources/app/out/vs/code/node/sharedProcess/sharedProcessMain.js:18:2188)
    at MessagePortMain.oe (/usr/share/code/resources/app/out/vs/code/node/sharedProcess/sharedProcessMain.js:16:40476)
    at MessagePortMain.emit (node:events:513:28)
    at MessagePortMain._internalPort.emit (node:electron/js2c/utility_init:2:367)
2023-08-11 15:50:00.597 [error] [uncaught exception in sharedProcess]: Cannot read properties of undefined (reading 'then'): TypeError: Cannot read properties of undefined (reading 'then')
    at y.s (/usr/share/code/resources/app/out/vs/code/node/sharedProcess/sharedProcessMain.js:23:4754)
    at y.q (/usr/share/code/resources/app/out/vs/code/node/sharedProcess/sharedProcessMain.js:23:4177)
    at a.value (/usr/share/code/resources/app/out/vs/code/node/sharedProcess/sharedProcessMain.js:23:3577)
    at p.w (/usr/share/code/resources/app/out/vs/code/node/sharedProcess/sharedProcessMain.js:18:1902)
    at p.x (/usr/share/code/resources/app/out/vs/code/node/sharedProcess/sharedProcessMain.js:18:1972)
    at p.fire (/usr/share/code/resources/app/out/vs/code/node/sharedProcess/sharedProcessMain.js:18:2188)
    at MessagePortMain.oe (/usr/share/code/resources/app/out/vs/code/node/sharedProcess/sharedProcessMain.js:16:40476)
    at MessagePortMain.emit (node:events:513:28)
    at MessagePortMain._internalPort.emit (node:electron/js2c/utility_init:2:367)
2023-08-11 15:50:00.597 [error] [uncaught exception in sharedProcess]: Cannot read properties of undefined (reading 'then'): TypeError: Cannot read properties of undefined (reading 'then')
    at y.s (/usr/share/code/resources/app/out/vs/code/node/sharedProcess/sharedProcessMain.js:23:4754)
    at y.q (/usr/share/code/resources/app/out/vs/code/node/sharedProcess/sharedProcessMain.js:23:4177)
    at a.value (/usr/share/code/resources/app/out/vs/code/node/sharedProcess/sharedProcessMain.js:23:3577)
    at p.w (/usr/share/code/resources/app/out/vs/code/node/sharedProcess/sharedProcessMain.js:18:1902)
    at p.x (/usr/share/code/resources/app/out/vs/code/node/sharedProcess/sharedProcessMain.js:18:1972)
    at p.fire (/usr/share/code/resources/app/out/vs/code/node/sharedProcess/sharedProcessMain.js:18:2188)
    at MessagePortMain.oe (/usr/share/code/resources/app/out/vs/code/node/sharedProcess/sharedProcessMain.js:16:40476)
    at MessagePortMain.emit (node:events:513:28)
    at MessagePortMain._internalPort.emit (node:electron/js2c/utility_init:2:367)
2023-08-11 15:50:08.404 [error] [uncaught exception in sharedProcess]: Cannot read properties of undefined (reading 'then'): TypeError: Cannot read properties of undefined (reading 'then')
    at y.s (/usr/share/code/resources/app/out/vs/code/node/sharedProcess/sharedProcessMain.js:23:4754)
    at y.q (/usr/share/code/resources/app/out/vs/code/node/sharedProcess/sharedProcessMain.js:23:4177)
    at a.value (/usr/share/code/resources/app/out/vs/code/node/sharedProcess/sharedProcessMain.js:23:3577)
    at p.w (/usr/share/code/resources/app/out/vs/code/node/sharedProcess/sharedProcessMain.js:18:1902)
    at p.x (/usr/share/code/resources/app/out/vs/code/node/sharedProcess/sharedProcessMain.js:18:1972)
    at p.fire (/usr/share/code/resources/app/out/vs/code/node/sharedProcess/sharedProcessMain.js:18:2188)
    at MessagePortMain.oe (/usr/share/code/resources/app/out/vs/code/node/sharedProcess/sharedProcessMain.js:16:40476)
    at MessagePortMain.emit (node:events:513:28)
    at MessagePortMain._internalPort.emit (node:electron/js2c/utility_init:2:367)
2023-08-11 15:50:08.404 [error] [uncaught exception in sharedProcess]: Cannot read properties of undefined (reading 'then'): TypeError: Cannot read properties of undefined (reading 'then')
    at y.s (/usr/share/code/resources/app/out/vs/code/node/sharedProcess/sharedProcessMain.js:23:4754)
    at y.q (/usr/share/code/resources/app/out/vs/code/node/sharedProcess/sharedProcessMain.js:23:4177)
    at a.value (/usr/share/code/resources/app/out/vs/code/node/sharedProcess/sharedProcessMain.js:23:3577)
    at p.w (/usr/share/code/resources/app/out/vs/code/node/sharedProcess/sharedProcessMain.js:18:1902)
    at p.x (/usr/share/code/resources/app/out/vs/code/node/sharedProcess/sharedProcessMain.js:18:1972)
    at p.fire (/usr/share/code/resources/app/out/vs/code/node/sharedProcess/sharedProcessMain.js:18:2188)
    at MessagePortMain.oe (/usr/share/code/resources/app/out/vs/code/node/sharedProcess/sharedProcessMain.js:16:40476)
    at MessagePortMain.emit (node:events:513:28)
    at MessagePortMain._internalPort.emit (node:electron/js2c/utility_init:2:367)
2023-08-11 15:50:13.818 [error] [uncaught exception in sharedProcess]: Cannot read properties of undefined (reading 'then'): TypeError: Cannot read properties of undefined (reading 'then')
    at y.s (/usr/share/code/resources/app/out/vs/code/node/sharedProcess/sharedProcessMain.js:23:4754)
    at y.q (/usr/share/code/resources/app/out/vs/code/node/sharedProcess/sharedProcessMain.js:23:4177)
    at a.value (/usr/share/code/resources/app/out/vs/code/node/sharedProcess/sharedProcessMain.js:23:3577)
    at p.w (/usr/share/code/resources/app/out/vs/code/node/sharedProcess/sharedProcessMain.js:18:1902)
    at p.x (/usr/share/code/resources/app/out/vs/code/node/sharedProcess/sharedProcessMain.js:18:1972)
    at p.fire (/usr/share/code/resources/app/out/vs/code/node/sharedProcess/sharedProcessMain.js:18:2188)
    at MessagePortMain.oe (/usr/share/code/resources/app/out/vs/code/node/sharedProcess/sharedProcessMain.js:16:40476)
    at MessagePortMain.emit (node:events:513:28)
    at MessagePortMain._internalPort.emit (node:electron/js2c/utility_init:2:367)
2023-08-11 15:50:13.818 [error] [uncaught exception in sharedProcess]: Cannot read properties of undefined (reading 'then'): TypeError: Cannot read properties of undefined (reading 'then')
    at y.s (/usr/share/code/resources/app/out/vs/code/node/sharedProcess/sharedProcessMain.js:23:4754)
    at y.q (/usr/share/code/resources/app/out/vs/code/node/sharedProcess/sharedProcessMain.js:23:4177)
    at a.value (/usr/share/code/resources/app/out/vs/code/node/sharedProcess/sharedProcessMain.js:23:3577)
    at p.w (/usr/share/code/resources/app/out/vs/code/node/sharedProcess/sharedProcessMain.js:18:1902)
    at p.x (/usr/share/code/resources/app/out/vs/code/node/sharedProcess/sharedProcessMain.js:18:1972)
    at p.fire (/usr/share/code/resources/app/out/vs/code/node/sharedProcess/sharedProcessMain.js:18:2188)
    at MessagePortMain.oe (/usr/share/code/resources/app/out/vs/code/node/sharedProcess/sharedProcessMain.js:16:40476)
    at MessagePortMain.emit (node:events:513:28)
    at MessagePortMain._internalPort.emit (node:electron/js2c/utility_init:2:367)
2023-08-11 15:50:19.685 [error] [uncaught exception in sharedProcess]: Cannot read properties of undefined (reading 'then'): TypeError: Cannot read properties of undefined (reading 'then')
    at y.s (/usr/share/code/resources/app/out/vs/code/node/sharedProcess/sharedProcessMain.js:23:4754)
    at y.q (/usr/share/code/resources/app/out/vs/code/node/sharedProcess/sharedProcessMain.js:23:4177)
    at a.value (/usr/share/code/resources/app/out/vs/code/node/sharedProcess/sharedProcessMain.js:23:3577)
    at p.w (/usr/share/code/resources/app/out/vs/code/node/sharedProcess/sharedProcessMain.js:18:1902)
    at p.x (/usr/share/code/resources/app/out/vs/code/node/sharedProcess/sharedProcessMain.js:18:1972)
    at p.fire (/usr/share/code/resources/app/out/vs/code/node/sharedProcess/sharedProcessMain.js:18:2188)
    at MessagePortMain.oe (/usr/share/code/resources/app/out/vs/code/node/sharedProcess/sharedProcessMain.js:16:40476)
    at MessagePortMain.emit (node:events:513:28)
    at MessagePortMain._internalPort.emit (node:electron/js2c/utility_init:2:367)
2023-08-11 15:50:19.685 [error] [uncaught exception in sharedProcess]: Cannot read properties of undefined (reading 'then'): TypeError: Cannot read properties of undefined (reading 'then')
    at y.s (/usr/share/code/resources/app/out/vs/code/node/sharedProcess/sharedProcessMain.js:23:4754)
    at y.q (/usr/share/code/resources/app/out/vs/code/node/sharedProcess/sharedProcessMain.js:23:4177)
    at a.value (/usr/share/code/resources/app/out/vs/code/node/sharedProcess/sharedProcessMain.js:23:3577)
    at p.w (/usr/share/code/resources/app/out/vs/code/node/sharedProcess/sharedProcessMain.js:18:1902)
    at p.x (/usr/share/code/resources/app/out/vs/code/node/sharedProcess/sharedProcessMain.js:18:1972)
    at p.fire (/usr/share/code/resources/app/out/vs/code/node/sharedProcess/sharedProcessMain.js:18:2188)
    at MessagePortMain.oe (/usr/share/code/resources/app/out/vs/code/node/sharedProcess/sharedProcessMain.js:16:40476)
    at MessagePortMain.emit (node:events:513:28)
    at MessagePortMain._internalPort.emit (node:electron/js2c/utility_init:2:367)
2023-08-11 15:50:25.602 [error] [uncaught exception in sharedProcess]: Cannot read properties of undefined (reading 'then'): TypeError: Cannot read properties of undefined (reading 'then')
    at y.s (/usr/share/code/resources/app/out/vs/code/node/sharedProcess/sharedProcessMain.js:23:4754)
    at y.q (/usr/share/code/resources/app/out/vs/code/node/sharedProcess/sharedProcessMain.js:23:4177)
    at a.value (/usr/share/code/resources/app/out/vs/code/node/sharedProcess/sharedProcessMain.js:23:3577)
    at p.w (/usr/share/code/resources/app/out/vs/code/node/sharedProcess/sharedProcessMain.js:18:1902)
    at p.x (/usr/share/code/resources/app/out/vs/code/node/sharedProcess/sharedProcessMain.js:18:1972)
    at p.fire (/usr/share/code/resources/app/out/vs/code/node/sharedProcess/sharedProcessMain.js:18:2188)
    at MessagePortMain.oe (/usr/share/code/resources/app/out/vs/code/node/sharedProcess/sharedProcessMain.js:16:40476)
    at MessagePortMain.emit (node:events:513:28)
    at MessagePortMain._internalPort.emit (node:electron/js2c/utility_init:2:367)
2023-08-11 15:50:25.603 [error] [uncaught exception in sharedProcess]: Cannot read properties of undefined (reading 'then'): TypeError: Cannot read properties of undefined (reading 'then')
    at y.s (/usr/share/code/resources/app/out/vs/code/node/sharedProcess/sharedProcessMain.js:23:4754)
    at y.q (/usr/share/code/resources/app/out/vs/code/node/sharedProcess/sharedProcessMain.js:23:4177)
    at a.value (/usr/share/code/resources/app/out/vs/code/node/sharedProcess/sharedProcessMain.js:23:3577)
    at p.w (/usr/share/code/resources/app/out/vs/code/node/sharedProcess/sharedProcessMain.js:18:1902)
    at p.x (/usr/share/code/resources/app/out/vs/code/node/sharedProcess/sharedProcessMain.js:18:1972)
    at p.fire (/usr/share/code/resources/app/out/vs/code/node/sharedProcess/sharedProcessMain.js:18:2188)
    at MessagePortMain.oe (/usr/share/code/resources/app/out/vs/code/node/sharedProcess/sharedProcessMain.js:16:40476)
    at MessagePortMain.emit (node:events:513:28)
    at MessagePortMain._internalPort.emit (node:electron/js2c/utility_init:2:367)
2023-08-11 15:50:31.508 [error] [uncaught exception in sharedProcess]: Cannot read properties of undefined (reading 'then'): TypeError: Cannot read properties of undefined (reading 'then')
    at y.s (/usr/share/code/resources/app/out/vs/code/node/sharedProcess/sharedProcessMain.js:23:4754)
    at y.q (/usr/share/code/resources/app/out/vs/code/node/sharedProcess/sharedProcessMain.js:23:4177)
    at a.value (/usr/share/code/resources/app/out/vs/code/node/sharedProcess/sharedProcessMain.js:23:3577)
    at p.w (/usr/share/code/resources/app/out/vs/code/node/sharedProcess/sharedProcessMain.js:18:1902)
    at p.x (/usr/share/code/resources/app/out/vs/code/node/sharedProcess/sharedProcessMain.js:18:1972)
    at p.fire (/usr/share/code/resources/app/out/vs/code/node/sharedProcess/sharedProcessMain.js:18:2188)
    at MessagePortMain.oe (/usr/share/code/resources/app/out/vs/code/node/sharedProcess/sharedProcessMain.js:16:40476)
    at MessagePortMain.emit (node:events:513:28)
    at MessagePortMain._internalPort.emit (node:electron/js2c/utility_init:2:367)
2023-08-11 15:50:31.508 [error] [uncaught exception in sharedProcess]: Cannot read properties of undefined (reading 'then'): TypeError: Cannot read properties of undefined (reading 'then')
    at y.s (/usr/share/code/resources/app/out/vs/code/node/sharedProcess/sharedProcessMain.js:23:4754)
    at y.q (/usr/share/code/resources/app/out/vs/code/node/sharedProcess/sharedProcessMain.js:23:4177)
    at a.value (/usr/share/code/resources/app/out/vs/code/node/sharedProcess/sharedProcessMain.js:23:3577)
    at p.w (/usr/share/code/resources/app/out/vs/code/node/sharedProcess/sharedProcessMain.js:18:1902)
    at p.x (/usr/share/code/resources/app/out/vs/code/node/sharedProcess/sharedProcessMain.js:18:1972)
    at p.fire (/usr/share/code/resources/app/out/vs/code/node/sharedProcess/sharedProcessMain.js:18:2188)
    at MessagePortMain.oe (/usr/share/code/resources/app/out/vs/code/node/sharedProcess/sharedProcessMain.js:16:40476)
    at MessagePortMain.emit (node:events:513:28)
    at MessagePortMain._internalPort.emit (node:electron/js2c/utility_init:2:367)
2023-08-11 15:51:09.835 [error] [uncaught exception in sharedProcess]: Cannot read properties of undefined (reading 'then'): TypeError: Cannot read properties of undefined (reading 'then')
    at y.s (/usr/share/code/resources/app/out/vs/code/node/sharedProcess/sharedProcessMain.js:23:4754)
    at y.q (/usr/share/code/resources/app/out/vs/code/node/sharedProcess/sharedProcessMain.js:23:4177)
    at a.value (/usr/share/code/resources/app/out/vs/code/node/sharedProcess/sharedProcessMain.js:23:3577)
    at p.w (/usr/share/code/resources/app/out/vs/code/node/sharedProcess/sharedProcessMain.js:18:1902)
    at p.x (/usr/share/code/resources/app/out/vs/code/node/sharedProcess/sharedProcessMain.js:18:1972)
    at p.fire (/usr/share/code/resources/app/out/vs/code/node/sharedProcess/sharedProcessMain.js:18:2188)
    at MessagePortMain.oe (/usr/share/code/resources/app/out/vs/code/node/sharedProcess/sharedProcessMain.js:16:40476)
    at MessagePortMain.emit (node:events:513:28)
    at MessagePortMain._internalPort.emit (node:electron/js2c/utility_init:2:367)
