2023-08-13 21:21:53.006 [info] Log level: Info
2023-08-13 21:21:53.006 [info] Validating found git in: "git"
2023-08-13 21:21:53.006 [info] Using git "2.37.2" from "git"
2023-08-13 21:21:53.006 [info] > git rev-parse --show-toplevel [4ms]
2023-08-13 21:21:53.006 [info] > git rev-parse --git-dir --git-common-dir [1ms]
2023-08-13 21:21:53.006 [info] Open repository: /home/limhs/vscode_todo
2023-08-13 21:21:53.006 [info] > git rev-parse --show-toplevel [15ms]
2023-08-13 21:21:53.006 [info] > git rev-parse --show-toplevel [7ms]
2023-08-13 21:21:53.006 [info] > git config --get commit.template [17ms]
2023-08-13 21:21:53.006 [info] > git rev-parse --show-toplevel [3ms]
2023-08-13 21:21:53.006 [info] > git rev-parse --show-toplevel [7ms]
2023-08-13 21:21:53.006 [info] > git rev-parse --show-toplevel [4ms]
2023-08-13 21:21:53.006 [info] > git for-each-ref --format=%(refname)%00%(upstream:short)%00%(objectname)%00%(upstream:track)%00%(upstream:remotename)%00%(upstream:remoteref) refs/heads/main refs/remotes/main [16ms]
2023-08-13 21:21:53.006 [info] > git rev-parse --show-toplevel [8ms]
2023-08-13 21:21:53.007 [info] > git rev-parse --show-toplevel [3ms]
2023-08-13 21:21:53.013 [info] > git status -z -uall [13ms]
2023-08-13 21:21:53.013 [info] > git rev-parse --show-toplevel [2ms]
2023-08-13 21:21:53.123 [info] > git rev-parse --show-toplevel [105ms]
2023-08-13 21:21:53.129 [info] > git config --get commit.template [7ms]
2023-08-13 21:21:53.137 [info] > git rev-parse --show-toplevel [9ms]
2023-08-13 21:21:53.150 [info] > git for-each-ref --format=%(refname)%00%(upstream:short)%00%(objectname)%00%(upstream:track)%00%(upstream:remotename)%00%(upstream:remoteref) refs/heads/main refs/remotes/main [4ms]
2023-08-13 21:21:53.155 [info] > git rev-parse --show-toplevel [14ms]
2023-08-13 21:21:53.164 [info] > git status -z -uall [9ms]
2023-08-13 21:21:53.181 [info] > git rev-parse --show-toplevel [19ms]
2023-08-13 21:21:53.187 [info] > git rev-parse --show-toplevel [1ms]
2023-08-13 21:21:53.196 [info] > git rev-parse --show-toplevel [5ms]
2023-08-13 21:21:53.203 [info] > git rev-parse --show-toplevel [2ms]
2023-08-13 21:21:53.208 [info] > git rev-parse --show-toplevel [1ms]
2023-08-13 21:21:53.216 [info] > git rev-parse --show-toplevel [1ms]
2023-08-13 21:21:53.227 [info] > git rev-parse --show-toplevel [6ms]
2023-08-13 21:21:53.232 [info] > git rev-parse --show-toplevel [0ms]
2023-08-13 21:21:53.238 [info] > git rev-parse --show-toplevel [1ms]
2023-08-13 21:21:53.242 [info] > git rev-parse --show-toplevel [1ms]
2023-08-13 21:21:53.246 [info] > git rev-parse --show-toplevel [0ms]
2023-08-13 21:21:53.251 [info] > git rev-parse --show-toplevel [1ms]
2023-08-13 21:21:53.491 [info] > git check-ignore -v -z --stdin [1ms]
2023-08-13 21:21:53.704 [info] > git show --textconv :app/models/account.model.js [5ms]
2023-08-13 21:21:53.705 [info] > git ls-files --stage -- /home/limhs/vscode_todo/app/models/account.model.js [1ms]
2023-08-13 21:21:56.200 [info] > git config --get commit.template [3ms]
2023-08-13 21:21:56.201 [info] > git for-each-ref --format=%(refname)%00%(upstream:short)%00%(objectname)%00%(upstream:track)%00%(upstream:remotename)%00%(upstream:remoteref) refs/heads/main refs/remotes/main [1ms]
2023-08-13 21:21:56.208 [info] > git status -z -uall [5ms]
2023-08-13 21:22:01.221 [info] > git config --get commit.template [1ms]
2023-08-13 21:22:01.224 [info] > git for-each-ref --format=%(refname)%00%(upstream:short)%00%(objectname)%00%(upstream:track)%00%(upstream:remotename)%00%(upstream:remoteref) refs/heads/main refs/remotes/main [0ms]
2023-08-13 21:22:01.233 [info] > git status -z -uall [5ms]
