2023-08-13 21:20:36.360 [error] [uncaught exception in sharedProcess]: Cannot read properties of undefined (reading 'then'): TypeError: Cannot read properties of undefined (reading 'then')
    at y.s (/usr/share/code/resources/app/out/vs/code/node/sharedProcess/sharedProcessMain.js:23:4754)
    at y.q (/usr/share/code/resources/app/out/vs/code/node/sharedProcess/sharedProcessMain.js:23:4177)
    at a.value (/usr/share/code/resources/app/out/vs/code/node/sharedProcess/sharedProcessMain.js:23:3577)
    at p.w (/usr/share/code/resources/app/out/vs/code/node/sharedProcess/sharedProcessMain.js:18:1902)
    at p.x (/usr/share/code/resources/app/out/vs/code/node/sharedProcess/sharedProcessMain.js:18:1972)
    at p.fire (/usr/share/code/resources/app/out/vs/code/node/sharedProcess/sharedProcessMain.js:18:2188)
    at MessagePortMain.oe (/usr/share/code/resources/app/out/vs/code/node/sharedProcess/sharedProcessMain.js:16:40476)
    at MessagePortMain.emit (node:events:513:28)
    at MessagePortMain._internalPort.emit (node:electron/js2c/utility_init:2:367)
2023-08-13 21:20:41.335 [error] [uncaught exception in sharedProcess]: Cannot read properties of undefined (reading 'then'): TypeError: Cannot read properties of undefined (reading 'then')
    at y.s (/usr/share/code/resources/app/out/vs/code/node/sharedProcess/sharedProcessMain.js:23:4754)
    at y.q (/usr/share/code/resources/app/out/vs/code/node/sharedProcess/sharedProcessMain.js:23:4177)
    at a.value (/usr/share/code/resources/app/out/vs/code/node/sharedProcess/sharedProcessMain.js:23:3577)
    at p.w (/usr/share/code/resources/app/out/vs/code/node/sharedProcess/sharedProcessMain.js:18:1902)
    at p.x (/usr/share/code/resources/app/out/vs/code/node/sharedProcess/sharedProcessMain.js:18:1972)
    at p.fire (/usr/share/code/resources/app/out/vs/code/node/sharedProcess/sharedProcessMain.js:18:2188)
    at MessagePortMain.oe (/usr/share/code/resources/app/out/vs/code/node/sharedProcess/sharedProcessMain.js:16:40476)
    at MessagePortMain.emit (node:events:513:28)
    at MessagePortMain._internalPort.emit (node:electron/js2c/utility_init:2:367)
2023-08-13 21:20:41.585 [error] [uncaught exception in sharedProcess]: Cannot read properties of undefined (reading 'then'): TypeError: Cannot read properties of undefined (reading 'then')
    at y.s (/usr/share/code/resources/app/out/vs/code/node/sharedProcess/sharedProcessMain.js:23:4754)
    at y.q (/usr/share/code/resources/app/out/vs/code/node/sharedProcess/sharedProcessMain.js:23:4177)
    at a.value (/usr/share/code/resources/app/out/vs/code/node/sharedProcess/sharedProcessMain.js:23:3577)
    at p.w (/usr/share/code/resources/app/out/vs/code/node/sharedProcess/sharedProcessMain.js:18:1902)
    at p.x (/usr/share/code/resources/app/out/vs/code/node/sharedProcess/sharedProcessMain.js:18:1972)
    at p.fire (/usr/share/code/resources/app/out/vs/code/node/sharedProcess/sharedProcessMain.js:18:2188)
    at MessagePortMain.oe (/usr/share/code/resources/app/out/vs/code/node/sharedProcess/sharedProcessMain.js:16:40476)
    at MessagePortMain.emit (node:events:513:28)
    at MessagePortMain._internalPort.emit (node:electron/js2c/utility_init:2:367)
2023-08-13 21:20:41.596 [error] [uncaught exception in sharedProcess]: Cannot read properties of undefined (reading 'then'): TypeError: Cannot read properties of undefined (reading 'then')
    at y.s (/usr/share/code/resources/app/out/vs/code/node/sharedProcess/sharedProcessMain.js:23:4754)
    at y.q (/usr/share/code/resources/app/out/vs/code/node/sharedProcess/sharedProcessMain.js:23:4177)
    at a.value (/usr/share/code/resources/app/out/vs/code/node/sharedProcess/sharedProcessMain.js:23:3577)
    at p.w (/usr/share/code/resources/app/out/vs/code/node/sharedProcess/sharedProcessMain.js:18:1902)
    at p.x (/usr/share/code/resources/app/out/vs/code/node/sharedProcess/sharedProcessMain.js:18:1972)
    at p.fire (/usr/share/code/resources/app/out/vs/code/node/sharedProcess/sharedProcessMain.js:18:2188)
    at MessagePortMain.oe (/usr/share/code/resources/app/out/vs/code/node/sharedProcess/sharedProcessMain.js:16:40476)
    at MessagePortMain.emit (node:events:513:28)
    at MessagePortMain._internalPort.emit (node:electron/js2c/utility_init:2:367)
2023-08-13 21:20:50.314 [error] [uncaught exception in sharedProcess]: Cannot read properties of undefined (reading 'then'): TypeError: Cannot read properties of undefined (reading 'then')
    at y.s (/usr/share/code/resources/app/out/vs/code/node/sharedProcess/sharedProcessMain.js:23:4754)
    at y.q (/usr/share/code/resources/app/out/vs/code/node/sharedProcess/sharedProcessMain.js:23:4177)
    at a.value (/usr/share/code/resources/app/out/vs/code/node/sharedProcess/sharedProcessMain.js:23:3577)
    at p.w (/usr/share/code/resources/app/out/vs/code/node/sharedProcess/sharedProcessMain.js:18:1902)
    at p.x (/usr/share/code/resources/app/out/vs/code/node/sharedProcess/sharedProcessMain.js:18:1972)
    at p.fire (/usr/share/code/resources/app/out/vs/code/node/sharedProcess/sharedProcessMain.js:18:2188)
    at MessagePortMain.oe (/usr/share/code/resources/app/out/vs/code/node/sharedProcess/sharedProcessMain.js:16:40476)
    at MessagePortMain.emit (node:events:513:28)
    at MessagePortMain._internalPort.emit (node:electron/js2c/utility_init:2:367)
2023-08-13 21:20:50.792 [error] [uncaught exception in sharedProcess]: Cannot read properties of undefined (reading 'then'): TypeError: Cannot read properties of undefined (reading 'then')
    at y.s (/usr/share/code/resources/app/out/vs/code/node/sharedProcess/sharedProcessMain.js:23:4754)
    at y.q (/usr/share/code/resources/app/out/vs/code/node/sharedProcess/sharedProcessMain.js:23:4177)
    at a.value (/usr/share/code/resources/app/out/vs/code/node/sharedProcess/sharedProcessMain.js:23:3577)
    at p.w (/usr/share/code/resources/app/out/vs/code/node/sharedProcess/sharedProcessMain.js:18:1902)
    at p.x (/usr/share/code/resources/app/out/vs/code/node/sharedProcess/sharedProcessMain.js:18:1972)
    at p.fire (/usr/share/code/resources/app/out/vs/code/node/sharedProcess/sharedProcessMain.js:18:2188)
    at MessagePortMain.oe (/usr/share/code/resources/app/out/vs/code/node/sharedProcess/sharedProcessMain.js:16:40476)
    at MessagePortMain.emit (node:events:513:28)
    at MessagePortMain._internalPort.emit (node:electron/js2c/utility_init:2:367)
2023-08-13 21:20:52.884 [error] [uncaught exception in sharedProcess]: Cannot read properties of undefined (reading 'then'): TypeError: Cannot read properties of undefined (reading 'then')
    at y.s (/usr/share/code/resources/app/out/vs/code/node/sharedProcess/sharedProcessMain.js:23:4754)
    at y.q (/usr/share/code/resources/app/out/vs/code/node/sharedProcess/sharedProcessMain.js:23:4177)
    at a.value (/usr/share/code/resources/app/out/vs/code/node/sharedProcess/sharedProcessMain.js:23:3577)
    at p.w (/usr/share/code/resources/app/out/vs/code/node/sharedProcess/sharedProcessMain.js:18:1902)
    at p.x (/usr/share/code/resources/app/out/vs/code/node/sharedProcess/sharedProcessMain.js:18:1972)
    at p.fire (/usr/share/code/resources/app/out/vs/code/node/sharedProcess/sharedProcessMain.js:18:2188)
    at MessagePortMain.oe (/usr/share/code/resources/app/out/vs/code/node/sharedProcess/sharedProcessMain.js:16:40476)
    at MessagePortMain.emit (node:events:513:28)
    at MessagePortMain._internalPort.emit (node:electron/js2c/utility_init:2:367)
