2023-08-11 19:08:46.678 [info] Extension host with pid 37918 started
2023-08-11 19:08:46.678 [info] Skipping acquiring lock for /home/limhs/vscode_todo/User/workspaceStorage/6a01f42f61fba60acdf74638b3df3be2.
2023-08-11 19:08:46.770 [info] ExtensionService#_doActivateExtension vscode.typescript-language-features, startup: false, activationEvent: 'onLanguage:javascript'
2023-08-11 19:08:46.779 [info] ExtensionService#_doActivateExtension vscode.emmet, startup: false, activationEvent: 'onLanguage'
2023-08-11 19:08:46.959 [info] ExtensionService#_doActivateExtension vscode.git-base, startup: true, activationEvent: '*', root cause: vscode.git
2023-08-11 19:08:46.960 [info] ExtensionService#_doActivateExtension vscode.npm, startup: true, activationEvent: 'workspaceContains:package.json'
2023-08-11 19:08:47.044 [info] ExtensionService#_doActivateExtension vscode.git, startup: true, activationEvent: '*'
2023-08-11 19:08:47.066 [info] ExtensionService#_doActivateExtension vscode.github, startup: true, activationEvent: '*'
2023-08-11 19:08:47.162 [info] Eager extensions activated
2023-08-11 19:08:47.211 [warning] [Decorations] CAPPING events from decorations provider vscode.git 1582
2023-08-11 19:08:47.232 [info] ExtensionService#_doActivateExtension vscode.debug-auto-launch, startup: false, activationEvent: 'onStartupFinished'
2023-08-11 19:08:47.234 [info] ExtensionService#_doActivateExtension vscode.merge-conflict, startup: false, activationEvent: 'onStartupFinished'
2023-08-11 19:08:47.591 [info] ExtensionService#_doActivateExtension vscode.github-authentication, startup: false, activationEvent: 'onAuthenticationRequest:github'
2023-08-11 19:08:47.616 [info] ExtensionService#_doActivateExtension vscode.microsoft-authentication, startup: false, activationEvent: 'onAuthenticationRequest:microsoft'
2023-08-11 19:08:50.888 [warning] [Decorations] CAPPING events from decorations provider vscode.git 1588
2023-08-11 19:08:51.469 [info] ExtensionService#_doActivateExtension vscode.debug-server-ready, startup: false, activationEvent: 'onDebugResolve'
2023-08-11 19:08:51.471 [info] ExtensionService#_doActivateExtension ms-vscode.js-debug, startup: false, activationEvent: 'onDebugResolve:node'
2023-08-11 19:08:55.920 [warning] [Decorations] CAPPING events from decorations provider vscode.git 1588
2023-08-11 19:09:02.422 [warning] [Decorations] CAPPING events from decorations provider vscode.git 1588
2023-08-11 19:09:07.449 [warning] [Decorations] CAPPING events from decorations provider vscode.git 1588
2023-08-11 19:09:12.482 [warning] [Decorations] CAPPING events from decorations provider vscode.git 1588
2023-08-11 19:09:17.513 [warning] [Decorations] CAPPING events from decorations provider vscode.git 1588
2023-08-11 19:09:22.544 [warning] [Decorations] CAPPING events from decorations provider vscode.git 1589
2023-08-11 19:09:27.571 [warning] [Decorations] CAPPING events from decorations provider vscode.git 1589
2023-08-11 19:09:32.613 [warning] [Decorations] CAPPING events from decorations provider vscode.git 1589
2023-08-11 19:09:37.642 [warning] [Decorations] CAPPING events from decorations provider vscode.git 1589
2023-08-11 19:09:42.673 [warning] [Decorations] CAPPING events from decorations provider vscode.git 1590
2023-08-11 19:09:49.569 [warning] [Decorations] CAPPING events from decorations provider vscode.git 1589
2023-08-11 19:09:54.598 [warning] [Decorations] CAPPING events from decorations provider vscode.git 1589
2023-08-11 19:09:59.628 [warning] [Decorations] CAPPING events from decorations provider vscode.git 1589
2023-08-11 19:10:04.661 [warning] [Decorations] CAPPING events from decorations provider vscode.git 1589
2023-08-11 19:10:10.022 [warning] [Decorations] CAPPING events from decorations provider vscode.git 1589
2023-08-11 19:10:15.062 [warning] [Decorations] CAPPING events from decorations provider vscode.git 1589
2023-08-11 19:10:20.092 [warning] [Decorations] CAPPING events from decorations provider vscode.git 1589
2023-08-11 19:10:25.118 [warning] [Decorations] CAPPING events from decorations provider vscode.git 1589
2023-08-11 19:10:30.148 [warning] [Decorations] CAPPING events from decorations provider vscode.git 1589
2023-08-11 19:10:35.174 [warning] [Decorations] CAPPING events from decorations provider vscode.git 1589
2023-08-11 19:10:40.201 [warning] [Decorations] CAPPING events from decorations provider vscode.git 1589
2023-08-11 19:10:45.230 [warning] [Decorations] CAPPING events from decorations provider vscode.git 1589
2023-08-11 19:10:50.259 [warning] [Decorations] CAPPING events from decorations provider vscode.git 1589
2023-08-11 19:10:55.292 [warning] [Decorations] CAPPING events from decorations provider vscode.git 1589
2023-08-11 19:11:00.319 [warning] [Decorations] CAPPING events from decorations provider vscode.git 1589
2023-08-11 19:11:05.345 [warning] [Decorations] CAPPING events from decorations provider vscode.git 1589
2023-08-11 19:11:10.382 [warning] [Decorations] CAPPING events from decorations provider vscode.git 1589
2023-08-11 19:11:15.408 [warning] [Decorations] CAPPING events from decorations provider vscode.git 1589
2023-08-11 19:11:20.437 [warning] [Decorations] CAPPING events from decorations provider vscode.git 1589
2023-08-11 19:11:25.465 [warning] [Decorations] CAPPING events from decorations provider vscode.git 1589
2023-08-11 19:11:30.497 [warning] [Decorations] CAPPING events from decorations provider vscode.git 1589
2023-08-11 19:11:35.528 [warning] [Decorations] CAPPING events from decorations provider vscode.git 1589
2023-08-11 19:11:40.558 [warning] [Decorations] CAPPING events from decorations provider vscode.git 1589
2023-08-11 19:11:45.594 [warning] [Decorations] CAPPING events from decorations provider vscode.git 1589
2023-08-11 19:11:50.630 [warning] [Decorations] CAPPING events from decorations provider vscode.git 1589
2023-08-11 19:11:55.656 [warning] [Decorations] CAPPING events from decorations provider vscode.git 1589
2023-08-11 19:12:00.684 [warning] [Decorations] CAPPING events from decorations provider vscode.git 1589
2023-08-11 19:12:05.712 [warning] [Decorations] CAPPING events from decorations provider vscode.git 1589
2023-08-11 19:12:10.741 [warning] [Decorations] CAPPING events from decorations provider vscode.git 1589
2023-08-11 19:12:15.765 [warning] [Decorations] CAPPING events from decorations provider vscode.git 1589
2023-08-11 19:12:20.790 [warning] [Decorations] CAPPING events from decorations provider vscode.git 1589
2023-08-11 19:12:25.817 [warning] [Decorations] CAPPING events from decorations provider vscode.git 1589
2023-08-11 19:12:30.858 [warning] [Decorations] CAPPING events from decorations provider vscode.git 1590
2023-08-11 19:12:42.216 [warning] [Decorations] CAPPING events from decorations provider vscode.git 1590
2023-08-11 19:12:47.263 [warning] [Decorations] CAPPING events from decorations provider vscode.git 1590
2023-08-11 19:12:52.294 [warning] [Decorations] CAPPING events from decorations provider vscode.git 1591
2023-08-11 19:12:57.319 [warning] [Decorations] CAPPING events from decorations provider vscode.git 1591
2023-08-11 19:13:02.355 [warning] [Decorations] CAPPING events from decorations provider vscode.git 1591
2023-08-11 19:13:42.372 [warning] [Decorations] CAPPING events from decorations provider vscode.git 1591
2023-08-11 19:13:47.407 [warning] [Decorations] CAPPING events from decorations provider vscode.git 1591
2023-08-11 19:13:52.432 [warning] [Decorations] CAPPING events from decorations provider vscode.git 1591
2023-08-11 19:13:57.461 [warning] [Decorations] CAPPING events from decorations provider vscode.git 1591
2023-08-11 19:14:02.489 [warning] [Decorations] CAPPING events from decorations provider vscode.git 1591
2023-08-11 19:14:07.514 [warning] [Decorations] CAPPING events from decorations provider vscode.git 1591
2023-08-11 19:14:12.538 [warning] [Decorations] CAPPING events from decorations provider vscode.git 1591
2023-08-11 19:14:17.563 [warning] [Decorations] CAPPING events from decorations provider vscode.git 1592
2023-08-11 19:14:22.588 [warning] [Decorations] CAPPING events from decorations provider vscode.git 1592
2023-08-11 19:14:28.239 [warning] [Decorations] CAPPING events from decorations provider vscode.git 1592
2023-08-11 19:14:37.006 [warning] [Decorations] CAPPING events from decorations provider vscode.git 1592
2023-08-11 19:14:46.797 [warning] [Decorations] CAPPING events from decorations provider vscode.git 1593
2023-08-11 19:14:52.960 [warning] [Decorations] CAPPING events from decorations provider vscode.git 1593
2023-08-11 19:15:22.806 [warning] [Decorations] CAPPING events from decorations provider vscode.git 1593
2023-08-11 19:15:27.830 [warning] [Decorations] CAPPING events from decorations provider vscode.git 1593
2023-08-11 19:15:32.855 [warning] [Decorations] CAPPING events from decorations provider vscode.git 1593
2023-08-11 19:15:37.885 [warning] [Decorations] CAPPING events from decorations provider vscode.git 1593
2023-08-11 19:15:42.909 [warning] [Decorations] CAPPING events from decorations provider vscode.git 1593
2023-08-11 19:15:47.932 [warning] [Decorations] CAPPING events from decorations provider vscode.git 1593
2023-08-11 19:18:26.691 [warning] [Decorations] CAPPING events from decorations provider vscode.git 1593
2023-08-11 19:18:27.460 [info] Extension host terminating: renderer closed the MessagePort
2023-08-11 19:18:27.471 [error] Canceled: Canceled
	at new h (/usr/share/code/resources/app/out/vs/workbench/api/node/extensionHostProcess.js:99:42413)
	at t.O (/usr/share/code/resources/app/out/vs/workbench/api/node/extensionHostProcess.js:111:11236)
	at U.<computed>.q.charCodeAt.U.<computed> (/usr/share/code/resources/app/out/vs/workbench/api/node/extensionHostProcess.js:111:8675)
	at e.$vL.g (/usr/share/code/resources/app/out/vs/workbench/api/node/extensionHostProcess.js:99:63549)
	at e.$vL.executeCommand (/usr/share/code/resources/app/out/vs/workbench/api/node/extensionHostProcess.js:99:62973)
	at P.registerCommand.description (/usr/share/code/resources/app/out/vs/workbench/api/node/extensionHostProcess.js:99:62280)
	at e.$vL.h (/usr/share/code/resources/app/out/vs/workbench/api/node/extensionHostProcess.js:99:64085)
	at e.$vL.g (/usr/share/code/resources/app/out/vs/workbench/api/node/extensionHostProcess.js:99:63073)
	at e.$vL.executeCommand (/usr/share/code/resources/app/out/vs/workbench/api/node/extensionHostProcess.js:99:62973)
	at Object.executeCommand (/usr/share/code/resources/app/out/vs/workbench/api/node/extensionHostProcess.js:117:20971)
	at i.D [as value] (/usr/share/code/resources/app/extensions/git/dist/main.js:2:1260424)
	at p.w (/usr/share/code/resources/app/out/vs/workbench/api/node/extensionHostProcess.js:60:1902)
	at p.x (/usr/share/code/resources/app/out/vs/workbench/api/node/extensionHostProcess.js:60:1972)
	at p.fire (/usr/share/code/resources/app/out/vs/workbench/api/node/extensionHostProcess.js:60:2188)
	at Object.m [as dispose] (/usr/share/code/resources/app/extensions/git/dist/main.js:2:1275972)
	at /usr/share/code/resources/app/extensions/git/dist/main.js:2:1280539
	at Array.forEach (<anonymous>)
	at g.dispose (/usr/share/code/resources/app/extensions/git/dist/main.js:2:1280525)
	at o.<anonymous> (/usr/share/code/resources/app/out/vs/workbench/api/node/extensionHostProcess.js:95:4162)
	at o.dispose (/usr/share/code/resources/app/out/vs/workbench/api/node/extensionHostProcess.js:95:4297)
	at o.<anonymous> (/usr/share/code/resources/app/extensions/git/dist/main.js:2:1262437)
	at o.dispose (/usr/share/code/resources/app/out/vs/workbench/api/node/extensionHostProcess.js:95:4297)
	at S (/usr/share/code/resources/app/out/vs/workbench/api/node/extensionHostProcess.js:10:11731)
	at i.Z (/usr/share/code/resources/app/out/vs/workbench/api/node/extensionHostProcess.js:113:10370)
	at /usr/share/code/resources/app/out/vs/workbench/api/node/extensionHostProcess.js:113:8332
	at Array.map (<anonymous>)
	at i.S (/usr/share/code/resources/app/out/vs/workbench/api/node/extensionHostProcess.js:113:8319)
	at i.terminate (/usr/share/code/resources/app/out/vs/workbench/api/node/extensionHostProcess.js:113:8591)
	at u.terminate (/usr/share/code/resources/app/out/vs/workbench/api/node/extensionHostProcess.js:117:1532)
	at E (/usr/share/code/resources/app/out/vs/workbench/api/node/extensionHostProcess.js:127:32236)
	at MessagePortMain.<anonymous> (/usr/share/code/resources/app/out/vs/workbench/api/node/extensionHostProcess.js:127:28665)
	at MessagePortMain.emit (node:events:513:28)
	at MessagePortMain._internalPort.emit (node:electron/js2c/utility_init:2:367) setContext undefined
2023-08-11 19:18:27.472 [error] Canceled: Canceled
	at new h (/usr/share/code/resources/app/out/vs/workbench/api/node/extensionHostProcess.js:99:42413)
	at t.O (/usr/share/code/resources/app/out/vs/workbench/api/node/extensionHostProcess.js:111:11236)
	at U.<computed>.q.charCodeAt.U.<computed> (/usr/share/code/resources/app/out/vs/workbench/api/node/extensionHostProcess.js:111:8675)
	at e.$vL.g (/usr/share/code/resources/app/out/vs/workbench/api/node/extensionHostProcess.js:99:63549)
	at e.$vL.executeCommand (/usr/share/code/resources/app/out/vs/workbench/api/node/extensionHostProcess.js:99:62973)
	at P.registerCommand.description (/usr/share/code/resources/app/out/vs/workbench/api/node/extensionHostProcess.js:99:62280)
	at e.$vL.h (/usr/share/code/resources/app/out/vs/workbench/api/node/extensionHostProcess.js:99:64085)
	at e.$vL.g (/usr/share/code/resources/app/out/vs/workbench/api/node/extensionHostProcess.js:99:63073)
	at e.$vL.executeCommand (/usr/share/code/resources/app/out/vs/workbench/api/node/extensionHostProcess.js:99:62973)
	at Object.executeCommand (/usr/share/code/resources/app/out/vs/workbench/api/node/extensionHostProcess.js:117:20971)
	at set b [as b] (/usr/share/code/resources/app/extensions/github/dist/extension.js:2:675669)
	at /usr/share/code/resources/app/extensions/github/dist/extension.js:2:676313
	at i.value (/usr/share/code/resources/app/extensions/git/dist/main.js:2:1347255)
	at p.w (/usr/share/code/resources/app/out/vs/workbench/api/node/extensionHostProcess.js:60:1902)
	at p.x (/usr/share/code/resources/app/out/vs/workbench/api/node/extensionHostProcess.js:60:1972)
	at p.fire (/usr/share/code/resources/app/out/vs/workbench/api/node/extensionHostProcess.js:60:2188)
	at Object.m [as dispose] (/usr/share/code/resources/app/extensions/git/dist/main.js:2:1275972)
	at /usr/share/code/resources/app/extensions/git/dist/main.js:2:1280539
	at Array.forEach (<anonymous>)
	at g.dispose (/usr/share/code/resources/app/extensions/git/dist/main.js:2:1280525)
	at o.<anonymous> (/usr/share/code/resources/app/out/vs/workbench/api/node/extensionHostProcess.js:95:4162)
	at o.dispose (/usr/share/code/resources/app/out/vs/workbench/api/node/extensionHostProcess.js:95:4297)
	at o.<anonymous> (/usr/share/code/resources/app/extensions/git/dist/main.js:2:1262437)
	at o.dispose (/usr/share/code/resources/app/out/vs/workbench/api/node/extensionHostProcess.js:95:4297)
	at S (/usr/share/code/resources/app/out/vs/workbench/api/node/extensionHostProcess.js:10:11731)
	at i.Z (/usr/share/code/resources/app/out/vs/workbench/api/node/extensionHostProcess.js:113:10370)
	at /usr/share/code/resources/app/out/vs/workbench/api/node/extensionHostProcess.js:113:8332
	at Array.map (<anonymous>)
	at i.S (/usr/share/code/resources/app/out/vs/workbench/api/node/extensionHostProcess.js:113:8319)
	at i.terminate (/usr/share/code/resources/app/out/vs/workbench/api/node/extensionHostProcess.js:113:8591)
	at u.terminate (/usr/share/code/resources/app/out/vs/workbench/api/node/extensionHostProcess.js:117:1532)
	at E (/usr/share/code/resources/app/out/vs/workbench/api/node/extensionHostProcess.js:127:32236)
	at MessagePortMain.<anonymous> (/usr/share/code/resources/app/out/vs/workbench/api/node/extensionHostProcess.js:127:28665)
	at MessagePortMain.emit (node:events:513:28)
	at MessagePortMain._internalPort.emit (node:electron/js2c/utility_init:2:367) setContext undefined
2023-08-11 19:18:27.472 [info] Extension host with pid 37918 exiting with code 0
