2023-08-14 18:58:37.600 [info] Log level: Info
2023-08-14 18:58:37.600 [info] Validating found git in: "git"
2023-08-14 18:58:37.600 [info] Using git "2.37.2" from "git"
2023-08-14 18:58:37.600 [info] > git rev-parse --show-toplevel [35ms]
2023-08-14 18:58:37.600 [info] > git rev-parse --git-dir --git-common-dir [5ms]
2023-08-14 18:58:37.600 [info] Open repository: /home/limhs/vscode_todo
2023-08-14 18:58:37.600 [info] > git rev-parse --show-toplevel [12ms]
2023-08-14 18:58:37.600 [info] > git rev-parse --show-toplevel [6ms]
2023-08-14 18:58:37.600 [info] > git config --get commit.template [30ms]
2023-08-14 18:58:37.600 [info] > git rev-parse --show-toplevel [2ms]
2023-08-14 18:58:37.605 [info] > git rev-parse --show-toplevel [6ms]
2023-08-14 18:58:37.611 [info] > git rev-parse --show-toplevel [1ms]
2023-08-14 18:58:37.625 [info] > git for-each-ref --format=%(refname)%00%(upstream:short)%00%(objectname)%00%(upstream:track)%00%(upstream:remotename)%00%(upstream:remoteref) refs/heads/main refs/remotes/main [20ms]
2023-08-14 18:58:37.639 [info] > git rev-parse --show-toplevel [16ms]
2023-08-14 18:58:37.657 [info] > git status -z -uall [20ms]
2023-08-14 18:58:37.658 [info] > git rev-parse --show-toplevel [14ms]
2023-08-14 18:58:37.785 [info] > git rev-parse --show-toplevel [112ms]
2023-08-14 18:58:37.789 [info] > git rev-parse --show-toplevel [1ms]
2023-08-14 18:58:37.794 [info] > git config --get commit.template [12ms]
2023-08-14 18:58:37.796 [info] > git rev-parse --show-toplevel [1ms]
2023-08-14 18:58:38.095 [info] > git rev-parse --show-toplevel [296ms]
2023-08-14 18:58:38.116 [info] > git rev-parse --show-toplevel [14ms]
2023-08-14 18:58:38.144 [info] > git for-each-ref --format=%(refname)%00%(upstream:short)%00%(objectname)%00%(upstream:track)%00%(upstream:remotename)%00%(upstream:remoteref) refs/heads/main refs/remotes/main [50ms]
2023-08-14 18:58:38.243 [info] > git check-ignore -v -z --stdin [136ms]
2023-08-14 18:58:38.244 [info] > git status -z -uall [79ms]
2023-08-14 18:58:38.260 [info] > git rev-parse --show-toplevel [118ms]
2023-08-14 18:58:38.277 [info] > git rev-parse --show-toplevel [7ms]
2023-08-14 18:58:38.290 [info] > git rev-parse --show-toplevel [8ms]
2023-08-14 18:58:38.295 [info] > git rev-parse --show-toplevel [1ms]
2023-08-14 18:58:38.303 [info] > git rev-parse --show-toplevel [3ms]
2023-08-14 18:58:38.310 [info] > git rev-parse --show-toplevel [1ms]
2023-08-14 18:58:38.315 [info] > git rev-parse --show-toplevel [0ms]
2023-08-14 18:58:38.321 [info] > git rev-parse --show-toplevel [0ms]
2023-08-14 18:58:38.325 [info] > git rev-parse --show-toplevel [1ms]
2023-08-14 18:58:38.329 [info] > git rev-parse --show-toplevel [0ms]
2023-08-14 18:58:38.758 [info] > git show --textconv :app/models/account.model.js [7ms]
2023-08-14 18:58:38.759 [info] > git ls-files --stage -- /home/limhs/vscode_todo/app/models/account.model.js [2ms]
2023-08-14 18:58:40.464 [info] > git config --get commit.template [3ms]
2023-08-14 18:58:40.464 [info] > git for-each-ref --format=%(refname)%00%(upstream:short)%00%(objectname)%00%(upstream:track)%00%(upstream:remotename)%00%(upstream:remoteref) refs/heads/main refs/remotes/main [1ms]
2023-08-14 18:58:40.472 [info] > git status -z -uall [5ms]
2023-08-14 18:58:45.489 [info] > git config --get commit.template [1ms]
2023-08-14 18:58:45.494 [info] > git for-each-ref --format=%(refname)%00%(upstream:short)%00%(objectname)%00%(upstream:track)%00%(upstream:remotename)%00%(upstream:remoteref) refs/heads/main refs/remotes/main [1ms]
2023-08-14 18:58:45.504 [info] > git status -z -uall [5ms]
