2023-08-13 21:24:40.234 [info] Log level: Info
2023-08-13 21:24:40.234 [info] Validating found git in: "git"
2023-08-13 21:24:40.234 [info] Using git "2.37.2" from "git"
2023-08-13 21:24:40.234 [info] > git rev-parse --show-toplevel [2ms]
2023-08-13 21:24:40.234 [info] > git rev-parse --git-dir --git-common-dir [4ms]
2023-08-13 21:24:40.234 [info] Open repository: /home/limhs/vscode_todo
2023-08-13 21:24:40.234 [info] > git config --get commit.template [1ms]
2023-08-13 21:24:40.234 [info] > git rev-parse --show-toplevel [8ms]
2023-08-13 21:24:40.234 [info] > git rev-parse --show-toplevel [3ms]
2023-08-13 21:24:40.234 [info] > git rev-parse --show-toplevel [10ms]
2023-08-13 21:24:40.235 [info] > git rev-parse --show-toplevel [3ms]
2023-08-13 21:24:40.240 [info] > git for-each-ref --format=%(refname)%00%(upstream:short)%00%(objectname)%00%(upstream:track)%00%(upstream:remotename)%00%(upstream:remoteref) refs/heads/main refs/remotes/main [14ms]
2023-08-13 21:24:40.248 [info] > git rev-parse --show-toplevel [9ms]
2023-08-13 21:24:40.255 [info] > git status -z -uall [10ms]
2023-08-13 21:24:40.255 [info] > git rev-parse --show-toplevel [3ms]
2023-08-13 21:24:40.382 [info] > git rev-parse --show-toplevel [123ms]
2023-08-13 21:24:40.391 [info] > git rev-parse --show-toplevel [3ms]
2023-08-13 21:24:40.397 [info] > git config --get commit.template [14ms]
2023-08-13 21:24:40.415 [info] > git rev-parse --show-toplevel [19ms]
2023-08-13 21:24:40.431 [info] > git rev-parse --show-toplevel [9ms]
2023-08-13 21:24:40.441 [info] > git rev-parse --show-toplevel [5ms]
2023-08-13 21:24:40.446 [info] > git for-each-ref --format=%(refname)%00%(upstream:short)%00%(objectname)%00%(upstream:track)%00%(upstream:remotename)%00%(upstream:remoteref) refs/heads/main refs/remotes/main [17ms]
2023-08-13 21:24:40.453 [info] > git rev-parse --show-toplevel [7ms]
2023-08-13 21:24:40.461 [info] > git status -z -uall [9ms]
2023-08-13 21:24:40.461 [info] > git rev-parse --show-toplevel [3ms]
2023-08-13 21:24:40.477 [info] > git rev-parse --show-toplevel [11ms]
2023-08-13 21:24:40.482 [info] > git rev-parse --show-toplevel [1ms]
2023-08-13 21:24:40.488 [info] > git rev-parse --show-toplevel [1ms]
2023-08-13 21:24:40.494 [info] > git rev-parse --show-toplevel [2ms]
2023-08-13 21:24:40.498 [info] > git rev-parse --show-toplevel [0ms]
2023-08-13 21:24:40.503 [info] > git rev-parse --show-toplevel [1ms]
2023-08-13 21:24:40.510 [info] > git rev-parse --show-toplevel [2ms]
2023-08-13 21:24:40.516 [info] > git rev-parse --show-toplevel [2ms]
2023-08-13 21:24:40.522 [info] > git rev-parse --show-toplevel [0ms]
2023-08-13 21:24:40.760 [info] > git check-ignore -v -z --stdin [1ms]
2023-08-13 21:24:41.054 [info] > git show --textconv :app/models/account.model.js [4ms]
2023-08-13 21:24:41.055 [info] > git ls-files --stage -- /home/limhs/vscode_todo/app/models/account.model.js [1ms]
2023-08-13 21:24:43.350 [info] > git config --get commit.template [0ms]
2023-08-13 21:24:43.354 [info] > git for-each-ref --format=%(refname)%00%(upstream:short)%00%(objectname)%00%(upstream:track)%00%(upstream:remotename)%00%(upstream:remoteref) refs/heads/main refs/remotes/main [1ms]
2023-08-13 21:24:43.362 [info] > git status -z -uall [5ms]
2023-08-13 21:24:48.379 [info] > git config --get commit.template [1ms]
2023-08-13 21:24:48.383 [info] > git for-each-ref --format=%(refname)%00%(upstream:short)%00%(objectname)%00%(upstream:track)%00%(upstream:remotename)%00%(upstream:remoteref) refs/heads/main refs/remotes/main [1ms]
2023-08-13 21:24:48.392 [info] > git status -z -uall [5ms]
2023-08-13 21:24:51.203 [info] > git ls-files --stage -- /home/limhs/vscode_todo/app/models/naver_user.js [0ms]
2023-08-13 21:24:51.207 [info] > git show --textconv :app/models/naver_user.js [10ms]
2023-08-13 21:24:51.207 [info] > git cat-file -s 4ece78f09989b881856462f635317306278d80bc [1ms]
2023-08-13 21:24:51.665 [info] > git show --textconv :app/models/kakao_user.js [6ms]
2023-08-13 21:24:51.666 [info] > git ls-files --stage -- /home/limhs/vscode_todo/app/models/kakao_user.js [2ms]
2023-08-13 21:24:53.412 [info] > git config --get commit.template [0ms]
2023-08-13 21:24:53.417 [info] > git for-each-ref --format=%(refname)%00%(upstream:short)%00%(objectname)%00%(upstream:track)%00%(upstream:remotename)%00%(upstream:remoteref) refs/heads/main refs/remotes/main [1ms]
2023-08-13 21:24:53.426 [info] > git status -z -uall [6ms]
2023-08-13 21:24:58.445 [info] > git config --get commit.template [0ms]
2023-08-13 21:24:58.448 [info] > git for-each-ref --format=%(refname)%00%(upstream:short)%00%(objectname)%00%(upstream:track)%00%(upstream:remotename)%00%(upstream:remoteref) refs/heads/main refs/remotes/main [0ms]
2023-08-13 21:24:58.456 [info] > git status -z -uall [5ms]
2023-08-13 21:25:03.475 [info] > git config --get commit.template [3ms]
2023-08-13 21:25:03.475 [info] > git for-each-ref --format=%(refname)%00%(upstream:short)%00%(objectname)%00%(upstream:track)%00%(upstream:remotename)%00%(upstream:remoteref) refs/heads/main refs/remotes/main [1ms]
2023-08-13 21:25:03.482 [info] > git status -z -uall [5ms]
2023-08-13 21:25:08.504 [info] > git config --get commit.template [0ms]
2023-08-13 21:25:08.510 [info] > git for-each-ref --format=%(refname)%00%(upstream:short)%00%(objectname)%00%(upstream:track)%00%(upstream:remotename)%00%(upstream:remoteref) refs/heads/main refs/remotes/main [1ms]
2023-08-13 21:25:08.519 [info] > git status -z -uall [5ms]
